[0.010s] Invoking command in '/home/nambiar/ublox_ws/build/ublox_msgs': AMENT_PREFIX_PATH=/home/nambiar/ublox_ws/install/ublox_serialization:${AMENT_PREFIX_PATH} CMAKE_PREFIX_PATH=/home/nambiar/ublox_ws/install/ublox_serialization:/opt/ros/humble /usr/bin/cmake --build /home/nambiar/ublox_ws/build/ublox_msgs -- -j12 -l12
[0.144s] [  0%] Built target ublox_msgs__cpp
[0.146s] [  0%] Built target ament_cmake_python_copy_ublox_msgs
[0.161s] [ 12%] Built target ublox_msgs__rosidl_generator_c
[0.179s] [35m[1mConsolidate compiler generated dependencies of target ublox_msgs__rosidl_typesupport_cpp[0m
[0.180s] [35m[1mConsolidate compiler generated dependencies of target ublox_msgs__rosidl_typesupport_introspection_cpp[0m
[0.187s] [35m[1mConsolidate compiler generated dependencies of target ublox_msgs__rosidl_typesupport_c[0m
[0.187s] [35m[1mConsolidate compiler generated dependencies of target ublox_msgs__rosidl_typesupport_fastrtps_cpp[0m
[0.189s] [35m[1mConsolidate compiler generated dependencies of target ublox_msgs__rosidl_typesupport_introspection_c[0m
[0.212s] [35m[1mConsolidate compiler generated dependencies of target ublox_msgs__rosidl_typesupport_fastrtps_c[0m
[0.215s] [ 25%] Built target ublox_msgs__rosidl_typesupport_c
[0.227s] [ 38%] Built target ublox_msgs__rosidl_typesupport_introspection_c
[0.242s] [ 50%] Built target ublox_msgs__rosidl_typesupport_cpp
[0.249s] [ 62%] Built target ublox_msgs__rosidl_typesupport_introspection_cpp
[0.282s] [ 74%] Built target ublox_msgs__rosidl_typesupport_fastrtps_cpp
[0.297s] [ 87%] Built target ublox_msgs__rosidl_typesupport_fastrtps_c
[0.327s] [ 87%] Built target ublox_msgs
[0.356s] [ 87%] [32mBuilding CXX object CMakeFiles/ublox_msgs_lib.dir/src/ublox_msgs.cpp.o[0m
[0.358s] [ 87%] [34m[1mGenerating Python code for ROS interfaces[0m
[0.421s] running egg_info
[0.442s] writing ublox_msgs.egg-info/PKG-INFO
[0.443s] writing dependency_links to ublox_msgs.egg-info/dependency_links.txt
[0.443s] writing top-level names to ublox_msgs.egg-info/top_level.txt
[0.504s] reading manifest file 'ublox_msgs.egg-info/SOURCES.txt'
[0.523s] Traceback (most recent call last):
[0.523s]   File "/home/nambiar/ublox_ws/build/ublox_msgs/ament_cmake_python/ublox_msgs/setup.py", line 4, in <module>
[0.523s]     setup(
[0.523s]   File "/home/nambiar/.local/lib/python3.10/site-packages/setuptools/__init__.py", line 117, in setup
[0.524s]     return distutils.core.setup(**attrs)
[0.524s]   File "/home/nambiar/.local/lib/python3.10/site-packages/setuptools/_distutils/core.py", line 183, in setup
[0.524s]     return run_commands(dist)
[0.524s]   File "/home/nambiar/.local/lib/python3.10/site-packages/setuptools/_distutils/core.py", line 199, in run_commands
[0.524s]     dist.run_commands()
[0.524s]   File "/home/nambiar/.local/lib/python3.10/site-packages/setuptools/_distutils/dist.py", line 954, in run_commands
[0.525s]     self.run_command(cmd)
[0.525s]   File "/home/nambiar/.local/lib/python3.10/site-packages/setuptools/dist.py", line 950, in run_command
[0.525s]     super().run_command(command)
[0.525s]   File "/home/nambiar/.local/lib/python3.10/site-packages/setuptools/_distutils/dist.py", line 973, in run_command
[0.525s]     cmd_obj.run()
[0.525s]   File "/home/nambiar/.local/lib/python3.10/site-packages/setuptools/command/egg_info.py", line 311, in run
[0.525s]     self.find_sources()
[0.525s]   File "/home/nambiar/.local/lib/python3.10/site-packages/setuptools/command/egg_info.py", line 319, in find_sources
[0.525s]     mm.run()
[0.525s]   File "/home/nambiar/.local/lib/python3.10/site-packages/setuptools/command/egg_info.py", line 545, in run
[0.525s]     self.prune_file_list()
[0.526s]   File "/home/nambiar/.local/lib/python3.10/site-packages/setuptools/command/sdist.py", line 161, in prune_file_list
[0.526s]     super().prune_file_list()
[0.526s]   File "/home/nambiar/.local/lib/python3.10/site-packages/setuptools/_distutils/command/sdist.py", line 380, in prune_file_list
[0.526s]     base_dir = self.distribution.get_fullname()
[0.526s]   File "/home/nambiar/.local/lib/python3.10/site-packages/setuptools/_core_metadata.py", line 267, in get_fullname
[0.526s]     return _distribution_fullname(self.get_name(), self.get_version())
[0.526s]   File "/home/nambiar/.local/lib/python3.10/site-packages/setuptools/_core_metadata.py", line 285, in _distribution_fullname
[0.526s]     canonicalize_version(version, strip_trailing_zero=False),
[0.526s] TypeError: canonicalize_version() got an unexpected keyword argument 'strip_trailing_zero'
[0.553s] gmake[2]: *** [CMakeFiles/ament_cmake_python_build_ublox_msgs_egg.dir/build.make:70: CMakeFiles/ament_cmake_python_build_ublox_msgs_egg] Error 1
[0.554s] gmake[1]: *** [CMakeFiles/Makefile2:449: CMakeFiles/ament_cmake_python_build_ublox_msgs_egg.dir/all] Error 2
[0.554s] gmake[1]: *** Waiting for unfinished jobs....
[2.844s] [ 88%] [32m[1mLinking CXX shared library libublox_msgs_lib.so[0m
[2.960s] [ 88%] Built target ublox_msgs_lib
[30.808s] [ 88%] Built target ublox_msgs__py
[30.809s] gmake: *** [Makefile:146: all] Error 2
[30.812s] Invoked command in '/home/nambiar/ublox_ws/build/ublox_msgs' returned '2': AMENT_PREFIX_PATH=/home/nambiar/ublox_ws/install/ublox_serialization:${AMENT_PREFIX_PATH} CMAKE_PREFIX_PATH=/home/nambiar/ublox_ws/install/ublox_serialization:/opt/ros/humble /usr/bin/cmake --build /home/nambiar/ublox_ws/build/ublox_msgs -- -j12 -l12
