[0.125s] DEBUG:colcon:Command line arguments: ['/usr/bin/colcon', 'build']
[0.125s] DEBUG:colcon:Parsed command line arguments: Namespace(log_base=None, log_level=None, verb_name='build', build_base='build', install_base='install', merge_install=False, symlink_install=False, test_result_base=None, continue_on_error=False, executor='parallel', parallel_workers=12, event_handlers=None, ignore_user_meta=False, metas=['./colcon.meta'], base_paths=['.'], packages_ignore=None, packages_ignore_regex=None, paths=None, packages_up_to=None, packages_up_to_regex=None, packages_above=None, packages_above_and_dependencies=None, packages_above_depth=None, packages_select_by_dep=None, packages_skip_by_dep=None, packages_skip_up_to=None, packages_select_build_failed=False, packages_skip_build_finished=False, packages_select_test_failures=False, packages_skip_test_passed=False, packages_select=None, packages_skip=None, packages_select_regex=None, packages_skip_regex=None, packages_start=None, packages_end=None, allow_overriding=[], cmake_args=None, cmake_target=None, cmake_target_skip_unavailable=False, cmake_clean_cache=False, cmake_clean_first=False, cmake_force_configure=False, ament_cmake_args=None, catkin_cmake_args=None, catkin_skip_building_tests=False, mixin_files=None, mixin=None, verb_parser=<colcon_mixin.mixin.mixin_argument.MixinArgumentDecorator object at 0x7c729dc3b970>, verb_extension=<colcon_core.verb.build.BuildVerb object at 0x7c729dd4ff40>, main=<bound method BuildVerb.main of <colcon_core.verb.build.BuildVerb object at 0x7c729dd4ff40>>, mixin_verb=('build',))
[0.361s] Level 1:colcon.colcon_core.package_discovery:discover_packages(colcon_meta) check parameters
[0.362s] Level 1:colcon.colcon_core.package_discovery:discover_packages(recursive) check parameters
[0.362s] Level 1:colcon.colcon_core.package_discovery:discover_packages(ignore) check parameters
[0.362s] Level 1:colcon.colcon_core.package_discovery:discover_packages(path) check parameters
[0.362s] Level 1:colcon.colcon_core.package_discovery:discover_packages(colcon_meta) discover
[0.362s] Level 1:colcon.colcon_core.package_discovery:discover_packages(recursive) discover
[0.362s] INFO:colcon.colcon_core.package_discovery:Crawling recursively for packages in '/home/nambiar/ublox_ws'
[0.362s] Level 1:colcon.colcon_core.package_identification:_identify(.) by extensions ['ignore', 'ignore_ament_install']
[0.362s] Level 1:colcon.colcon_core.package_identification:_identify(.) by extension 'ignore'
[0.362s] Level 1:colcon.colcon_core.package_identification:_identify(.) by extension 'ignore_ament_install'
[0.362s] Level 1:colcon.colcon_core.package_identification:_identify(.) by extensions ['colcon_pkg']
[0.362s] Level 1:colcon.colcon_core.package_identification:_identify(.) by extension 'colcon_pkg'
[0.362s] Level 1:colcon.colcon_core.package_identification:_identify(.) by extensions ['colcon_meta']
[0.362s] Level 1:colcon.colcon_core.package_identification:_identify(.) by extension 'colcon_meta'
[0.362s] Level 1:colcon.colcon_core.package_identification:_identify(.) by extensions ['ros']
[0.362s] Level 1:colcon.colcon_core.package_identification:_identify(.) by extension 'ros'
[0.374s] Level 1:colcon.colcon_core.package_identification:_identify(.) by extensions ['cmake', 'python']
[0.374s] Level 1:colcon.colcon_core.package_identification:_identify(.) by extension 'cmake'
[0.374s] Level 1:colcon.colcon_core.package_identification:_identify(.) by extension 'python'
[0.374s] Level 1:colcon.colcon_core.package_identification:_identify(.) by extensions ['python_setup_py']
[0.374s] Level 1:colcon.colcon_core.package_identification:_identify(.) by extension 'python_setup_py'
[0.374s] Level 1:colcon.colcon_core.package_identification:_identify(build) by extensions ['ignore', 'ignore_ament_install']
[0.374s] Level 1:colcon.colcon_core.package_identification:_identify(build) by extension 'ignore'
[0.374s] Level 1:colcon.colcon_core.package_identification:_identify(build) ignored
[0.375s] Level 1:colcon.colcon_core.package_identification:_identify(install) by extensions ['ignore', 'ignore_ament_install']
[0.375s] Level 1:colcon.colcon_core.package_identification:_identify(install) by extension 'ignore'
[0.375s] Level 1:colcon.colcon_core.package_identification:_identify(install) ignored
[0.375s] Level 1:colcon.colcon_core.package_identification:_identify(log) by extensions ['ignore', 'ignore_ament_install']
[0.375s] Level 1:colcon.colcon_core.package_identification:_identify(log) by extension 'ignore'
[0.375s] Level 1:colcon.colcon_core.package_identification:_identify(log) ignored
[0.375s] Level 1:colcon.colcon_core.package_identification:_identify(src) by extensions ['ignore', 'ignore_ament_install']
[0.375s] Level 1:colcon.colcon_core.package_identification:_identify(src) by extension 'ignore'
[0.375s] Level 1:colcon.colcon_core.package_identification:_identify(src) by extension 'ignore_ament_install'
[0.375s] Level 1:colcon.colcon_core.package_identification:_identify(src) by extensions ['colcon_pkg']
[0.375s] Level 1:colcon.colcon_core.package_identification:_identify(src) by extension 'colcon_pkg'
[0.375s] Level 1:colcon.colcon_core.package_identification:_identify(src) by extensions ['colcon_meta']
[0.375s] Level 1:colcon.colcon_core.package_identification:_identify(src) by extension 'colcon_meta'
[0.375s] Level 1:colcon.colcon_core.package_identification:_identify(src) by extensions ['ros']
[0.375s] Level 1:colcon.colcon_core.package_identification:_identify(src) by extension 'ros'
[0.376s] Level 1:colcon.colcon_core.package_identification:_identify(src) by extensions ['cmake', 'python']
[0.376s] Level 1:colcon.colcon_core.package_identification:_identify(src) by extension 'cmake'
[0.376s] Level 1:colcon.colcon_core.package_identification:_identify(src) by extension 'python'
[0.376s] Level 1:colcon.colcon_core.package_identification:_identify(src) by extensions ['python_setup_py']
[0.376s] Level 1:colcon.colcon_core.package_identification:_identify(src) by extension 'python_setup_py'
[0.376s] Level 1:colcon.colcon_core.package_identification:_identify(src/ros2-ublox-zedf9p) by extensions ['ignore', 'ignore_ament_install']
[0.376s] Level 1:colcon.colcon_core.package_identification:_identify(src/ros2-ublox-zedf9p) by extension 'ignore'
[0.376s] Level 1:colcon.colcon_core.package_identification:_identify(src/ros2-ublox-zedf9p) by extension 'ignore_ament_install'
[0.376s] Level 1:colcon.colcon_core.package_identification:_identify(src/ros2-ublox-zedf9p) by extensions ['colcon_pkg']
[0.376s] Level 1:colcon.colcon_core.package_identification:_identify(src/ros2-ublox-zedf9p) by extension 'colcon_pkg'
[0.376s] Level 1:colcon.colcon_core.package_identification:_identify(src/ros2-ublox-zedf9p) by extensions ['colcon_meta']
[0.376s] Level 1:colcon.colcon_core.package_identification:_identify(src/ros2-ublox-zedf9p) by extension 'colcon_meta'
[0.376s] Level 1:colcon.colcon_core.package_identification:_identify(src/ros2-ublox-zedf9p) by extensions ['ros']
[0.376s] Level 1:colcon.colcon_core.package_identification:_identify(src/ros2-ublox-zedf9p) by extension 'ros'
[0.376s] Level 1:colcon.colcon_core.package_identification:_identify(src/ros2-ublox-zedf9p) by extensions ['cmake', 'python']
[0.376s] Level 1:colcon.colcon_core.package_identification:_identify(src/ros2-ublox-zedf9p) by extension 'cmake'
[0.376s] Level 1:colcon.colcon_core.package_identification:_identify(src/ros2-ublox-zedf9p) by extension 'python'
[0.376s] Level 1:colcon.colcon_core.package_identification:_identify(src/ros2-ublox-zedf9p) by extensions ['python_setup_py']
[0.376s] Level 1:colcon.colcon_core.package_identification:_identify(src/ros2-ublox-zedf9p) by extension 'python_setup_py'
[0.377s] Level 1:colcon.colcon_core.package_identification:_identify(src/ros2-ublox-zedf9p/pics) by extensions ['ignore', 'ignore_ament_install']
[0.377s] Level 1:colcon.colcon_core.package_identification:_identify(src/ros2-ublox-zedf9p/pics) by extension 'ignore'
[0.377s] Level 1:colcon.colcon_core.package_identification:_identify(src/ros2-ublox-zedf9p/pics) by extension 'ignore_ament_install'
[0.377s] Level 1:colcon.colcon_core.package_identification:_identify(src/ros2-ublox-zedf9p/pics) by extensions ['colcon_pkg']
[0.377s] Level 1:colcon.colcon_core.package_identification:_identify(src/ros2-ublox-zedf9p/pics) by extension 'colcon_pkg'
[0.377s] Level 1:colcon.colcon_core.package_identification:_identify(src/ros2-ublox-zedf9p/pics) by extensions ['colcon_meta']
[0.377s] Level 1:colcon.colcon_core.package_identification:_identify(src/ros2-ublox-zedf9p/pics) by extension 'colcon_meta'
[0.377s] Level 1:colcon.colcon_core.package_identification:_identify(src/ros2-ublox-zedf9p/pics) by extensions ['ros']
[0.377s] Level 1:colcon.colcon_core.package_identification:_identify(src/ros2-ublox-zedf9p/pics) by extension 'ros'
[0.377s] Level 1:colcon.colcon_core.package_identification:_identify(src/ros2-ublox-zedf9p/pics) by extensions ['cmake', 'python']
[0.377s] Level 1:colcon.colcon_core.package_identification:_identify(src/ros2-ublox-zedf9p/pics) by extension 'cmake'
[0.377s] Level 1:colcon.colcon_core.package_identification:_identify(src/ros2-ublox-zedf9p/pics) by extension 'python'
[0.377s] Level 1:colcon.colcon_core.package_identification:_identify(src/ros2-ublox-zedf9p/pics) by extensions ['python_setup_py']
[0.377s] Level 1:colcon.colcon_core.package_identification:_identify(src/ros2-ublox-zedf9p/pics) by extension 'python_setup_py'
[0.377s] Level 1:colcon.colcon_core.package_identification:_identify(src/ros2-ublox-zedf9p/ublox) by extensions ['ignore', 'ignore_ament_install']
[0.377s] Level 1:colcon.colcon_core.package_identification:_identify(src/ros2-ublox-zedf9p/ublox) by extension 'ignore'
[0.377s] Level 1:colcon.colcon_core.package_identification:_identify(src/ros2-ublox-zedf9p/ublox) by extension 'ignore_ament_install'
[0.378s] Level 1:colcon.colcon_core.package_identification:_identify(src/ros2-ublox-zedf9p/ublox) by extensions ['colcon_pkg']
[0.378s] Level 1:colcon.colcon_core.package_identification:_identify(src/ros2-ublox-zedf9p/ublox) by extension 'colcon_pkg'
[0.378s] Level 1:colcon.colcon_core.package_identification:_identify(src/ros2-ublox-zedf9p/ublox) by extensions ['colcon_meta']
[0.378s] Level 1:colcon.colcon_core.package_identification:_identify(src/ros2-ublox-zedf9p/ublox) by extension 'colcon_meta'
[0.378s] Level 1:colcon.colcon_core.package_identification:_identify(src/ros2-ublox-zedf9p/ublox) by extensions ['ros']
[0.378s] Level 1:colcon.colcon_core.package_identification:_identify(src/ros2-ublox-zedf9p/ublox) by extension 'ros'
[0.381s] DEBUG:colcon.colcon_core.package_identification:Package 'src/ros2-ublox-zedf9p/ublox' with type 'ros.ament_cmake' and name 'ublox'
[0.381s] Level 1:colcon.colcon_core.package_identification:_identify(src/ros2-ublox-zedf9p/ublox_gps) by extensions ['ignore', 'ignore_ament_install']
[0.381s] Level 1:colcon.colcon_core.package_identification:_identify(src/ros2-ublox-zedf9p/ublox_gps) by extension 'ignore'
[0.381s] Level 1:colcon.colcon_core.package_identification:_identify(src/ros2-ublox-zedf9p/ublox_gps) by extension 'ignore_ament_install'
[0.381s] Level 1:colcon.colcon_core.package_identification:_identify(src/ros2-ublox-zedf9p/ublox_gps) by extensions ['colcon_pkg']
[0.381s] Level 1:colcon.colcon_core.package_identification:_identify(src/ros2-ublox-zedf9p/ublox_gps) by extension 'colcon_pkg'
[0.381s] Level 1:colcon.colcon_core.package_identification:_identify(src/ros2-ublox-zedf9p/ublox_gps) by extensions ['colcon_meta']
[0.381s] Level 1:colcon.colcon_core.package_identification:_identify(src/ros2-ublox-zedf9p/ublox_gps) by extension 'colcon_meta'
[0.381s] Level 1:colcon.colcon_core.package_identification:_identify(src/ros2-ublox-zedf9p/ublox_gps) by extensions ['ros']
[0.381s] Level 1:colcon.colcon_core.package_identification:_identify(src/ros2-ublox-zedf9p/ublox_gps) by extension 'ros'
[0.383s] DEBUG:colcon.colcon_core.package_identification:Package 'src/ros2-ublox-zedf9p/ublox_gps' with type 'ros.ament_cmake' and name 'ublox_gps'
[0.383s] Level 1:colcon.colcon_core.package_identification:_identify(src/ros2-ublox-zedf9p/ublox_msgs) by extensions ['ignore', 'ignore_ament_install']
[0.383s] Level 1:colcon.colcon_core.package_identification:_identify(src/ros2-ublox-zedf9p/ublox_msgs) by extension 'ignore'
[0.383s] Level 1:colcon.colcon_core.package_identification:_identify(src/ros2-ublox-zedf9p/ublox_msgs) by extension 'ignore_ament_install'
[0.383s] Level 1:colcon.colcon_core.package_identification:_identify(src/ros2-ublox-zedf9p/ublox_msgs) by extensions ['colcon_pkg']
[0.383s] Level 1:colcon.colcon_core.package_identification:_identify(src/ros2-ublox-zedf9p/ublox_msgs) by extension 'colcon_pkg'
[0.383s] Level 1:colcon.colcon_core.package_identification:_identify(src/ros2-ublox-zedf9p/ublox_msgs) by extensions ['colcon_meta']
[0.383s] Level 1:colcon.colcon_core.package_identification:_identify(src/ros2-ublox-zedf9p/ublox_msgs) by extension 'colcon_meta'
[0.383s] Level 1:colcon.colcon_core.package_identification:_identify(src/ros2-ublox-zedf9p/ublox_msgs) by extensions ['ros']
[0.383s] Level 1:colcon.colcon_core.package_identification:_identify(src/ros2-ublox-zedf9p/ublox_msgs) by extension 'ros'
[0.384s] DEBUG:colcon.colcon_core.package_identification:Package 'src/ros2-ublox-zedf9p/ublox_msgs' with type 'ros.ament_cmake' and name 'ublox_msgs'
[0.384s] Level 1:colcon.colcon_core.package_identification:_identify(src/ros2-ublox-zedf9p/ublox_serialization) by extensions ['ignore', 'ignore_ament_install']
[0.385s] Level 1:colcon.colcon_core.package_identification:_identify(src/ros2-ublox-zedf9p/ublox_serialization) by extension 'ignore'
[0.385s] Level 1:colcon.colcon_core.package_identification:_identify(src/ros2-ublox-zedf9p/ublox_serialization) by extension 'ignore_ament_install'
[0.385s] Level 1:colcon.colcon_core.package_identification:_identify(src/ros2-ublox-zedf9p/ublox_serialization) by extensions ['colcon_pkg']
[0.385s] Level 1:colcon.colcon_core.package_identification:_identify(src/ros2-ublox-zedf9p/ublox_serialization) by extension 'colcon_pkg'
[0.385s] Level 1:colcon.colcon_core.package_identification:_identify(src/ros2-ublox-zedf9p/ublox_serialization) by extensions ['colcon_meta']
[0.385s] Level 1:colcon.colcon_core.package_identification:_identify(src/ros2-ublox-zedf9p/ublox_serialization) by extension 'colcon_meta'
[0.385s] Level 1:colcon.colcon_core.package_identification:_identify(src/ros2-ublox-zedf9p/ublox_serialization) by extensions ['ros']
[0.385s] Level 1:colcon.colcon_core.package_identification:_identify(src/ros2-ublox-zedf9p/ublox_serialization) by extension 'ros'
[0.385s] DEBUG:colcon.colcon_core.package_identification:Package 'src/ros2-ublox-zedf9p/ublox_serialization' with type 'ros.ament_cmake' and name 'ublox_serialization'
[0.385s] Level 1:colcon.colcon_core.package_discovery:discover_packages(recursive) using defaults
[0.386s] Level 1:colcon.colcon_core.package_discovery:discover_packages(ignore) discover
[0.386s] Level 1:colcon.colcon_core.package_discovery:discover_packages(ignore) using defaults
[0.386s] Level 1:colcon.colcon_core.package_discovery:discover_packages(path) discover
[0.386s] Level 1:colcon.colcon_core.package_discovery:discover_packages(path) using defaults
[0.407s] Level 1:colcon.colcon_core.package_discovery:discover_packages(prefix_path) check parameters
[0.407s] Level 1:colcon.colcon_core.package_discovery:discover_packages(prefix_path) discover
[0.409s] DEBUG:colcon.colcon_installed_package_information.package_discovery:Found 4 installed packages in /home/nambiar/ublox_ws/install
[0.411s] DEBUG:colcon.colcon_installed_package_information.package_discovery:Found 286 installed packages in /opt/ros/humble
[0.413s] Level 1:colcon.colcon_core.package_discovery:discover_packages(prefix_path) using defaults
[0.454s] Level 5:colcon.colcon_core.verb:set package 'ublox_serialization' build argument 'cmake_args' from command line to 'None'
[0.454s] Level 5:colcon.colcon_core.verb:set package 'ublox_serialization' build argument 'cmake_target' from command line to 'None'
[0.454s] Level 5:colcon.colcon_core.verb:set package 'ublox_serialization' build argument 'cmake_target_skip_unavailable' from command line to 'False'
[0.454s] Level 5:colcon.colcon_core.verb:set package 'ublox_serialization' build argument 'cmake_clean_cache' from command line to 'False'
[0.455s] Level 5:colcon.colcon_core.verb:set package 'ublox_serialization' build argument 'cmake_clean_first' from command line to 'False'
[0.455s] Level 5:colcon.colcon_core.verb:set package 'ublox_serialization' build argument 'cmake_force_configure' from command line to 'False'
[0.455s] Level 5:colcon.colcon_core.verb:set package 'ublox_serialization' build argument 'ament_cmake_args' from command line to 'None'
[0.455s] Level 5:colcon.colcon_core.verb:set package 'ublox_serialization' build argument 'catkin_cmake_args' from command line to 'None'
[0.455s] Level 5:colcon.colcon_core.verb:set package 'ublox_serialization' build argument 'catkin_skip_building_tests' from command line to 'False'
[0.455s] DEBUG:colcon.colcon_core.verb:Building package 'ublox_serialization' with the following arguments: {'ament_cmake_args': None, 'build_base': '/home/nambiar/ublox_ws/build/ublox_serialization', 'catkin_cmake_args': None, 'catkin_skip_building_tests': False, 'cmake_args': None, 'cmake_clean_cache': False, 'cmake_clean_first': False, 'cmake_force_configure': False, 'cmake_target': None, 'cmake_target_skip_unavailable': False, 'install_base': '/home/nambiar/ublox_ws/install/ublox_serialization', 'merge_install': False, 'path': '/home/nambiar/ublox_ws/src/ros2-ublox-zedf9p/ublox_serialization', 'symlink_install': False, 'test_result_base': None}
[0.455s] Level 5:colcon.colcon_core.verb:set package 'ublox_msgs' build argument 'cmake_args' from command line to 'None'
[0.455s] Level 5:colcon.colcon_core.verb:set package 'ublox_msgs' build argument 'cmake_target' from command line to 'None'
[0.455s] Level 5:colcon.colcon_core.verb:set package 'ublox_msgs' build argument 'cmake_target_skip_unavailable' from command line to 'False'
[0.455s] Level 5:colcon.colcon_core.verb:set package 'ublox_msgs' build argument 'cmake_clean_cache' from command line to 'False'
[0.455s] Level 5:colcon.colcon_core.verb:set package 'ublox_msgs' build argument 'cmake_clean_first' from command line to 'False'
[0.455s] Level 5:colcon.colcon_core.verb:set package 'ublox_msgs' build argument 'cmake_force_configure' from command line to 'False'
[0.455s] Level 5:colcon.colcon_core.verb:set package 'ublox_msgs' build argument 'ament_cmake_args' from command line to 'None'
[0.455s] Level 5:colcon.colcon_core.verb:set package 'ublox_msgs' build argument 'catkin_cmake_args' from command line to 'None'
[0.455s] Level 5:colcon.colcon_core.verb:set package 'ublox_msgs' build argument 'catkin_skip_building_tests' from command line to 'False'
[0.455s] DEBUG:colcon.colcon_core.verb:Building package 'ublox_msgs' with the following arguments: {'ament_cmake_args': None, 'build_base': '/home/nambiar/ublox_ws/build/ublox_msgs', 'catkin_cmake_args': None, 'catkin_skip_building_tests': False, 'cmake_args': None, 'cmake_clean_cache': False, 'cmake_clean_first': False, 'cmake_force_configure': False, 'cmake_target': None, 'cmake_target_skip_unavailable': False, 'install_base': '/home/nambiar/ublox_ws/install/ublox_msgs', 'merge_install': False, 'path': '/home/nambiar/ublox_ws/src/ros2-ublox-zedf9p/ublox_msgs', 'symlink_install': False, 'test_result_base': None}
[0.456s] Level 5:colcon.colcon_core.verb:set package 'ublox_gps' build argument 'cmake_args' from command line to 'None'
[0.456s] Level 5:colcon.colcon_core.verb:set package 'ublox_gps' build argument 'cmake_target' from command line to 'None'
[0.456s] Level 5:colcon.colcon_core.verb:set package 'ublox_gps' build argument 'cmake_target_skip_unavailable' from command line to 'False'
[0.456s] Level 5:colcon.colcon_core.verb:set package 'ublox_gps' build argument 'cmake_clean_cache' from command line to 'False'
[0.456s] Level 5:colcon.colcon_core.verb:set package 'ublox_gps' build argument 'cmake_clean_first' from command line to 'False'
[0.456s] Level 5:colcon.colcon_core.verb:set package 'ublox_gps' build argument 'cmake_force_configure' from command line to 'False'
[0.456s] Level 5:colcon.colcon_core.verb:set package 'ublox_gps' build argument 'ament_cmake_args' from command line to 'None'
[0.456s] Level 5:colcon.colcon_core.verb:set package 'ublox_gps' build argument 'catkin_cmake_args' from command line to 'None'
[0.456s] Level 5:colcon.colcon_core.verb:set package 'ublox_gps' build argument 'catkin_skip_building_tests' from command line to 'False'
[0.456s] DEBUG:colcon.colcon_core.verb:Building package 'ublox_gps' with the following arguments: {'ament_cmake_args': None, 'build_base': '/home/nambiar/ublox_ws/build/ublox_gps', 'catkin_cmake_args': None, 'catkin_skip_building_tests': False, 'cmake_args': None, 'cmake_clean_cache': False, 'cmake_clean_first': False, 'cmake_force_configure': False, 'cmake_target': None, 'cmake_target_skip_unavailable': False, 'install_base': '/home/nambiar/ublox_ws/install/ublox_gps', 'merge_install': False, 'path': '/home/nambiar/ublox_ws/src/ros2-ublox-zedf9p/ublox_gps', 'symlink_install': False, 'test_result_base': None}
[0.456s] Level 5:colcon.colcon_core.verb:set package 'ublox' build argument 'cmake_args' from command line to 'None'
[0.456s] Level 5:colcon.colcon_core.verb:set package 'ublox' build argument 'cmake_target' from command line to 'None'
[0.456s] Level 5:colcon.colcon_core.verb:set package 'ublox' build argument 'cmake_target_skip_unavailable' from command line to 'False'
[0.456s] Level 5:colcon.colcon_core.verb:set package 'ublox' build argument 'cmake_clean_cache' from command line to 'False'
[0.456s] Level 5:colcon.colcon_core.verb:set package 'ublox' build argument 'cmake_clean_first' from command line to 'False'
[0.456s] Level 5:colcon.colcon_core.verb:set package 'ublox' build argument 'cmake_force_configure' from command line to 'False'
[0.456s] Level 5:colcon.colcon_core.verb:set package 'ublox' build argument 'ament_cmake_args' from command line to 'None'
[0.456s] Level 5:colcon.colcon_core.verb:set package 'ublox' build argument 'catkin_cmake_args' from command line to 'None'
[0.456s] Level 5:colcon.colcon_core.verb:set package 'ublox' build argument 'catkin_skip_building_tests' from command line to 'False'
[0.457s] DEBUG:colcon.colcon_core.verb:Building package 'ublox' with the following arguments: {'ament_cmake_args': None, 'build_base': '/home/nambiar/ublox_ws/build/ublox', 'catkin_cmake_args': None, 'catkin_skip_building_tests': False, 'cmake_args': None, 'cmake_clean_cache': False, 'cmake_clean_first': False, 'cmake_force_configure': False, 'cmake_target': None, 'cmake_target_skip_unavailable': False, 'install_base': '/home/nambiar/ublox_ws/install/ublox', 'merge_install': False, 'path': '/home/nambiar/ublox_ws/src/ros2-ublox-zedf9p/ublox', 'symlink_install': False, 'test_result_base': None}
[0.457s] INFO:colcon.colcon_core.executor:Executing jobs using 'parallel' executor
[0.458s] DEBUG:colcon.colcon_parallel_executor.executor.parallel:run_until_complete
[0.458s] INFO:colcon.colcon_ros.task.ament_cmake.build:Building ROS package in '/home/nambiar/ublox_ws/src/ros2-ublox-zedf9p/ublox_serialization' with build type 'ament_cmake'
[0.458s] INFO:colcon.colcon_cmake.task.cmake.build:Building CMake package in '/home/nambiar/ublox_ws/src/ros2-ublox-zedf9p/ublox_serialization'
[0.460s] INFO:colcon.colcon_core.plugin_system:Skipping extension 'colcon_core.shell.bat': Not used on non-Windows systems
[0.461s] INFO:colcon.colcon_core.shell:Skip shell extension 'powershell' for command environment: Not usable outside of PowerShell
[0.461s] DEBUG:colcon.colcon_core.shell:Skip shell extension 'dsv' for command environment
[0.473s] DEBUG:colcon.colcon_core.event_handler.log_command:Invoking command in '/home/nambiar/ublox_ws/build/ublox_serialization': CMAKE_PREFIX_PATH=${CMAKE_PREFIX_PATH}:/opt/ros/humble /usr/bin/cmake --build /home/nambiar/ublox_ws/build/ublox_serialization -- -j12 -l12
[0.526s] DEBUG:colcon.colcon_core.event_handler.log_command:Invoked command in '/home/nambiar/ublox_ws/build/ublox_serialization' returned '0': CMAKE_PREFIX_PATH=${CMAKE_PREFIX_PATH}:/opt/ros/humble /usr/bin/cmake --build /home/nambiar/ublox_ws/build/ublox_serialization -- -j12 -l12
[0.576s] DEBUG:colcon.colcon_core.event_handler.log_command:Invoking command in '/home/nambiar/ublox_ws/build/ublox_serialization': CMAKE_PREFIX_PATH=${CMAKE_PREFIX_PATH}:/opt/ros/humble /usr/bin/cmake --install /home/nambiar/ublox_ws/build/ublox_serialization
[0.588s] Level 1:colcon.colcon_core.environment:create_environment_scripts_only(ublox_serialization)
[0.589s] DEBUG:colcon.colcon_core.event_handler.log_command:Invoked command in '/home/nambiar/ublox_ws/build/ublox_serialization' returned '0': CMAKE_PREFIX_PATH=${CMAKE_PREFIX_PATH}:/opt/ros/humble /usr/bin/cmake --install /home/nambiar/ublox_ws/build/ublox_serialization
[0.591s] Level 1:colcon.colcon_core.environment:checking '/home/nambiar/ublox_ws/install/ublox_serialization' for CMake module files
[0.592s] Level 1:colcon.colcon_core.environment:checking '/home/nambiar/ublox_ws/install/ublox_serialization' for CMake config files
[0.592s] Level 1:colcon.colcon_core.shell:create_environment_hook('ublox_serialization', 'cmake_prefix_path')
[0.592s] INFO:colcon.colcon_core.shell:Creating environment hook '/home/nambiar/ublox_ws/install/ublox_serialization/share/ublox_serialization/hook/cmake_prefix_path.ps1'
[0.593s] INFO:colcon.colcon_core.shell:Creating environment descriptor '/home/nambiar/ublox_ws/install/ublox_serialization/share/ublox_serialization/hook/cmake_prefix_path.dsv'
[0.593s] INFO:colcon.colcon_core.shell:Creating environment hook '/home/nambiar/ublox_ws/install/ublox_serialization/share/ublox_serialization/hook/cmake_prefix_path.sh'
[0.594s] Level 1:colcon.colcon_core.environment:checking '/home/nambiar/ublox_ws/install/ublox_serialization/bin'
[0.594s] Level 1:colcon.colcon_core.environment:checking '/home/nambiar/ublox_ws/install/ublox_serialization/lib/pkgconfig/ublox_serialization.pc'
[0.595s] Level 1:colcon.colcon_core.environment:checking '/home/nambiar/ublox_ws/install/ublox_serialization/lib/python3.10/site-packages'
[0.595s] Level 1:colcon.colcon_core.environment:checking '/home/nambiar/ublox_ws/install/ublox_serialization/bin'
[0.595s] INFO:colcon.colcon_core.shell:Creating package script '/home/nambiar/ublox_ws/install/ublox_serialization/share/ublox_serialization/package.ps1'
[0.596s] INFO:colcon.colcon_core.shell:Creating package descriptor '/home/nambiar/ublox_ws/install/ublox_serialization/share/ublox_serialization/package.dsv'
[0.596s] INFO:colcon.colcon_core.shell:Creating package script '/home/nambiar/ublox_ws/install/ublox_serialization/share/ublox_serialization/package.sh'
[0.597s] INFO:colcon.colcon_core.shell:Creating package script '/home/nambiar/ublox_ws/install/ublox_serialization/share/ublox_serialization/package.bash'
[0.598s] INFO:colcon.colcon_core.shell:Creating package script '/home/nambiar/ublox_ws/install/ublox_serialization/share/ublox_serialization/package.zsh'
[0.599s] Level 1:colcon.colcon_core.environment:create_file_with_runtime_dependencies(/home/nambiar/ublox_ws/install/ublox_serialization/share/colcon-core/packages/ublox_serialization)
[0.637s] Level 1:colcon.colcon_core.environment:create_environment_scripts_only(ublox_serialization)
[0.637s] Level 1:colcon.colcon_core.environment:checking '/home/nambiar/ublox_ws/install/ublox_serialization' for CMake module files
[0.638s] Level 1:colcon.colcon_core.environment:checking '/home/nambiar/ublox_ws/install/ublox_serialization' for CMake config files
[0.638s] Level 1:colcon.colcon_core.shell:create_environment_hook('ublox_serialization', 'cmake_prefix_path')
[0.638s] INFO:colcon.colcon_core.shell:Creating environment hook '/home/nambiar/ublox_ws/install/ublox_serialization/share/ublox_serialization/hook/cmake_prefix_path.ps1'
[0.639s] INFO:colcon.colcon_core.shell:Creating environment descriptor '/home/nambiar/ublox_ws/install/ublox_serialization/share/ublox_serialization/hook/cmake_prefix_path.dsv'
[0.639s] INFO:colcon.colcon_core.shell:Creating environment hook '/home/nambiar/ublox_ws/install/ublox_serialization/share/ublox_serialization/hook/cmake_prefix_path.sh'
[0.640s] Level 1:colcon.colcon_core.environment:checking '/home/nambiar/ublox_ws/install/ublox_serialization/bin'
[0.640s] Level 1:colcon.colcon_core.environment:checking '/home/nambiar/ublox_ws/install/ublox_serialization/lib/pkgconfig/ublox_serialization.pc'
[0.640s] Level 1:colcon.colcon_core.environment:checking '/home/nambiar/ublox_ws/install/ublox_serialization/lib/python3.10/site-packages'
[0.640s] Level 1:colcon.colcon_core.environment:checking '/home/nambiar/ublox_ws/install/ublox_serialization/bin'
[0.641s] INFO:colcon.colcon_core.shell:Creating package script '/home/nambiar/ublox_ws/install/ublox_serialization/share/ublox_serialization/package.ps1'
[0.641s] INFO:colcon.colcon_core.shell:Creating package descriptor '/home/nambiar/ublox_ws/install/ublox_serialization/share/ublox_serialization/package.dsv'
[0.642s] INFO:colcon.colcon_core.shell:Creating package script '/home/nambiar/ublox_ws/install/ublox_serialization/share/ublox_serialization/package.sh'
[0.642s] INFO:colcon.colcon_core.shell:Creating package script '/home/nambiar/ublox_ws/install/ublox_serialization/share/ublox_serialization/package.bash'
[0.643s] INFO:colcon.colcon_core.shell:Creating package script '/home/nambiar/ublox_ws/install/ublox_serialization/share/ublox_serialization/package.zsh'
[0.643s] Level 1:colcon.colcon_core.environment:create_file_with_runtime_dependencies(/home/nambiar/ublox_ws/install/ublox_serialization/share/colcon-core/packages/ublox_serialization)
[0.644s] INFO:colcon.colcon_ros.task.ament_cmake.build:Building ROS package in '/home/nambiar/ublox_ws/src/ros2-ublox-zedf9p/ublox_msgs' with build type 'ament_cmake'
[0.644s] INFO:colcon.colcon_cmake.task.cmake.build:Building CMake package in '/home/nambiar/ublox_ws/src/ros2-ublox-zedf9p/ublox_msgs'
[0.644s] INFO:colcon.colcon_core.shell:Skip shell extension 'powershell' for command environment: Not usable outside of PowerShell
[0.644s] DEBUG:colcon.colcon_core.shell:Skip shell extension 'dsv' for command environment
[0.656s] DEBUG:colcon.colcon_core.event_handler.log_command:Invoking command in '/home/nambiar/ublox_ws/build/ublox_msgs': CMAKE_PREFIX_PATH=/home/nambiar/ublox_ws/install/ublox_serialization:/home/nambiar/ublox_ws/install/ublox:/home/nambiar/ublox_ws/install/ublox_gps:/home/nambiar/ublox_ws/install/ublox_msgs:/opt/ros/humble /usr/bin/cmake --build /home/nambiar/ublox_ws/build/ublox_msgs -- -j12 -l12
[1.209s] DEBUG:colcon.colcon_core.event_handler.log_command:Invoked command in '/home/nambiar/ublox_ws/build/ublox_msgs' returned '0': CMAKE_PREFIX_PATH=/home/nambiar/ublox_ws/install/ublox_serialization:/home/nambiar/ublox_ws/install/ublox:/home/nambiar/ublox_ws/install/ublox_gps:/home/nambiar/ublox_ws/install/ublox_msgs:/opt/ros/humble /usr/bin/cmake --build /home/nambiar/ublox_ws/build/ublox_msgs -- -j12 -l12
[4.492s] DEBUG:colcon.colcon_core.event_handler.log_command:Invoking command in '/home/nambiar/ublox_ws/build/ublox_msgs': CMAKE_PREFIX_PATH=/home/nambiar/ublox_ws/install/ublox_serialization:/home/nambiar/ublox_ws/install/ublox:/home/nambiar/ublox_ws/install/ublox_gps:/home/nambiar/ublox_ws/install/ublox_msgs:/opt/ros/humble /usr/bin/cmake --install /home/nambiar/ublox_ws/build/ublox_msgs
[4.648s] Level 1:colcon.colcon_core.environment:create_environment_scripts_only(ublox_msgs)
[4.648s] Level 1:colcon.colcon_core.environment:checking '/home/nambiar/ublox_ws/install/ublox_msgs' for CMake module files
[4.649s] DEBUG:colcon.colcon_core.event_handler.log_command:Invoked command in '/home/nambiar/ublox_ws/build/ublox_msgs' returned '0': CMAKE_PREFIX_PATH=/home/nambiar/ublox_ws/install/ublox_serialization:/home/nambiar/ublox_ws/install/ublox:/home/nambiar/ublox_ws/install/ublox_gps:/home/nambiar/ublox_ws/install/ublox_msgs:/opt/ros/humble /usr/bin/cmake --install /home/nambiar/ublox_ws/build/ublox_msgs
[4.650s] Level 1:colcon.colcon_core.environment:checking '/home/nambiar/ublox_ws/install/ublox_msgs' for CMake config files
[4.651s] Level 1:colcon.colcon_core.shell:create_environment_hook('ublox_msgs', 'cmake_prefix_path')
[4.652s] INFO:colcon.colcon_core.shell:Creating environment hook '/home/nambiar/ublox_ws/install/ublox_msgs/share/ublox_msgs/hook/cmake_prefix_path.ps1'
[4.652s] INFO:colcon.colcon_core.shell:Creating environment descriptor '/home/nambiar/ublox_ws/install/ublox_msgs/share/ublox_msgs/hook/cmake_prefix_path.dsv'
[4.653s] INFO:colcon.colcon_core.shell:Creating environment hook '/home/nambiar/ublox_ws/install/ublox_msgs/share/ublox_msgs/hook/cmake_prefix_path.sh'
[4.653s] Level 1:colcon.colcon_core.environment:checking '/home/nambiar/ublox_ws/install/ublox_msgs/lib'
[4.654s] Level 1:colcon.colcon_core.shell:create_environment_hook('ublox_msgs', 'ld_library_path_lib')
[4.654s] INFO:colcon.colcon_core.shell:Creating environment hook '/home/nambiar/ublox_ws/install/ublox_msgs/share/ublox_msgs/hook/ld_library_path_lib.ps1'
[4.654s] INFO:colcon.colcon_core.shell:Creating environment descriptor '/home/nambiar/ublox_ws/install/ublox_msgs/share/ublox_msgs/hook/ld_library_path_lib.dsv'
[4.655s] INFO:colcon.colcon_core.shell:Creating environment hook '/home/nambiar/ublox_ws/install/ublox_msgs/share/ublox_msgs/hook/ld_library_path_lib.sh'
[4.655s] Level 1:colcon.colcon_core.environment:checking '/home/nambiar/ublox_ws/install/ublox_msgs/bin'
[4.655s] Level 1:colcon.colcon_core.environment:checking '/home/nambiar/ublox_ws/install/ublox_msgs/lib/pkgconfig/ublox_msgs.pc'
[4.655s] Level 1:colcon.colcon_core.environment:checking '/home/nambiar/ublox_ws/install/ublox_msgs/lib/python3.10/site-packages'
[4.656s] Level 1:colcon.colcon_core.environment:checking '/home/nambiar/ublox_ws/install/ublox_msgs/bin'
[4.656s] INFO:colcon.colcon_core.shell:Creating package script '/home/nambiar/ublox_ws/install/ublox_msgs/share/ublox_msgs/package.ps1'
[4.656s] INFO:colcon.colcon_core.shell:Creating package descriptor '/home/nambiar/ublox_ws/install/ublox_msgs/share/ublox_msgs/package.dsv'
[4.657s] INFO:colcon.colcon_core.shell:Creating package script '/home/nambiar/ublox_ws/install/ublox_msgs/share/ublox_msgs/package.sh'
[4.657s] INFO:colcon.colcon_core.shell:Creating package script '/home/nambiar/ublox_ws/install/ublox_msgs/share/ublox_msgs/package.bash'
[4.658s] INFO:colcon.colcon_core.shell:Creating package script '/home/nambiar/ublox_ws/install/ublox_msgs/share/ublox_msgs/package.zsh'
[4.658s] Level 1:colcon.colcon_core.environment:create_file_with_runtime_dependencies(/home/nambiar/ublox_ws/install/ublox_msgs/share/colcon-core/packages/ublox_msgs)
[7.961s] Level 1:colcon.colcon_core.environment:create_environment_scripts_only(ublox_msgs)
[7.961s] Level 1:colcon.colcon_core.environment:checking '/home/nambiar/ublox_ws/install/ublox_msgs' for CMake module files
[7.962s] Level 1:colcon.colcon_core.environment:checking '/home/nambiar/ublox_ws/install/ublox_msgs' for CMake config files
[7.964s] Level 1:colcon.colcon_core.shell:create_environment_hook('ublox_msgs', 'cmake_prefix_path')
[7.964s] INFO:colcon.colcon_core.shell:Creating environment hook '/home/nambiar/ublox_ws/install/ublox_msgs/share/ublox_msgs/hook/cmake_prefix_path.ps1'
[7.964s] INFO:colcon.colcon_core.shell:Creating environment descriptor '/home/nambiar/ublox_ws/install/ublox_msgs/share/ublox_msgs/hook/cmake_prefix_path.dsv'
[7.965s] INFO:colcon.colcon_core.shell:Creating environment hook '/home/nambiar/ublox_ws/install/ublox_msgs/share/ublox_msgs/hook/cmake_prefix_path.sh'
[7.965s] Level 1:colcon.colcon_core.environment:checking '/home/nambiar/ublox_ws/install/ublox_msgs/lib'
[7.966s] Level 1:colcon.colcon_core.shell:create_environment_hook('ublox_msgs', 'ld_library_path_lib')
[7.966s] INFO:colcon.colcon_core.shell:Creating environment hook '/home/nambiar/ublox_ws/install/ublox_msgs/share/ublox_msgs/hook/ld_library_path_lib.ps1'
[7.966s] INFO:colcon.colcon_core.shell:Creating environment descriptor '/home/nambiar/ublox_ws/install/ublox_msgs/share/ublox_msgs/hook/ld_library_path_lib.dsv'
[7.967s] INFO:colcon.colcon_core.shell:Creating environment hook '/home/nambiar/ublox_ws/install/ublox_msgs/share/ublox_msgs/hook/ld_library_path_lib.sh'
[7.967s] Level 1:colcon.colcon_core.environment:checking '/home/nambiar/ublox_ws/install/ublox_msgs/bin'
[7.967s] Level 1:colcon.colcon_core.environment:checking '/home/nambiar/ublox_ws/install/ublox_msgs/lib/pkgconfig/ublox_msgs.pc'
[7.967s] Level 1:colcon.colcon_core.environment:checking '/home/nambiar/ublox_ws/install/ublox_msgs/lib/python3.10/site-packages'
[7.968s] Level 1:colcon.colcon_core.environment:checking '/home/nambiar/ublox_ws/install/ublox_msgs/bin'
[7.968s] INFO:colcon.colcon_core.shell:Creating package script '/home/nambiar/ublox_ws/install/ublox_msgs/share/ublox_msgs/package.ps1'
[7.968s] INFO:colcon.colcon_core.shell:Creating package descriptor '/home/nambiar/ublox_ws/install/ublox_msgs/share/ublox_msgs/package.dsv'
[7.969s] INFO:colcon.colcon_core.shell:Creating package script '/home/nambiar/ublox_ws/install/ublox_msgs/share/ublox_msgs/package.sh'
[7.969s] INFO:colcon.colcon_core.shell:Creating package script '/home/nambiar/ublox_ws/install/ublox_msgs/share/ublox_msgs/package.bash'
[7.970s] INFO:colcon.colcon_core.shell:Creating package script '/home/nambiar/ublox_ws/install/ublox_msgs/share/ublox_msgs/package.zsh'
[7.970s] Level 1:colcon.colcon_core.environment:create_file_with_runtime_dependencies(/home/nambiar/ublox_ws/install/ublox_msgs/share/colcon-core/packages/ublox_msgs)
[7.971s] INFO:colcon.colcon_ros.task.ament_cmake.build:Building ROS package in '/home/nambiar/ublox_ws/src/ros2-ublox-zedf9p/ublox_gps' with build type 'ament_cmake'
[7.971s] INFO:colcon.colcon_cmake.task.cmake.build:Building CMake package in '/home/nambiar/ublox_ws/src/ros2-ublox-zedf9p/ublox_gps'
[7.971s] INFO:colcon.colcon_core.shell:Skip shell extension 'powershell' for command environment: Not usable outside of PowerShell
[7.971s] DEBUG:colcon.colcon_core.shell:Skip shell extension 'dsv' for command environment
[7.988s] DEBUG:colcon.colcon_core.event_handler.log_command:Invoking command in '/home/nambiar/ublox_ws/build/ublox_gps': CMAKE_PREFIX_PATH=/home/nambiar/ublox_ws/install/ublox_msgs:/home/nambiar/ublox_ws/install/ublox_serialization:/home/nambiar/ublox_ws/install/ublox:/home/nambiar/ublox_ws/install/ublox_gps:/opt/ros/humble LD_LIBRARY_PATH=/home/nambiar/ublox_ws/install/ublox_msgs/lib:/home/nambiar/ublox_ws/install/ublox_gps/lib:/opt/ros/humble/opt/rviz_ogre_vendor/lib:/opt/ros/humble/lib/x86_64-linux-gnu:/opt/ros/humble/lib:/opt/openfoam11/thirdparty/platforms/linux64Gcc/gperftools-svn/lib:/opt/openfoam11/platforms/linux64GccDPInt32Opt/lib/openmpi-system:/opt/openfoam11/thirdparty/platforms/linux64GccDPInt32/lib/openmpi-system:/usr/lib/x86_64-linux-gnu/openmpi/lib:/home/nambiar/OpenFOAM/nambiar-11/platforms/linux64GccDPInt32Opt/lib:/opt/site/11/platforms/linux64GccDPInt32Opt/lib:/opt/openfoam11/platforms/linux64GccDPInt32Opt/lib:/opt/openfoam11/thirdparty/platforms/linux64GccDPInt32/lib:/opt/openfoam11/platforms/linux64GccDPInt32Opt/lib/dummy /usr/bin/cmake --build /home/nambiar/ublox_ws/build/ublox_gps -- -j12 -l12
[8.161s] DEBUG:colcon.colcon_core.event_handler.log_command:Invoked command in '/home/nambiar/ublox_ws/build/ublox_gps' returned '0': CMAKE_PREFIX_PATH=/home/nambiar/ublox_ws/install/ublox_msgs:/home/nambiar/ublox_ws/install/ublox_serialization:/home/nambiar/ublox_ws/install/ublox:/home/nambiar/ublox_ws/install/ublox_gps:/opt/ros/humble LD_LIBRARY_PATH=/home/nambiar/ublox_ws/install/ublox_msgs/lib:/home/nambiar/ublox_ws/install/ublox_gps/lib:/opt/ros/humble/opt/rviz_ogre_vendor/lib:/opt/ros/humble/lib/x86_64-linux-gnu:/opt/ros/humble/lib:/opt/openfoam11/thirdparty/platforms/linux64Gcc/gperftools-svn/lib:/opt/openfoam11/platforms/linux64GccDPInt32Opt/lib/openmpi-system:/opt/openfoam11/thirdparty/platforms/linux64GccDPInt32/lib/openmpi-system:/usr/lib/x86_64-linux-gnu/openmpi/lib:/home/nambiar/OpenFOAM/nambiar-11/platforms/linux64GccDPInt32Opt/lib:/opt/site/11/platforms/linux64GccDPInt32Opt/lib:/opt/openfoam11/platforms/linux64GccDPInt32Opt/lib:/opt/openfoam11/thirdparty/platforms/linux64GccDPInt32/lib:/opt/openfoam11/platforms/linux64GccDPInt32Opt/lib/dummy /usr/bin/cmake --build /home/nambiar/ublox_ws/build/ublox_gps -- -j12 -l12
[8.296s] DEBUG:colcon.colcon_core.event_handler.log_command:Invoking command in '/home/nambiar/ublox_ws/build/ublox_gps': CMAKE_PREFIX_PATH=/home/nambiar/ublox_ws/install/ublox_msgs:/home/nambiar/ublox_ws/install/ublox_serialization:/home/nambiar/ublox_ws/install/ublox:/home/nambiar/ublox_ws/install/ublox_gps:/opt/ros/humble LD_LIBRARY_PATH=/home/nambiar/ublox_ws/install/ublox_msgs/lib:/home/nambiar/ublox_ws/install/ublox_gps/lib:/opt/ros/humble/opt/rviz_ogre_vendor/lib:/opt/ros/humble/lib/x86_64-linux-gnu:/opt/ros/humble/lib:/opt/openfoam11/thirdparty/platforms/linux64Gcc/gperftools-svn/lib:/opt/openfoam11/platforms/linux64GccDPInt32Opt/lib/openmpi-system:/opt/openfoam11/thirdparty/platforms/linux64GccDPInt32/lib/openmpi-system:/usr/lib/x86_64-linux-gnu/openmpi/lib:/home/nambiar/OpenFOAM/nambiar-11/platforms/linux64GccDPInt32Opt/lib:/opt/site/11/platforms/linux64GccDPInt32Opt/lib:/opt/openfoam11/platforms/linux64GccDPInt32Opt/lib:/opt/openfoam11/thirdparty/platforms/linux64GccDPInt32/lib:/opt/openfoam11/platforms/linux64GccDPInt32Opt/lib/dummy /usr/bin/cmake --install /home/nambiar/ublox_ws/build/ublox_gps
[8.313s] Level 1:colcon.colcon_core.environment:create_environment_scripts_only(ublox_gps)
[8.314s] Level 1:colcon.colcon_core.environment:checking '/home/nambiar/ublox_ws/install/ublox_gps' for CMake module files
[8.314s] DEBUG:colcon.colcon_core.event_handler.log_command:Invoked command in '/home/nambiar/ublox_ws/build/ublox_gps' returned '0': CMAKE_PREFIX_PATH=/home/nambiar/ublox_ws/install/ublox_msgs:/home/nambiar/ublox_ws/install/ublox_serialization:/home/nambiar/ublox_ws/install/ublox:/home/nambiar/ublox_ws/install/ublox_gps:/opt/ros/humble LD_LIBRARY_PATH=/home/nambiar/ublox_ws/install/ublox_msgs/lib:/home/nambiar/ublox_ws/install/ublox_gps/lib:/opt/ros/humble/opt/rviz_ogre_vendor/lib:/opt/ros/humble/lib/x86_64-linux-gnu:/opt/ros/humble/lib:/opt/openfoam11/thirdparty/platforms/linux64Gcc/gperftools-svn/lib:/opt/openfoam11/platforms/linux64GccDPInt32Opt/lib/openmpi-system:/opt/openfoam11/thirdparty/platforms/linux64GccDPInt32/lib/openmpi-system:/usr/lib/x86_64-linux-gnu/openmpi/lib:/home/nambiar/OpenFOAM/nambiar-11/platforms/linux64GccDPInt32Opt/lib:/opt/site/11/platforms/linux64GccDPInt32Opt/lib:/opt/openfoam11/platforms/linux64GccDPInt32Opt/lib:/opt/openfoam11/thirdparty/platforms/linux64GccDPInt32/lib:/opt/openfoam11/platforms/linux64GccDPInt32Opt/lib/dummy /usr/bin/cmake --install /home/nambiar/ublox_ws/build/ublox_gps
[8.315s] Level 1:colcon.colcon_core.environment:checking '/home/nambiar/ublox_ws/install/ublox_gps' for CMake config files
[8.315s] Level 1:colcon.colcon_core.shell:create_environment_hook('ublox_gps', 'cmake_prefix_path')
[8.315s] INFO:colcon.colcon_core.shell:Creating environment hook '/home/nambiar/ublox_ws/install/ublox_gps/share/ublox_gps/hook/cmake_prefix_path.ps1'
[8.316s] INFO:colcon.colcon_core.shell:Creating environment descriptor '/home/nambiar/ublox_ws/install/ublox_gps/share/ublox_gps/hook/cmake_prefix_path.dsv'
[8.316s] INFO:colcon.colcon_core.shell:Creating environment hook '/home/nambiar/ublox_ws/install/ublox_gps/share/ublox_gps/hook/cmake_prefix_path.sh'
[8.317s] Level 1:colcon.colcon_core.environment:checking '/home/nambiar/ublox_ws/install/ublox_gps/lib'
[8.317s] Level 1:colcon.colcon_core.shell:create_environment_hook('ublox_gps', 'ld_library_path_lib')
[8.317s] INFO:colcon.colcon_core.shell:Creating environment hook '/home/nambiar/ublox_ws/install/ublox_gps/share/ublox_gps/hook/ld_library_path_lib.ps1'
[8.318s] INFO:colcon.colcon_core.shell:Creating environment descriptor '/home/nambiar/ublox_ws/install/ublox_gps/share/ublox_gps/hook/ld_library_path_lib.dsv'
[8.318s] INFO:colcon.colcon_core.shell:Creating environment hook '/home/nambiar/ublox_ws/install/ublox_gps/share/ublox_gps/hook/ld_library_path_lib.sh'
[8.319s] Level 1:colcon.colcon_core.environment:checking '/home/nambiar/ublox_ws/install/ublox_gps/bin'
[8.319s] Level 1:colcon.colcon_core.environment:checking '/home/nambiar/ublox_ws/install/ublox_gps/lib/pkgconfig/ublox_gps.pc'
[8.319s] Level 1:colcon.colcon_core.environment:checking '/home/nambiar/ublox_ws/install/ublox_gps/lib/python3.10/site-packages'
[8.319s] Level 1:colcon.colcon_core.environment:checking '/home/nambiar/ublox_ws/install/ublox_gps/bin'
[8.319s] INFO:colcon.colcon_core.shell:Creating package script '/home/nambiar/ublox_ws/install/ublox_gps/share/ublox_gps/package.ps1'
[8.320s] INFO:colcon.colcon_core.shell:Creating package descriptor '/home/nambiar/ublox_ws/install/ublox_gps/share/ublox_gps/package.dsv'
[8.320s] INFO:colcon.colcon_core.shell:Creating package script '/home/nambiar/ublox_ws/install/ublox_gps/share/ublox_gps/package.sh'
[8.321s] INFO:colcon.colcon_core.shell:Creating package script '/home/nambiar/ublox_ws/install/ublox_gps/share/ublox_gps/package.bash'
[8.321s] INFO:colcon.colcon_core.shell:Creating package script '/home/nambiar/ublox_ws/install/ublox_gps/share/ublox_gps/package.zsh'
[8.322s] Level 1:colcon.colcon_core.environment:create_file_with_runtime_dependencies(/home/nambiar/ublox_ws/install/ublox_gps/share/colcon-core/packages/ublox_gps)
[8.455s] Level 1:colcon.colcon_core.environment:create_environment_scripts_only(ublox_gps)
[8.455s] Level 1:colcon.colcon_core.environment:checking '/home/nambiar/ublox_ws/install/ublox_gps' for CMake module files
[8.456s] Level 1:colcon.colcon_core.environment:checking '/home/nambiar/ublox_ws/install/ublox_gps' for CMake config files
[8.456s] Level 1:colcon.colcon_core.shell:create_environment_hook('ublox_gps', 'cmake_prefix_path')
[8.456s] INFO:colcon.colcon_core.shell:Creating environment hook '/home/nambiar/ublox_ws/install/ublox_gps/share/ublox_gps/hook/cmake_prefix_path.ps1'
[8.457s] INFO:colcon.colcon_core.shell:Creating environment descriptor '/home/nambiar/ublox_ws/install/ublox_gps/share/ublox_gps/hook/cmake_prefix_path.dsv'
[8.457s] INFO:colcon.colcon_core.shell:Creating environment hook '/home/nambiar/ublox_ws/install/ublox_gps/share/ublox_gps/hook/cmake_prefix_path.sh'
[8.458s] Level 1:colcon.colcon_core.environment:checking '/home/nambiar/ublox_ws/install/ublox_gps/lib'
[8.458s] Level 1:colcon.colcon_core.shell:create_environment_hook('ublox_gps', 'ld_library_path_lib')
[8.458s] INFO:colcon.colcon_core.shell:Creating environment hook '/home/nambiar/ublox_ws/install/ublox_gps/share/ublox_gps/hook/ld_library_path_lib.ps1'
[8.459s] INFO:colcon.colcon_core.shell:Creating environment descriptor '/home/nambiar/ublox_ws/install/ublox_gps/share/ublox_gps/hook/ld_library_path_lib.dsv'
[8.459s] INFO:colcon.colcon_core.shell:Creating environment hook '/home/nambiar/ublox_ws/install/ublox_gps/share/ublox_gps/hook/ld_library_path_lib.sh'
[8.460s] Level 1:colcon.colcon_core.environment:checking '/home/nambiar/ublox_ws/install/ublox_gps/bin'
[8.460s] Level 1:colcon.colcon_core.environment:checking '/home/nambiar/ublox_ws/install/ublox_gps/lib/pkgconfig/ublox_gps.pc'
[8.460s] Level 1:colcon.colcon_core.environment:checking '/home/nambiar/ublox_ws/install/ublox_gps/lib/python3.10/site-packages'
[8.460s] Level 1:colcon.colcon_core.environment:checking '/home/nambiar/ublox_ws/install/ublox_gps/bin'
[8.460s] INFO:colcon.colcon_core.shell:Creating package script '/home/nambiar/ublox_ws/install/ublox_gps/share/ublox_gps/package.ps1'
[8.461s] INFO:colcon.colcon_core.shell:Creating package descriptor '/home/nambiar/ublox_ws/install/ublox_gps/share/ublox_gps/package.dsv'
[8.462s] INFO:colcon.colcon_core.shell:Creating package script '/home/nambiar/ublox_ws/install/ublox_gps/share/ublox_gps/package.sh'
[8.462s] INFO:colcon.colcon_core.shell:Creating package script '/home/nambiar/ublox_ws/install/ublox_gps/share/ublox_gps/package.bash'
[8.463s] INFO:colcon.colcon_core.shell:Creating package script '/home/nambiar/ublox_ws/install/ublox_gps/share/ublox_gps/package.zsh'
[8.463s] Level 1:colcon.colcon_core.environment:create_file_with_runtime_dependencies(/home/nambiar/ublox_ws/install/ublox_gps/share/colcon-core/packages/ublox_gps)
[8.463s] INFO:colcon.colcon_ros.task.ament_cmake.build:Building ROS package in '/home/nambiar/ublox_ws/src/ros2-ublox-zedf9p/ublox' with build type 'ament_cmake'
[8.464s] INFO:colcon.colcon_cmake.task.cmake.build:Building CMake package in '/home/nambiar/ublox_ws/src/ros2-ublox-zedf9p/ublox'
[8.464s] INFO:colcon.colcon_core.shell:Skip shell extension 'powershell' for command environment: Not usable outside of PowerShell
[8.464s] DEBUG:colcon.colcon_core.shell:Skip shell extension 'dsv' for command environment
[8.481s] DEBUG:colcon.colcon_core.event_handler.log_command:Invoking command in '/home/nambiar/ublox_ws/build/ublox': CMAKE_PREFIX_PATH=/home/nambiar/ublox_ws/install/ublox_gps:/home/nambiar/ublox_ws/install/ublox_msgs:/home/nambiar/ublox_ws/install/ublox_serialization:/home/nambiar/ublox_ws/install/ublox:/opt/ros/humble /usr/bin/cmake --build /home/nambiar/ublox_ws/build/ublox -- -j12 -l12
[8.534s] DEBUG:colcon.colcon_core.event_handler.log_command:Invoked command in '/home/nambiar/ublox_ws/build/ublox' returned '0': CMAKE_PREFIX_PATH=/home/nambiar/ublox_ws/install/ublox_gps:/home/nambiar/ublox_ws/install/ublox_msgs:/home/nambiar/ublox_ws/install/ublox_serialization:/home/nambiar/ublox_ws/install/ublox:/opt/ros/humble /usr/bin/cmake --build /home/nambiar/ublox_ws/build/ublox -- -j12 -l12
[8.574s] DEBUG:colcon.colcon_core.event_handler.log_command:Invoking command in '/home/nambiar/ublox_ws/build/ublox': CMAKE_PREFIX_PATH=/home/nambiar/ublox_ws/install/ublox_gps:/home/nambiar/ublox_ws/install/ublox_msgs:/home/nambiar/ublox_ws/install/ublox_serialization:/home/nambiar/ublox_ws/install/ublox:/opt/ros/humble /usr/bin/cmake --install /home/nambiar/ublox_ws/build/ublox
[8.586s] Level 1:colcon.colcon_core.environment:create_environment_scripts_only(ublox)
[8.587s] DEBUG:colcon.colcon_core.event_handler.log_command:Invoked command in '/home/nambiar/ublox_ws/build/ublox' returned '0': CMAKE_PREFIX_PATH=/home/nambiar/ublox_ws/install/ublox_gps:/home/nambiar/ublox_ws/install/ublox_msgs:/home/nambiar/ublox_ws/install/ublox_serialization:/home/nambiar/ublox_ws/install/ublox:/opt/ros/humble /usr/bin/cmake --install /home/nambiar/ublox_ws/build/ublox
[8.587s] Level 1:colcon.colcon_core.environment:checking '/home/nambiar/ublox_ws/install/ublox' for CMake module files
[8.588s] Level 1:colcon.colcon_core.environment:checking '/home/nambiar/ublox_ws/install/ublox' for CMake config files
[8.588s] Level 1:colcon.colcon_core.shell:create_environment_hook('ublox', 'cmake_prefix_path')
[8.588s] INFO:colcon.colcon_core.shell:Creating environment hook '/home/nambiar/ublox_ws/install/ublox/share/ublox/hook/cmake_prefix_path.ps1'
[8.589s] INFO:colcon.colcon_core.shell:Creating environment descriptor '/home/nambiar/ublox_ws/install/ublox/share/ublox/hook/cmake_prefix_path.dsv'
[8.589s] INFO:colcon.colcon_core.shell:Creating environment hook '/home/nambiar/ublox_ws/install/ublox/share/ublox/hook/cmake_prefix_path.sh'
[8.590s] Level 1:colcon.colcon_core.environment:checking '/home/nambiar/ublox_ws/install/ublox/bin'
[8.590s] Level 1:colcon.colcon_core.environment:checking '/home/nambiar/ublox_ws/install/ublox/lib/pkgconfig/ublox.pc'
[8.590s] Level 1:colcon.colcon_core.environment:checking '/home/nambiar/ublox_ws/install/ublox/lib/python3.10/site-packages'
[8.590s] Level 1:colcon.colcon_core.environment:checking '/home/nambiar/ublox_ws/install/ublox/bin'
[8.591s] INFO:colcon.colcon_core.shell:Creating package script '/home/nambiar/ublox_ws/install/ublox/share/ublox/package.ps1'
[8.591s] INFO:colcon.colcon_core.shell:Creating package descriptor '/home/nambiar/ublox_ws/install/ublox/share/ublox/package.dsv'
[8.591s] INFO:colcon.colcon_core.shell:Creating package script '/home/nambiar/ublox_ws/install/ublox/share/ublox/package.sh'
[8.592s] INFO:colcon.colcon_core.shell:Creating package script '/home/nambiar/ublox_ws/install/ublox/share/ublox/package.bash'
[8.592s] INFO:colcon.colcon_core.shell:Creating package script '/home/nambiar/ublox_ws/install/ublox/share/ublox/package.zsh'
[8.593s] Level 1:colcon.colcon_core.environment:create_file_with_runtime_dependencies(/home/nambiar/ublox_ws/install/ublox/share/colcon-core/packages/ublox)
[8.632s] Level 1:colcon.colcon_core.environment:create_environment_scripts_only(ublox)
[8.632s] Level 1:colcon.colcon_core.environment:checking '/home/nambiar/ublox_ws/install/ublox' for CMake module files
[8.633s] Level 1:colcon.colcon_core.environment:checking '/home/nambiar/ublox_ws/install/ublox' for CMake config files
[8.633s] Level 1:colcon.colcon_core.shell:create_environment_hook('ublox', 'cmake_prefix_path')
[8.633s] INFO:colcon.colcon_core.shell:Creating environment hook '/home/nambiar/ublox_ws/install/ublox/share/ublox/hook/cmake_prefix_path.ps1'
[8.633s] INFO:colcon.colcon_core.shell:Creating environment descriptor '/home/nambiar/ublox_ws/install/ublox/share/ublox/hook/cmake_prefix_path.dsv'
[8.634s] INFO:colcon.colcon_core.shell:Creating environment hook '/home/nambiar/ublox_ws/install/ublox/share/ublox/hook/cmake_prefix_path.sh'
[8.635s] Level 1:colcon.colcon_core.environment:checking '/home/nambiar/ublox_ws/install/ublox/bin'
[8.635s] Level 1:colcon.colcon_core.environment:checking '/home/nambiar/ublox_ws/install/ublox/lib/pkgconfig/ublox.pc'
[8.635s] Level 1:colcon.colcon_core.environment:checking '/home/nambiar/ublox_ws/install/ublox/lib/python3.10/site-packages'
[8.635s] Level 1:colcon.colcon_core.environment:checking '/home/nambiar/ublox_ws/install/ublox/bin'
[8.635s] INFO:colcon.colcon_core.shell:Creating package script '/home/nambiar/ublox_ws/install/ublox/share/ublox/package.ps1'
[8.636s] INFO:colcon.colcon_core.shell:Creating package descriptor '/home/nambiar/ublox_ws/install/ublox/share/ublox/package.dsv'
[8.636s] INFO:colcon.colcon_core.shell:Creating package script '/home/nambiar/ublox_ws/install/ublox/share/ublox/package.sh'
[8.637s] INFO:colcon.colcon_core.shell:Creating package script '/home/nambiar/ublox_ws/install/ublox/share/ublox/package.bash'
[8.637s] INFO:colcon.colcon_core.shell:Creating package script '/home/nambiar/ublox_ws/install/ublox/share/ublox/package.zsh'
[8.638s] Level 1:colcon.colcon_core.environment:create_file_with_runtime_dependencies(/home/nambiar/ublox_ws/install/ublox/share/colcon-core/packages/ublox)
[8.638s] DEBUG:colcon.colcon_parallel_executor.executor.parallel:closing loop
[8.638s] DEBUG:colcon.colcon_parallel_executor.executor.parallel:loop closed
[8.638s] DEBUG:colcon.colcon_parallel_executor.executor.parallel:run_until_complete finished with '0'
[8.639s] DEBUG:colcon.colcon_core.event_reactor:joining thread
[8.645s] INFO:colcon.colcon_core.plugin_system:Skipping extension 'colcon_notification.desktop_notification.terminal_notifier': Not used on non-Darwin systems
[8.645s] INFO:colcon.colcon_core.plugin_system:Skipping extension 'colcon_notification.desktop_notification.win32': Not used on non-Windows systems
[8.645s] INFO:colcon.colcon_notification.desktop_notification:Sending desktop notification using 'notify2'
[8.658s] DEBUG:colcon.colcon_core.event_reactor:joined thread
[8.658s] INFO:colcon.colcon_core.shell:Creating prefix script '/home/nambiar/ublox_ws/install/local_setup.ps1'
[8.659s] INFO:colcon.colcon_core.shell:Creating prefix util module '/home/nambiar/ublox_ws/install/_local_setup_util_ps1.py'
[8.661s] INFO:colcon.colcon_core.shell:Creating prefix chain script '/home/nambiar/ublox_ws/install/setup.ps1'
[8.662s] INFO:colcon.colcon_core.shell:Creating prefix script '/home/nambiar/ublox_ws/install/local_setup.sh'
[8.663s] INFO:colcon.colcon_core.shell:Creating prefix util module '/home/nambiar/ublox_ws/install/_local_setup_util_sh.py'
[8.663s] INFO:colcon.colcon_core.shell:Creating prefix chain script '/home/nambiar/ublox_ws/install/setup.sh'
[8.665s] INFO:colcon.colcon_core.shell:Creating prefix script '/home/nambiar/ublox_ws/install/local_setup.bash'
[8.665s] INFO:colcon.colcon_core.shell:Creating prefix chain script '/home/nambiar/ublox_ws/install/setup.bash'
[8.667s] INFO:colcon.colcon_core.shell:Creating prefix script '/home/nambiar/ublox_ws/install/local_setup.zsh'
[8.667s] INFO:colcon.colcon_core.shell:Creating prefix chain script '/home/nambiar/ublox_ws/install/setup.zsh'
