[  0%] Built target ublox_msgs__cpp
[  0%] Built target ament_cmake_python_copy_ublox_msgs
[ 12%] Built target ublox_msgs__rosidl_generator_c
[35m[1mConsolidate compiler generated dependencies of target ublox_msgs__rosidl_typesupport_cpp[0m
[35m[1mConsolidate compiler generated dependencies of target ublox_msgs__rosidl_typesupport_introspection_cpp[0m
[35m[1mConsolidate compiler generated dependencies of target ublox_msgs__rosidl_typesupport_c[0m
[35m[1mConsolidate compiler generated dependencies of target ublox_msgs__rosidl_typesupport_fastrtps_cpp[0m
[35m[1mConsolidate compiler generated dependencies of target ublox_msgs__rosidl_typesupport_introspection_c[0m
[35m[1mConsolidate compiler generated dependencies of target ublox_msgs__rosidl_typesupport_fastrtps_c[0m
[ 25%] Built target ublox_msgs__rosidl_typesupport_c
[ 38%] Built target ublox_msgs__rosidl_typesupport_introspection_c
[ 50%] Built target ublox_msgs__rosidl_typesupport_cpp
[ 62%] Built target ublox_msgs__rosidl_typesupport_introspection_cpp
[ 74%] Built target ublox_msgs__rosidl_typesupport_fastrtps_cpp
[ 87%] Built target ublox_msgs__rosidl_typesupport_fastrtps_c
[ 87%] Built target ublox_msgs
[ 87%] [32mBuilding CXX object CMakeFiles/ublox_msgs_lib.dir/src/ublox_msgs.cpp.o[0m
[ 87%] [34m[1mGenerating Python code for ROS interfaces[0m
running egg_info
writing ublox_msgs.egg-info/PKG-INFO
writing dependency_links to ublox_msgs.egg-info/dependency_links.txt
writing top-level names to ublox_msgs.egg-info/top_level.txt
reading manifest file 'ublox_msgs.egg-info/SOURCES.txt'
[ 88%] [32m[1mLinking CXX shared library libublox_msgs_lib.so[0m
[ 88%] Built target ublox_msgs_lib
[ 88%] Built target ublox_msgs__py
