[0.010s] Invoking command in '/home/nambiar/ublox_ws/build/ublox': AMENT_PREFIX_PATH=/home/nambiar/ublox_ws/install/ublox_gps:/home/nambiar/ublox_ws/install/ublox_msgs:/home/nambiar/ublox_ws/install/ublox_serialization:${AMENT_PREFIX_PATH} CMAKE_PREFIX_PATH=/home/nambiar/ublox_ws/install/ublox_gps:/home/nambiar/ublox_ws/install/ublox_msgs:/home/nambiar/ublox_ws/install/ublox_serialization:/opt/ros/humble LD_LIBRARY_PATH=/home/nambiar/ublox_ws/install/ublox_gps/lib:/home/nambiar/ublox_ws/install/ublox_msgs/lib:${LD_LIBRARY_PATH} PYTHONPATH=/home/nambiar/ublox_ws/install/ublox_msgs/local/lib/python3.10/dist-packages:${PYTHONPATH} /usr/bin/cmake /home/nambiar/ublox_ws/src/ros2-ublox-zedf9p/ublox -DCMAKE_INSTALL_PREFIX=/home/nambiar/ublox_ws/install/ublox
[0.063s] -- The C compiler identification is GNU 11.4.0
[0.117s] -- The CXX compiler identification is GNU 11.4.0
[0.126s] -- Detecting C compiler ABI info
[0.181s] -- Detecting C compiler ABI info - done
[0.187s] -- Check for working C compiler: /usr/lib/ccache/cc - skipped
[0.187s] -- Detecting C compile features
[0.187s] -- Detecting C compile features - done
[0.190s] -- Detecting CXX compiler ABI info
[0.252s] -- Detecting CXX compiler ABI info - done
[0.258s] -- Check for working CXX compiler: /usr/lib/ccache/c++ - skipped
[0.258s] -- Detecting CXX compile features
[0.258s] -- Detecting CXX compile features - done
[0.260s] -- Found ament_cmake: 1.3.10 (/opt/ros/humble/share/ament_cmake/cmake)
[0.383s] -- Found Python3: /usr/bin/python3 (found version "3.10.12") found components: Interpreter 
[0.501s] -- Configuring done
[0.504s] -- Generating done
[0.504s] -- Build files have been written to: /home/nambiar/ublox_ws/build/ublox
[0.508s] Invoked command in '/home/nambiar/ublox_ws/build/ublox' returned '0': AMENT_PREFIX_PATH=/home/nambiar/ublox_ws/install/ublox_gps:/home/nambiar/ublox_ws/install/ublox_msgs:/home/nambiar/ublox_ws/install/ublox_serialization:${AMENT_PREFIX_PATH} CMAKE_PREFIX_PATH=/home/nambiar/ublox_ws/install/ublox_gps:/home/nambiar/ublox_ws/install/ublox_msgs:/home/nambiar/ublox_ws/install/ublox_serialization:/opt/ros/humble LD_LIBRARY_PATH=/home/nambiar/ublox_ws/install/ublox_gps/lib:/home/nambiar/ublox_ws/install/ublox_msgs/lib:${LD_LIBRARY_PATH} PYTHONPATH=/home/nambiar/ublox_ws/install/ublox_msgs/local/lib/python3.10/dist-packages:${PYTHONPATH} /usr/bin/cmake /home/nambiar/ublox_ws/src/ros2-ublox-zedf9p/ublox -DCMAKE_INSTALL_PREFIX=/home/nambiar/ublox_ws/install/ublox
[0.510s] Invoking command in '/home/nambiar/ublox_ws/build/ublox': AMENT_PREFIX_PATH=/home/nambiar/ublox_ws/install/ublox_gps:/home/nambiar/ublox_ws/install/ublox_msgs:/home/nambiar/ublox_ws/install/ublox_serialization:${AMENT_PREFIX_PATH} CMAKE_PREFIX_PATH=/home/nambiar/ublox_ws/install/ublox_gps:/home/nambiar/ublox_ws/install/ublox_msgs:/home/nambiar/ublox_ws/install/ublox_serialization:/opt/ros/humble LD_LIBRARY_PATH=/home/nambiar/ublox_ws/install/ublox_gps/lib:/home/nambiar/ublox_ws/install/ublox_msgs/lib:${LD_LIBRARY_PATH} PYTHONPATH=/home/nambiar/ublox_ws/install/ublox_msgs/local/lib/python3.10/dist-packages:${PYTHONPATH} /usr/bin/cmake --build /home/nambiar/ublox_ws/build/ublox -- -j12 -l12
[0.545s] Invoked command in '/home/nambiar/ublox_ws/build/ublox' returned '0': AMENT_PREFIX_PATH=/home/nambiar/ublox_ws/install/ublox_gps:/home/nambiar/ublox_ws/install/ublox_msgs:/home/nambiar/ublox_ws/install/ublox_serialization:${AMENT_PREFIX_PATH} CMAKE_PREFIX_PATH=/home/nambiar/ublox_ws/install/ublox_gps:/home/nambiar/ublox_ws/install/ublox_msgs:/home/nambiar/ublox_ws/install/ublox_serialization:/opt/ros/humble LD_LIBRARY_PATH=/home/nambiar/ublox_ws/install/ublox_gps/lib:/home/nambiar/ublox_ws/install/ublox_msgs/lib:${LD_LIBRARY_PATH} PYTHONPATH=/home/nambiar/ublox_ws/install/ublox_msgs/local/lib/python3.10/dist-packages:${PYTHONPATH} /usr/bin/cmake --build /home/nambiar/ublox_ws/build/ublox -- -j12 -l12
[0.569s] Invoking command in '/home/nambiar/ublox_ws/build/ublox': AMENT_PREFIX_PATH=/home/nambiar/ublox_ws/install/ublox_gps:/home/nambiar/ublox_ws/install/ublox_msgs:/home/nambiar/ublox_ws/install/ublox_serialization:${AMENT_PREFIX_PATH} CMAKE_PREFIX_PATH=/home/nambiar/ublox_ws/install/ublox_gps:/home/nambiar/ublox_ws/install/ublox_msgs:/home/nambiar/ublox_ws/install/ublox_serialization:/opt/ros/humble LD_LIBRARY_PATH=/home/nambiar/ublox_ws/install/ublox_gps/lib:/home/nambiar/ublox_ws/install/ublox_msgs/lib:${LD_LIBRARY_PATH} PYTHONPATH=/home/nambiar/ublox_ws/install/ublox_msgs/local/lib/python3.10/dist-packages:${PYTHONPATH} /usr/bin/cmake --install /home/nambiar/ublox_ws/build/ublox
[0.576s] -- Install configuration: ""
[0.576s] -- Installing: /home/nambiar/ublox_ws/install/ublox/share/ament_index/resource_index/package_run_dependencies/ublox
[0.576s] -- Installing: /home/nambiar/ublox_ws/install/ublox/share/ament_index/resource_index/parent_prefix_path/ublox
[0.577s] -- Installing: /home/nambiar/ublox_ws/install/ublox/share/ublox/environment/ament_prefix_path.sh
[0.577s] -- Installing: /home/nambiar/ublox_ws/install/ublox/share/ublox/environment/ament_prefix_path.dsv
[0.577s] -- Installing: /home/nambiar/ublox_ws/install/ublox/share/ublox/environment/path.sh
[0.577s] -- Installing: /home/nambiar/ublox_ws/install/ublox/share/ublox/environment/path.dsv
[0.577s] -- Installing: /home/nambiar/ublox_ws/install/ublox/share/ublox/local_setup.bash
[0.577s] -- Installing: /home/nambiar/ublox_ws/install/ublox/share/ublox/local_setup.sh
[0.577s] -- Installing: /home/nambiar/ublox_ws/install/ublox/share/ublox/local_setup.zsh
[0.578s] -- Installing: /home/nambiar/ublox_ws/install/ublox/share/ublox/local_setup.dsv
[0.578s] -- Installing: /home/nambiar/ublox_ws/install/ublox/share/ublox/package.dsv
[0.578s] -- Installing: /home/nambiar/ublox_ws/install/ublox/share/ament_index/resource_index/packages/ublox
[0.578s] -- Installing: /home/nambiar/ublox_ws/install/ublox/share/ublox/cmake/ubloxConfig.cmake
[0.578s] -- Installing: /home/nambiar/ublox_ws/install/ublox/share/ublox/cmake/ubloxConfig-version.cmake
[0.578s] -- Installing: /home/nambiar/ublox_ws/install/ublox/share/ublox/package.xml
[0.580s] Invoked command in '/home/nambiar/ublox_ws/build/ublox' returned '0': AMENT_PREFIX_PATH=/home/nambiar/ublox_ws/install/ublox_gps:/home/nambiar/ublox_ws/install/ublox_msgs:/home/nambiar/ublox_ws/install/ublox_serialization:${AMENT_PREFIX_PATH} CMAKE_PREFIX_PATH=/home/nambiar/ublox_ws/install/ublox_gps:/home/nambiar/ublox_ws/install/ublox_msgs:/home/nambiar/ublox_ws/install/ublox_serialization:/opt/ros/humble LD_LIBRARY_PATH=/home/nambiar/ublox_ws/install/ublox_gps/lib:/home/nambiar/ublox_ws/install/ublox_msgs/lib:${LD_LIBRARY_PATH} PYTHONPATH=/home/nambiar/ublox_ws/install/ublox_msgs/local/lib/python3.10/dist-packages:${PYTHONPATH} /usr/bin/cmake --install /home/nambiar/ublox_ws/build/ublox
