[0.126s] DEBUG:colcon:Command line arguments: ['/usr/bin/colcon', 'build']
[0.126s] DEBUG:colcon:Parsed command line arguments: Namespace(log_base=None, log_level=None, verb_name='build', build_base='build', install_base='install', merge_install=False, symlink_install=False, test_result_base=None, continue_on_error=False, executor='parallel', parallel_workers=12, event_handlers=None, ignore_user_meta=False, metas=['./colcon.meta'], base_paths=['.'], packages_ignore=None, packages_ignore_regex=None, paths=None, packages_up_to=None, packages_up_to_regex=None, packages_above=None, packages_above_and_dependencies=None, packages_above_depth=None, packages_select_by_dep=None, packages_skip_by_dep=None, packages_skip_up_to=None, packages_select_build_failed=False, packages_skip_build_finished=False, packages_select_test_failures=False, packages_skip_test_passed=False, packages_select=None, packages_skip=None, packages_select_regex=None, packages_skip_regex=None, packages_start=None, packages_end=None, allow_overriding=[], cmake_args=None, cmake_target=None, cmake_target_skip_unavailable=False, cmake_clean_cache=False, cmake_clean_first=False, cmake_force_configure=False, ament_cmake_args=None, catkin_cmake_args=None, catkin_skip_building_tests=False, mixin_files=None, mixin=None, verb_parser=<colcon_mixin.mixin.mixin_argument.MixinArgumentDecorator object at 0x74f1f893f730>, verb_extension=<colcon_core.verb.build.BuildVerb object at 0x74f1f8a5bd00>, main=<bound method BuildVerb.main of <colcon_core.verb.build.BuildVerb object at 0x74f1f8a5bd00>>, mixin_verb=('build',))
[0.360s] Level 1:colcon.colcon_core.package_discovery:discover_packages(colcon_meta) check parameters
[0.360s] Level 1:colcon.colcon_core.package_discovery:discover_packages(recursive) check parameters
[0.360s] Level 1:colcon.colcon_core.package_discovery:discover_packages(ignore) check parameters
[0.360s] Level 1:colcon.colcon_core.package_discovery:discover_packages(path) check parameters
[0.360s] Level 1:colcon.colcon_core.package_discovery:discover_packages(colcon_meta) discover
[0.360s] Level 1:colcon.colcon_core.package_discovery:discover_packages(recursive) discover
[0.360s] INFO:colcon.colcon_core.package_discovery:Crawling recursively for packages in '/home/nambiar/ublox_ws'
[0.361s] Level 1:colcon.colcon_core.package_identification:_identify(.) by extensions ['ignore', 'ignore_ament_install']
[0.361s] Level 1:colcon.colcon_core.package_identification:_identify(.) by extension 'ignore'
[0.361s] Level 1:colcon.colcon_core.package_identification:_identify(.) by extension 'ignore_ament_install'
[0.361s] Level 1:colcon.colcon_core.package_identification:_identify(.) by extensions ['colcon_pkg']
[0.361s] Level 1:colcon.colcon_core.package_identification:_identify(.) by extension 'colcon_pkg'
[0.361s] Level 1:colcon.colcon_core.package_identification:_identify(.) by extensions ['colcon_meta']
[0.361s] Level 1:colcon.colcon_core.package_identification:_identify(.) by extension 'colcon_meta'
[0.361s] Level 1:colcon.colcon_core.package_identification:_identify(.) by extensions ['ros']
[0.361s] Level 1:colcon.colcon_core.package_identification:_identify(.) by extension 'ros'
[0.373s] Level 1:colcon.colcon_core.package_identification:_identify(.) by extensions ['cmake', 'python']
[0.373s] Level 1:colcon.colcon_core.package_identification:_identify(.) by extension 'cmake'
[0.373s] Level 1:colcon.colcon_core.package_identification:_identify(.) by extension 'python'
[0.373s] Level 1:colcon.colcon_core.package_identification:_identify(.) by extensions ['python_setup_py']
[0.373s] Level 1:colcon.colcon_core.package_identification:_identify(.) by extension 'python_setup_py'
[0.373s] Level 1:colcon.colcon_core.package_identification:_identify(build) by extensions ['ignore', 'ignore_ament_install']
[0.373s] Level 1:colcon.colcon_core.package_identification:_identify(build) by extension 'ignore'
[0.374s] Level 1:colcon.colcon_core.package_identification:_identify(build) ignored
[0.374s] Level 1:colcon.colcon_core.package_identification:_identify(install) by extensions ['ignore', 'ignore_ament_install']
[0.374s] Level 1:colcon.colcon_core.package_identification:_identify(install) by extension 'ignore'
[0.374s] Level 1:colcon.colcon_core.package_identification:_identify(install) ignored
[0.374s] Level 1:colcon.colcon_core.package_identification:_identify(log) by extensions ['ignore', 'ignore_ament_install']
[0.374s] Level 1:colcon.colcon_core.package_identification:_identify(log) by extension 'ignore'
[0.374s] Level 1:colcon.colcon_core.package_identification:_identify(log) ignored
[0.374s] Level 1:colcon.colcon_core.package_identification:_identify(src) by extensions ['ignore', 'ignore_ament_install']
[0.374s] Level 1:colcon.colcon_core.package_identification:_identify(src) by extension 'ignore'
[0.374s] Level 1:colcon.colcon_core.package_identification:_identify(src) by extension 'ignore_ament_install'
[0.374s] Level 1:colcon.colcon_core.package_identification:_identify(src) by extensions ['colcon_pkg']
[0.374s] Level 1:colcon.colcon_core.package_identification:_identify(src) by extension 'colcon_pkg'
[0.374s] Level 1:colcon.colcon_core.package_identification:_identify(src) by extensions ['colcon_meta']
[0.374s] Level 1:colcon.colcon_core.package_identification:_identify(src) by extension 'colcon_meta'
[0.375s] Level 1:colcon.colcon_core.package_identification:_identify(src) by extensions ['ros']
[0.375s] Level 1:colcon.colcon_core.package_identification:_identify(src) by extension 'ros'
[0.375s] Level 1:colcon.colcon_core.package_identification:_identify(src) by extensions ['cmake', 'python']
[0.375s] Level 1:colcon.colcon_core.package_identification:_identify(src) by extension 'cmake'
[0.375s] Level 1:colcon.colcon_core.package_identification:_identify(src) by extension 'python'
[0.375s] Level 1:colcon.colcon_core.package_identification:_identify(src) by extensions ['python_setup_py']
[0.375s] Level 1:colcon.colcon_core.package_identification:_identify(src) by extension 'python_setup_py'
[0.375s] Level 1:colcon.colcon_core.package_identification:_identify(src/ros2-ublox-zedf9p) by extensions ['ignore', 'ignore_ament_install']
[0.375s] Level 1:colcon.colcon_core.package_identification:_identify(src/ros2-ublox-zedf9p) by extension 'ignore'
[0.375s] Level 1:colcon.colcon_core.package_identification:_identify(src/ros2-ublox-zedf9p) by extension 'ignore_ament_install'
[0.375s] Level 1:colcon.colcon_core.package_identification:_identify(src/ros2-ublox-zedf9p) by extensions ['colcon_pkg']
[0.375s] Level 1:colcon.colcon_core.package_identification:_identify(src/ros2-ublox-zedf9p) by extension 'colcon_pkg'
[0.375s] Level 1:colcon.colcon_core.package_identification:_identify(src/ros2-ublox-zedf9p) by extensions ['colcon_meta']
[0.375s] Level 1:colcon.colcon_core.package_identification:_identify(src/ros2-ublox-zedf9p) by extension 'colcon_meta'
[0.375s] Level 1:colcon.colcon_core.package_identification:_identify(src/ros2-ublox-zedf9p) by extensions ['ros']
[0.375s] Level 1:colcon.colcon_core.package_identification:_identify(src/ros2-ublox-zedf9p) by extension 'ros'
[0.375s] Level 1:colcon.colcon_core.package_identification:_identify(src/ros2-ublox-zedf9p) by extensions ['cmake', 'python']
[0.375s] Level 1:colcon.colcon_core.package_identification:_identify(src/ros2-ublox-zedf9p) by extension 'cmake'
[0.375s] Level 1:colcon.colcon_core.package_identification:_identify(src/ros2-ublox-zedf9p) by extension 'python'
[0.376s] Level 1:colcon.colcon_core.package_identification:_identify(src/ros2-ublox-zedf9p) by extensions ['python_setup_py']
[0.376s] Level 1:colcon.colcon_core.package_identification:_identify(src/ros2-ublox-zedf9p) by extension 'python_setup_py'
[0.376s] Level 1:colcon.colcon_core.package_identification:_identify(src/ros2-ublox-zedf9p/pics) by extensions ['ignore', 'ignore_ament_install']
[0.376s] Level 1:colcon.colcon_core.package_identification:_identify(src/ros2-ublox-zedf9p/pics) by extension 'ignore'
[0.376s] Level 1:colcon.colcon_core.package_identification:_identify(src/ros2-ublox-zedf9p/pics) by extension 'ignore_ament_install'
[0.376s] Level 1:colcon.colcon_core.package_identification:_identify(src/ros2-ublox-zedf9p/pics) by extensions ['colcon_pkg']
[0.376s] Level 1:colcon.colcon_core.package_identification:_identify(src/ros2-ublox-zedf9p/pics) by extension 'colcon_pkg'
[0.376s] Level 1:colcon.colcon_core.package_identification:_identify(src/ros2-ublox-zedf9p/pics) by extensions ['colcon_meta']
[0.376s] Level 1:colcon.colcon_core.package_identification:_identify(src/ros2-ublox-zedf9p/pics) by extension 'colcon_meta'
[0.376s] Level 1:colcon.colcon_core.package_identification:_identify(src/ros2-ublox-zedf9p/pics) by extensions ['ros']
[0.376s] Level 1:colcon.colcon_core.package_identification:_identify(src/ros2-ublox-zedf9p/pics) by extension 'ros'
[0.376s] Level 1:colcon.colcon_core.package_identification:_identify(src/ros2-ublox-zedf9p/pics) by extensions ['cmake', 'python']
[0.376s] Level 1:colcon.colcon_core.package_identification:_identify(src/ros2-ublox-zedf9p/pics) by extension 'cmake'
[0.376s] Level 1:colcon.colcon_core.package_identification:_identify(src/ros2-ublox-zedf9p/pics) by extension 'python'
[0.376s] Level 1:colcon.colcon_core.package_identification:_identify(src/ros2-ublox-zedf9p/pics) by extensions ['python_setup_py']
[0.376s] Level 1:colcon.colcon_core.package_identification:_identify(src/ros2-ublox-zedf9p/pics) by extension 'python_setup_py'
[0.376s] Level 1:colcon.colcon_core.package_identification:_identify(src/ros2-ublox-zedf9p/ublox) by extensions ['ignore', 'ignore_ament_install']
[0.377s] Level 1:colcon.colcon_core.package_identification:_identify(src/ros2-ublox-zedf9p/ublox) by extension 'ignore'
[0.377s] Level 1:colcon.colcon_core.package_identification:_identify(src/ros2-ublox-zedf9p/ublox) by extension 'ignore_ament_install'
[0.377s] Level 1:colcon.colcon_core.package_identification:_identify(src/ros2-ublox-zedf9p/ublox) by extensions ['colcon_pkg']
[0.377s] Level 1:colcon.colcon_core.package_identification:_identify(src/ros2-ublox-zedf9p/ublox) by extension 'colcon_pkg'
[0.377s] Level 1:colcon.colcon_core.package_identification:_identify(src/ros2-ublox-zedf9p/ublox) by extensions ['colcon_meta']
[0.377s] Level 1:colcon.colcon_core.package_identification:_identify(src/ros2-ublox-zedf9p/ublox) by extension 'colcon_meta'
[0.377s] Level 1:colcon.colcon_core.package_identification:_identify(src/ros2-ublox-zedf9p/ublox) by extensions ['ros']
[0.377s] Level 1:colcon.colcon_core.package_identification:_identify(src/ros2-ublox-zedf9p/ublox) by extension 'ros'
[0.380s] DEBUG:colcon.colcon_core.package_identification:Package 'src/ros2-ublox-zedf9p/ublox' with type 'ros.ament_cmake' and name 'ublox'
[0.380s] Level 1:colcon.colcon_core.package_identification:_identify(src/ros2-ublox-zedf9p/ublox_gps) by extensions ['ignore', 'ignore_ament_install']
[0.380s] Level 1:colcon.colcon_core.package_identification:_identify(src/ros2-ublox-zedf9p/ublox_gps) by extension 'ignore'
[0.380s] Level 1:colcon.colcon_core.package_identification:_identify(src/ros2-ublox-zedf9p/ublox_gps) by extension 'ignore_ament_install'
[0.380s] Level 1:colcon.colcon_core.package_identification:_identify(src/ros2-ublox-zedf9p/ublox_gps) by extensions ['colcon_pkg']
[0.380s] Level 1:colcon.colcon_core.package_identification:_identify(src/ros2-ublox-zedf9p/ublox_gps) by extension 'colcon_pkg'
[0.380s] Level 1:colcon.colcon_core.package_identification:_identify(src/ros2-ublox-zedf9p/ublox_gps) by extensions ['colcon_meta']
[0.380s] Level 1:colcon.colcon_core.package_identification:_identify(src/ros2-ublox-zedf9p/ublox_gps) by extension 'colcon_meta'
[0.380s] Level 1:colcon.colcon_core.package_identification:_identify(src/ros2-ublox-zedf9p/ublox_gps) by extensions ['ros']
[0.381s] Level 1:colcon.colcon_core.package_identification:_identify(src/ros2-ublox-zedf9p/ublox_gps) by extension 'ros'
[0.382s] DEBUG:colcon.colcon_core.package_identification:Package 'src/ros2-ublox-zedf9p/ublox_gps' with type 'ros.ament_cmake' and name 'ublox_gps'
[0.382s] Level 1:colcon.colcon_core.package_identification:_identify(src/ros2-ublox-zedf9p/ublox_msgs) by extensions ['ignore', 'ignore_ament_install']
[0.382s] Level 1:colcon.colcon_core.package_identification:_identify(src/ros2-ublox-zedf9p/ublox_msgs) by extension 'ignore'
[0.382s] Level 1:colcon.colcon_core.package_identification:_identify(src/ros2-ublox-zedf9p/ublox_msgs) by extension 'ignore_ament_install'
[0.382s] Level 1:colcon.colcon_core.package_identification:_identify(src/ros2-ublox-zedf9p/ublox_msgs) by extensions ['colcon_pkg']
[0.382s] Level 1:colcon.colcon_core.package_identification:_identify(src/ros2-ublox-zedf9p/ublox_msgs) by extension 'colcon_pkg'
[0.382s] Level 1:colcon.colcon_core.package_identification:_identify(src/ros2-ublox-zedf9p/ublox_msgs) by extensions ['colcon_meta']
[0.382s] Level 1:colcon.colcon_core.package_identification:_identify(src/ros2-ublox-zedf9p/ublox_msgs) by extension 'colcon_meta'
[0.382s] Level 1:colcon.colcon_core.package_identification:_identify(src/ros2-ublox-zedf9p/ublox_msgs) by extensions ['ros']
[0.383s] Level 1:colcon.colcon_core.package_identification:_identify(src/ros2-ublox-zedf9p/ublox_msgs) by extension 'ros'
[0.383s] DEBUG:colcon.colcon_core.package_identification:Package 'src/ros2-ublox-zedf9p/ublox_msgs' with type 'ros.ament_cmake' and name 'ublox_msgs'
[0.383s] Level 1:colcon.colcon_core.package_identification:_identify(src/ros2-ublox-zedf9p/ublox_serialization) by extensions ['ignore', 'ignore_ament_install']
[0.384s] Level 1:colcon.colcon_core.package_identification:_identify(src/ros2-ublox-zedf9p/ublox_serialization) by extension 'ignore'
[0.384s] Level 1:colcon.colcon_core.package_identification:_identify(src/ros2-ublox-zedf9p/ublox_serialization) by extension 'ignore_ament_install'
[0.384s] Level 1:colcon.colcon_core.package_identification:_identify(src/ros2-ublox-zedf9p/ublox_serialization) by extensions ['colcon_pkg']
[0.384s] Level 1:colcon.colcon_core.package_identification:_identify(src/ros2-ublox-zedf9p/ublox_serialization) by extension 'colcon_pkg'
[0.384s] Level 1:colcon.colcon_core.package_identification:_identify(src/ros2-ublox-zedf9p/ublox_serialization) by extensions ['colcon_meta']
[0.384s] Level 1:colcon.colcon_core.package_identification:_identify(src/ros2-ublox-zedf9p/ublox_serialization) by extension 'colcon_meta'
[0.384s] Level 1:colcon.colcon_core.package_identification:_identify(src/ros2-ublox-zedf9p/ublox_serialization) by extensions ['ros']
[0.384s] Level 1:colcon.colcon_core.package_identification:_identify(src/ros2-ublox-zedf9p/ublox_serialization) by extension 'ros'
[0.384s] DEBUG:colcon.colcon_core.package_identification:Package 'src/ros2-ublox-zedf9p/ublox_serialization' with type 'ros.ament_cmake' and name 'ublox_serialization'
[0.385s] Level 1:colcon.colcon_core.package_discovery:discover_packages(recursive) using defaults
[0.385s] Level 1:colcon.colcon_core.package_discovery:discover_packages(ignore) discover
[0.385s] Level 1:colcon.colcon_core.package_discovery:discover_packages(ignore) using defaults
[0.385s] Level 1:colcon.colcon_core.package_discovery:discover_packages(path) discover
[0.385s] Level 1:colcon.colcon_core.package_discovery:discover_packages(path) using defaults
[0.406s] Level 1:colcon.colcon_core.package_discovery:discover_packages(prefix_path) check parameters
[0.406s] Level 1:colcon.colcon_core.package_discovery:discover_packages(prefix_path) discover
[0.409s] DEBUG:colcon.colcon_installed_package_information.package_discovery:Found 286 installed packages in /opt/ros/humble
[0.411s] Level 1:colcon.colcon_core.package_discovery:discover_packages(prefix_path) using defaults
[0.452s] Level 5:colcon.colcon_core.verb:set package 'ublox_serialization' build argument 'cmake_args' from command line to 'None'
[0.452s] Level 5:colcon.colcon_core.verb:set package 'ublox_serialization' build argument 'cmake_target' from command line to 'None'
[0.452s] Level 5:colcon.colcon_core.verb:set package 'ublox_serialization' build argument 'cmake_target_skip_unavailable' from command line to 'False'
[0.452s] Level 5:colcon.colcon_core.verb:set package 'ublox_serialization' build argument 'cmake_clean_cache' from command line to 'False'
[0.452s] Level 5:colcon.colcon_core.verb:set package 'ublox_serialization' build argument 'cmake_clean_first' from command line to 'False'
[0.452s] Level 5:colcon.colcon_core.verb:set package 'ublox_serialization' build argument 'cmake_force_configure' from command line to 'False'
[0.452s] Level 5:colcon.colcon_core.verb:set package 'ublox_serialization' build argument 'ament_cmake_args' from command line to 'None'
[0.452s] Level 5:colcon.colcon_core.verb:set package 'ublox_serialization' build argument 'catkin_cmake_args' from command line to 'None'
[0.452s] Level 5:colcon.colcon_core.verb:set package 'ublox_serialization' build argument 'catkin_skip_building_tests' from command line to 'False'
[0.452s] DEBUG:colcon.colcon_core.verb:Building package 'ublox_serialization' with the following arguments: {'ament_cmake_args': None, 'build_base': '/home/nambiar/ublox_ws/build/ublox_serialization', 'catkin_cmake_args': None, 'catkin_skip_building_tests': False, 'cmake_args': None, 'cmake_clean_cache': False, 'cmake_clean_first': False, 'cmake_force_configure': False, 'cmake_target': None, 'cmake_target_skip_unavailable': False, 'install_base': '/home/nambiar/ublox_ws/install/ublox_serialization', 'merge_install': False, 'path': '/home/nambiar/ublox_ws/src/ros2-ublox-zedf9p/ublox_serialization', 'symlink_install': False, 'test_result_base': None}
[0.453s] Level 5:colcon.colcon_core.verb:set package 'ublox_msgs' build argument 'cmake_args' from command line to 'None'
[0.453s] Level 5:colcon.colcon_core.verb:set package 'ublox_msgs' build argument 'cmake_target' from command line to 'None'
[0.453s] Level 5:colcon.colcon_core.verb:set package 'ublox_msgs' build argument 'cmake_target_skip_unavailable' from command line to 'False'
[0.453s] Level 5:colcon.colcon_core.verb:set package 'ublox_msgs' build argument 'cmake_clean_cache' from command line to 'False'
[0.453s] Level 5:colcon.colcon_core.verb:set package 'ublox_msgs' build argument 'cmake_clean_first' from command line to 'False'
[0.453s] Level 5:colcon.colcon_core.verb:set package 'ublox_msgs' build argument 'cmake_force_configure' from command line to 'False'
[0.453s] Level 5:colcon.colcon_core.verb:set package 'ublox_msgs' build argument 'ament_cmake_args' from command line to 'None'
[0.453s] Level 5:colcon.colcon_core.verb:set package 'ublox_msgs' build argument 'catkin_cmake_args' from command line to 'None'
[0.453s] Level 5:colcon.colcon_core.verb:set package 'ublox_msgs' build argument 'catkin_skip_building_tests' from command line to 'False'
[0.453s] DEBUG:colcon.colcon_core.verb:Building package 'ublox_msgs' with the following arguments: {'ament_cmake_args': None, 'build_base': '/home/nambiar/ublox_ws/build/ublox_msgs', 'catkin_cmake_args': None, 'catkin_skip_building_tests': False, 'cmake_args': None, 'cmake_clean_cache': False, 'cmake_clean_first': False, 'cmake_force_configure': False, 'cmake_target': None, 'cmake_target_skip_unavailable': False, 'install_base': '/home/nambiar/ublox_ws/install/ublox_msgs', 'merge_install': False, 'path': '/home/nambiar/ublox_ws/src/ros2-ublox-zedf9p/ublox_msgs', 'symlink_install': False, 'test_result_base': None}
[0.453s] Level 5:colcon.colcon_core.verb:set package 'ublox_gps' build argument 'cmake_args' from command line to 'None'
[0.453s] Level 5:colcon.colcon_core.verb:set package 'ublox_gps' build argument 'cmake_target' from command line to 'None'
[0.453s] Level 5:colcon.colcon_core.verb:set package 'ublox_gps' build argument 'cmake_target_skip_unavailable' from command line to 'False'
[0.453s] Level 5:colcon.colcon_core.verb:set package 'ublox_gps' build argument 'cmake_clean_cache' from command line to 'False'
[0.453s] Level 5:colcon.colcon_core.verb:set package 'ublox_gps' build argument 'cmake_clean_first' from command line to 'False'
[0.454s] Level 5:colcon.colcon_core.verb:set package 'ublox_gps' build argument 'cmake_force_configure' from command line to 'False'
[0.454s] Level 5:colcon.colcon_core.verb:set package 'ublox_gps' build argument 'ament_cmake_args' from command line to 'None'
[0.454s] Level 5:colcon.colcon_core.verb:set package 'ublox_gps' build argument 'catkin_cmake_args' from command line to 'None'
[0.454s] Level 5:colcon.colcon_core.verb:set package 'ublox_gps' build argument 'catkin_skip_building_tests' from command line to 'False'
[0.454s] DEBUG:colcon.colcon_core.verb:Building package 'ublox_gps' with the following arguments: {'ament_cmake_args': None, 'build_base': '/home/nambiar/ublox_ws/build/ublox_gps', 'catkin_cmake_args': None, 'catkin_skip_building_tests': False, 'cmake_args': None, 'cmake_clean_cache': False, 'cmake_clean_first': False, 'cmake_force_configure': False, 'cmake_target': None, 'cmake_target_skip_unavailable': False, 'install_base': '/home/nambiar/ublox_ws/install/ublox_gps', 'merge_install': False, 'path': '/home/nambiar/ublox_ws/src/ros2-ublox-zedf9p/ublox_gps', 'symlink_install': False, 'test_result_base': None}
[0.454s] Level 5:colcon.colcon_core.verb:set package 'ublox' build argument 'cmake_args' from command line to 'None'
[0.454s] Level 5:colcon.colcon_core.verb:set package 'ublox' build argument 'cmake_target' from command line to 'None'
[0.454s] Level 5:colcon.colcon_core.verb:set package 'ublox' build argument 'cmake_target_skip_unavailable' from command line to 'False'
[0.454s] Level 5:colcon.colcon_core.verb:set package 'ublox' build argument 'cmake_clean_cache' from command line to 'False'
[0.454s] Level 5:colcon.colcon_core.verb:set package 'ublox' build argument 'cmake_clean_first' from command line to 'False'
[0.454s] Level 5:colcon.colcon_core.verb:set package 'ublox' build argument 'cmake_force_configure' from command line to 'False'
[0.454s] Level 5:colcon.colcon_core.verb:set package 'ublox' build argument 'ament_cmake_args' from command line to 'None'
[0.454s] Level 5:colcon.colcon_core.verb:set package 'ublox' build argument 'catkin_cmake_args' from command line to 'None'
[0.454s] Level 5:colcon.colcon_core.verb:set package 'ublox' build argument 'catkin_skip_building_tests' from command line to 'False'
[0.454s] DEBUG:colcon.colcon_core.verb:Building package 'ublox' with the following arguments: {'ament_cmake_args': None, 'build_base': '/home/nambiar/ublox_ws/build/ublox', 'catkin_cmake_args': None, 'catkin_skip_building_tests': False, 'cmake_args': None, 'cmake_clean_cache': False, 'cmake_clean_first': False, 'cmake_force_configure': False, 'cmake_target': None, 'cmake_target_skip_unavailable': False, 'install_base': '/home/nambiar/ublox_ws/install/ublox', 'merge_install': False, 'path': '/home/nambiar/ublox_ws/src/ros2-ublox-zedf9p/ublox', 'symlink_install': False, 'test_result_base': None}
[0.454s] INFO:colcon.colcon_core.executor:Executing jobs using 'parallel' executor
[0.456s] DEBUG:colcon.colcon_parallel_executor.executor.parallel:run_until_complete
[0.456s] INFO:colcon.colcon_ros.task.ament_cmake.build:Building ROS package in '/home/nambiar/ublox_ws/src/ros2-ublox-zedf9p/ublox_serialization' with build type 'ament_cmake'
[0.456s] INFO:colcon.colcon_cmake.task.cmake.build:Building CMake package in '/home/nambiar/ublox_ws/src/ros2-ublox-zedf9p/ublox_serialization'
[0.458s] INFO:colcon.colcon_core.plugin_system:Skipping extension 'colcon_core.shell.bat': Not used on non-Windows systems
[0.458s] INFO:colcon.colcon_core.shell:Skip shell extension 'powershell' for command environment: Not usable outside of PowerShell
[0.458s] DEBUG:colcon.colcon_core.shell:Skip shell extension 'dsv' for command environment
[0.470s] DEBUG:colcon.colcon_core.event_handler.log_command:Invoking command in '/home/nambiar/ublox_ws/build/ublox_serialization': CMAKE_PREFIX_PATH=/opt/ros/humble /usr/bin/cmake --build /home/nambiar/ublox_ws/build/ublox_serialization -- -j12 -l12
[0.521s] DEBUG:colcon.colcon_core.event_handler.log_command:Invoked command in '/home/nambiar/ublox_ws/build/ublox_serialization' returned '0': CMAKE_PREFIX_PATH=/opt/ros/humble /usr/bin/cmake --build /home/nambiar/ublox_ws/build/ublox_serialization -- -j12 -l12
[0.570s] DEBUG:colcon.colcon_core.event_handler.log_command:Invoking command in '/home/nambiar/ublox_ws/build/ublox_serialization': CMAKE_PREFIX_PATH=/opt/ros/humble /usr/bin/cmake --install /home/nambiar/ublox_ws/build/ublox_serialization
[0.582s] Level 1:colcon.colcon_core.environment:create_environment_scripts_only(ublox_serialization)
[0.583s] DEBUG:colcon.colcon_core.event_handler.log_command:Invoked command in '/home/nambiar/ublox_ws/build/ublox_serialization' returned '0': CMAKE_PREFIX_PATH=/opt/ros/humble /usr/bin/cmake --install /home/nambiar/ublox_ws/build/ublox_serialization
[0.586s] Level 1:colcon.colcon_core.environment:checking '/home/nambiar/ublox_ws/install/ublox_serialization' for CMake module files
[0.586s] Level 1:colcon.colcon_core.environment:checking '/home/nambiar/ublox_ws/install/ublox_serialization' for CMake config files
[0.586s] Level 1:colcon.colcon_core.shell:create_environment_hook('ublox_serialization', 'cmake_prefix_path')
[0.587s] INFO:colcon.colcon_core.shell:Creating environment hook '/home/nambiar/ublox_ws/install/ublox_serialization/share/ublox_serialization/hook/cmake_prefix_path.ps1'
[0.587s] INFO:colcon.colcon_core.shell:Creating environment descriptor '/home/nambiar/ublox_ws/install/ublox_serialization/share/ublox_serialization/hook/cmake_prefix_path.dsv'
[0.588s] INFO:colcon.colcon_core.shell:Creating environment hook '/home/nambiar/ublox_ws/install/ublox_serialization/share/ublox_serialization/hook/cmake_prefix_path.sh'
[0.589s] Level 1:colcon.colcon_core.environment:checking '/home/nambiar/ublox_ws/install/ublox_serialization/bin'
[0.589s] Level 1:colcon.colcon_core.environment:checking '/home/nambiar/ublox_ws/install/ublox_serialization/lib/pkgconfig/ublox_serialization.pc'
[0.589s] Level 1:colcon.colcon_core.environment:checking '/home/nambiar/ublox_ws/install/ublox_serialization/lib/python3.10/site-packages'
[0.589s] Level 1:colcon.colcon_core.environment:checking '/home/nambiar/ublox_ws/install/ublox_serialization/bin'
[0.590s] INFO:colcon.colcon_core.shell:Creating package script '/home/nambiar/ublox_ws/install/ublox_serialization/share/ublox_serialization/package.ps1'
[0.590s] INFO:colcon.colcon_core.shell:Creating package descriptor '/home/nambiar/ublox_ws/install/ublox_serialization/share/ublox_serialization/package.dsv'
[0.591s] INFO:colcon.colcon_core.shell:Creating package script '/home/nambiar/ublox_ws/install/ublox_serialization/share/ublox_serialization/package.sh'
[0.592s] INFO:colcon.colcon_core.shell:Creating package script '/home/nambiar/ublox_ws/install/ublox_serialization/share/ublox_serialization/package.bash'
[0.593s] INFO:colcon.colcon_core.shell:Creating package script '/home/nambiar/ublox_ws/install/ublox_serialization/share/ublox_serialization/package.zsh'
[0.593s] Level 1:colcon.colcon_core.environment:create_file_with_runtime_dependencies(/home/nambiar/ublox_ws/install/ublox_serialization/share/colcon-core/packages/ublox_serialization)
[0.631s] Level 1:colcon.colcon_core.environment:create_environment_scripts_only(ublox_serialization)
[0.632s] Level 1:colcon.colcon_core.environment:checking '/home/nambiar/ublox_ws/install/ublox_serialization' for CMake module files
[0.632s] Level 1:colcon.colcon_core.environment:checking '/home/nambiar/ublox_ws/install/ublox_serialization' for CMake config files
[0.633s] Level 1:colcon.colcon_core.shell:create_environment_hook('ublox_serialization', 'cmake_prefix_path')
[0.633s] INFO:colcon.colcon_core.shell:Creating environment hook '/home/nambiar/ublox_ws/install/ublox_serialization/share/ublox_serialization/hook/cmake_prefix_path.ps1'
[0.633s] INFO:colcon.colcon_core.shell:Creating environment descriptor '/home/nambiar/ublox_ws/install/ublox_serialization/share/ublox_serialization/hook/cmake_prefix_path.dsv'
[0.634s] INFO:colcon.colcon_core.shell:Creating environment hook '/home/nambiar/ublox_ws/install/ublox_serialization/share/ublox_serialization/hook/cmake_prefix_path.sh'
[0.634s] Level 1:colcon.colcon_core.environment:checking '/home/nambiar/ublox_ws/install/ublox_serialization/bin'
[0.634s] Level 1:colcon.colcon_core.environment:checking '/home/nambiar/ublox_ws/install/ublox_serialization/lib/pkgconfig/ublox_serialization.pc'
[0.635s] Level 1:colcon.colcon_core.environment:checking '/home/nambiar/ublox_ws/install/ublox_serialization/lib/python3.10/site-packages'
[0.635s] Level 1:colcon.colcon_core.environment:checking '/home/nambiar/ublox_ws/install/ublox_serialization/bin'
[0.635s] INFO:colcon.colcon_core.shell:Creating package script '/home/nambiar/ublox_ws/install/ublox_serialization/share/ublox_serialization/package.ps1'
[0.636s] INFO:colcon.colcon_core.shell:Creating package descriptor '/home/nambiar/ublox_ws/install/ublox_serialization/share/ublox_serialization/package.dsv'
[0.636s] INFO:colcon.colcon_core.shell:Creating package script '/home/nambiar/ublox_ws/install/ublox_serialization/share/ublox_serialization/package.sh'
[0.637s] INFO:colcon.colcon_core.shell:Creating package script '/home/nambiar/ublox_ws/install/ublox_serialization/share/ublox_serialization/package.bash'
[0.637s] INFO:colcon.colcon_core.shell:Creating package script '/home/nambiar/ublox_ws/install/ublox_serialization/share/ublox_serialization/package.zsh'
[0.638s] Level 1:colcon.colcon_core.environment:create_file_with_runtime_dependencies(/home/nambiar/ublox_ws/install/ublox_serialization/share/colcon-core/packages/ublox_serialization)
[0.638s] INFO:colcon.colcon_ros.task.ament_cmake.build:Building ROS package in '/home/nambiar/ublox_ws/src/ros2-ublox-zedf9p/ublox_msgs' with build type 'ament_cmake'
[0.638s] INFO:colcon.colcon_cmake.task.cmake.build:Building CMake package in '/home/nambiar/ublox_ws/src/ros2-ublox-zedf9p/ublox_msgs'
[0.638s] INFO:colcon.colcon_core.shell:Skip shell extension 'powershell' for command environment: Not usable outside of PowerShell
[0.638s] DEBUG:colcon.colcon_core.shell:Skip shell extension 'dsv' for command environment
[0.650s] DEBUG:colcon.colcon_core.event_handler.log_command:Invoking command in '/home/nambiar/ublox_ws/build/ublox_msgs': AMENT_PREFIX_PATH=/home/nambiar/ublox_ws/install/ublox_serialization:${AMENT_PREFIX_PATH} CMAKE_PREFIX_PATH=/home/nambiar/ublox_ws/install/ublox_serialization:/opt/ros/humble /usr/bin/cmake --build /home/nambiar/ublox_ws/build/ublox_msgs -- -j12 -l12
[1.192s] DEBUG:colcon.colcon_core.event_handler.log_command:Invoked command in '/home/nambiar/ublox_ws/build/ublox_msgs' returned '0': AMENT_PREFIX_PATH=/home/nambiar/ublox_ws/install/ublox_serialization:${AMENT_PREFIX_PATH} CMAKE_PREFIX_PATH=/home/nambiar/ublox_ws/install/ublox_serialization:/opt/ros/humble /usr/bin/cmake --build /home/nambiar/ublox_ws/build/ublox_msgs -- -j12 -l12
[4.299s] DEBUG:colcon.colcon_core.event_handler.log_command:Invoking command in '/home/nambiar/ublox_ws/build/ublox_msgs': AMENT_PREFIX_PATH=/home/nambiar/ublox_ws/install/ublox_serialization:${AMENT_PREFIX_PATH} CMAKE_PREFIX_PATH=/home/nambiar/ublox_ws/install/ublox_serialization:/opt/ros/humble /usr/bin/cmake --install /home/nambiar/ublox_ws/build/ublox_msgs
[4.450s] Level 1:colcon.colcon_core.environment:create_environment_scripts_only(ublox_msgs)
[4.451s] Level 1:colcon.colcon_core.environment:checking '/home/nambiar/ublox_ws/install/ublox_msgs' for CMake module files
[4.452s] DEBUG:colcon.colcon_core.event_handler.log_command:Invoked command in '/home/nambiar/ublox_ws/build/ublox_msgs' returned '0': AMENT_PREFIX_PATH=/home/nambiar/ublox_ws/install/ublox_serialization:${AMENT_PREFIX_PATH} CMAKE_PREFIX_PATH=/home/nambiar/ublox_ws/install/ublox_serialization:/opt/ros/humble /usr/bin/cmake --install /home/nambiar/ublox_ws/build/ublox_msgs
[4.452s] Level 1:colcon.colcon_core.environment:checking '/home/nambiar/ublox_ws/install/ublox_msgs' for CMake config files
[4.454s] Level 1:colcon.colcon_core.shell:create_environment_hook('ublox_msgs', 'cmake_prefix_path')
[4.454s] INFO:colcon.colcon_core.shell:Creating environment hook '/home/nambiar/ublox_ws/install/ublox_msgs/share/ublox_msgs/hook/cmake_prefix_path.ps1'
[4.455s] INFO:colcon.colcon_core.shell:Creating environment descriptor '/home/nambiar/ublox_ws/install/ublox_msgs/share/ublox_msgs/hook/cmake_prefix_path.dsv'
[4.455s] INFO:colcon.colcon_core.shell:Creating environment hook '/home/nambiar/ublox_ws/install/ublox_msgs/share/ublox_msgs/hook/cmake_prefix_path.sh'
[4.456s] Level 1:colcon.colcon_core.environment:checking '/home/nambiar/ublox_ws/install/ublox_msgs/lib'
[4.456s] Level 1:colcon.colcon_core.shell:create_environment_hook('ublox_msgs', 'ld_library_path_lib')
[4.456s] INFO:colcon.colcon_core.shell:Creating environment hook '/home/nambiar/ublox_ws/install/ublox_msgs/share/ublox_msgs/hook/ld_library_path_lib.ps1'
[4.457s] INFO:colcon.colcon_core.shell:Creating environment descriptor '/home/nambiar/ublox_ws/install/ublox_msgs/share/ublox_msgs/hook/ld_library_path_lib.dsv'
[4.457s] INFO:colcon.colcon_core.shell:Creating environment hook '/home/nambiar/ublox_ws/install/ublox_msgs/share/ublox_msgs/hook/ld_library_path_lib.sh'
[4.458s] Level 1:colcon.colcon_core.environment:checking '/home/nambiar/ublox_ws/install/ublox_msgs/bin'
[4.458s] Level 1:colcon.colcon_core.environment:checking '/home/nambiar/ublox_ws/install/ublox_msgs/lib/pkgconfig/ublox_msgs.pc'
[4.458s] Level 1:colcon.colcon_core.environment:checking '/home/nambiar/ublox_ws/install/ublox_msgs/lib/python3.10/site-packages'
[4.458s] Level 1:colcon.colcon_core.environment:checking '/home/nambiar/ublox_ws/install/ublox_msgs/bin'
[4.458s] INFO:colcon.colcon_core.shell:Creating package script '/home/nambiar/ublox_ws/install/ublox_msgs/share/ublox_msgs/package.ps1'
[4.459s] INFO:colcon.colcon_core.shell:Creating package descriptor '/home/nambiar/ublox_ws/install/ublox_msgs/share/ublox_msgs/package.dsv'
[4.459s] INFO:colcon.colcon_core.shell:Creating package script '/home/nambiar/ublox_ws/install/ublox_msgs/share/ublox_msgs/package.sh'
[4.460s] INFO:colcon.colcon_core.shell:Creating package script '/home/nambiar/ublox_ws/install/ublox_msgs/share/ublox_msgs/package.bash'
[4.460s] INFO:colcon.colcon_core.shell:Creating package script '/home/nambiar/ublox_ws/install/ublox_msgs/share/ublox_msgs/package.zsh'
[4.461s] Level 1:colcon.colcon_core.environment:create_file_with_runtime_dependencies(/home/nambiar/ublox_ws/install/ublox_msgs/share/colcon-core/packages/ublox_msgs)
[7.462s] Level 1:colcon.colcon_core.environment:create_environment_scripts_only(ublox_msgs)
[7.462s] Level 1:colcon.colcon_core.environment:checking '/home/nambiar/ublox_ws/install/ublox_msgs' for CMake module files
[7.463s] Level 1:colcon.colcon_core.environment:checking '/home/nambiar/ublox_ws/install/ublox_msgs' for CMake config files
[7.465s] Level 1:colcon.colcon_core.shell:create_environment_hook('ublox_msgs', 'cmake_prefix_path')
[7.465s] INFO:colcon.colcon_core.shell:Creating environment hook '/home/nambiar/ublox_ws/install/ublox_msgs/share/ublox_msgs/hook/cmake_prefix_path.ps1'
[7.466s] INFO:colcon.colcon_core.shell:Creating environment descriptor '/home/nambiar/ublox_ws/install/ublox_msgs/share/ublox_msgs/hook/cmake_prefix_path.dsv'
[7.466s] INFO:colcon.colcon_core.shell:Creating environment hook '/home/nambiar/ublox_ws/install/ublox_msgs/share/ublox_msgs/hook/cmake_prefix_path.sh'
[7.467s] Level 1:colcon.colcon_core.environment:checking '/home/nambiar/ublox_ws/install/ublox_msgs/lib'
[7.467s] Level 1:colcon.colcon_core.shell:create_environment_hook('ublox_msgs', 'ld_library_path_lib')
[7.467s] INFO:colcon.colcon_core.shell:Creating environment hook '/home/nambiar/ublox_ws/install/ublox_msgs/share/ublox_msgs/hook/ld_library_path_lib.ps1'
[7.467s] INFO:colcon.colcon_core.shell:Creating environment descriptor '/home/nambiar/ublox_ws/install/ublox_msgs/share/ublox_msgs/hook/ld_library_path_lib.dsv'
[7.468s] INFO:colcon.colcon_core.shell:Creating environment hook '/home/nambiar/ublox_ws/install/ublox_msgs/share/ublox_msgs/hook/ld_library_path_lib.sh'
[7.468s] Level 1:colcon.colcon_core.environment:checking '/home/nambiar/ublox_ws/install/ublox_msgs/bin'
[7.468s] Level 1:colcon.colcon_core.environment:checking '/home/nambiar/ublox_ws/install/ublox_msgs/lib/pkgconfig/ublox_msgs.pc'
[7.469s] Level 1:colcon.colcon_core.environment:checking '/home/nambiar/ublox_ws/install/ublox_msgs/lib/python3.10/site-packages'
[7.469s] Level 1:colcon.colcon_core.environment:checking '/home/nambiar/ublox_ws/install/ublox_msgs/bin'
[7.469s] INFO:colcon.colcon_core.shell:Creating package script '/home/nambiar/ublox_ws/install/ublox_msgs/share/ublox_msgs/package.ps1'
[7.470s] INFO:colcon.colcon_core.shell:Creating package descriptor '/home/nambiar/ublox_ws/install/ublox_msgs/share/ublox_msgs/package.dsv'
[7.470s] INFO:colcon.colcon_core.shell:Creating package script '/home/nambiar/ublox_ws/install/ublox_msgs/share/ublox_msgs/package.sh'
[7.471s] INFO:colcon.colcon_core.shell:Creating package script '/home/nambiar/ublox_ws/install/ublox_msgs/share/ublox_msgs/package.bash'
[7.471s] INFO:colcon.colcon_core.shell:Creating package script '/home/nambiar/ublox_ws/install/ublox_msgs/share/ublox_msgs/package.zsh'
[7.472s] Level 1:colcon.colcon_core.environment:create_file_with_runtime_dependencies(/home/nambiar/ublox_ws/install/ublox_msgs/share/colcon-core/packages/ublox_msgs)
[7.472s] INFO:colcon.colcon_ros.task.ament_cmake.build:Building ROS package in '/home/nambiar/ublox_ws/src/ros2-ublox-zedf9p/ublox_gps' with build type 'ament_cmake'
[7.472s] INFO:colcon.colcon_cmake.task.cmake.build:Building CMake package in '/home/nambiar/ublox_ws/src/ros2-ublox-zedf9p/ublox_gps'
[7.472s] INFO:colcon.colcon_core.shell:Skip shell extension 'powershell' for command environment: Not usable outside of PowerShell
[7.472s] DEBUG:colcon.colcon_core.shell:Skip shell extension 'dsv' for command environment
[7.487s] DEBUG:colcon.colcon_core.event_handler.log_command:Invoking command in '/home/nambiar/ublox_ws/build/ublox_gps': AMENT_PREFIX_PATH=/home/nambiar/ublox_ws/install/ublox_msgs:/home/nambiar/ublox_ws/install/ublox_serialization:${AMENT_PREFIX_PATH} CMAKE_PREFIX_PATH=/home/nambiar/ublox_ws/install/ublox_msgs:/home/nambiar/ublox_ws/install/ublox_serialization:/opt/ros/humble LD_LIBRARY_PATH=/home/nambiar/ublox_ws/install/ublox_msgs/lib:${LD_LIBRARY_PATH} PYTHONPATH=/home/nambiar/ublox_ws/install/ublox_msgs/local/lib/python3.10/dist-packages:${PYTHONPATH} /usr/bin/cmake /home/nambiar/ublox_ws/src/ros2-ublox-zedf9p/ublox_gps -DCMAKE_INSTALL_PREFIX=/home/nambiar/ublox_ws/install/ublox_gps
[8.596s] DEBUG:colcon.colcon_core.event_handler.log_command:Invoked command in '/home/nambiar/ublox_ws/build/ublox_gps' returned '0': AMENT_PREFIX_PATH=/home/nambiar/ublox_ws/install/ublox_msgs:/home/nambiar/ublox_ws/install/ublox_serialization:${AMENT_PREFIX_PATH} CMAKE_PREFIX_PATH=/home/nambiar/ublox_ws/install/ublox_msgs:/home/nambiar/ublox_ws/install/ublox_serialization:/opt/ros/humble LD_LIBRARY_PATH=/home/nambiar/ublox_ws/install/ublox_msgs/lib:${LD_LIBRARY_PATH} PYTHONPATH=/home/nambiar/ublox_ws/install/ublox_msgs/local/lib/python3.10/dist-packages:${PYTHONPATH} /usr/bin/cmake /home/nambiar/ublox_ws/src/ros2-ublox-zedf9p/ublox_gps -DCMAKE_INSTALL_PREFIX=/home/nambiar/ublox_ws/install/ublox_gps
[8.598s] DEBUG:colcon.colcon_core.event_handler.log_command:Invoking command in '/home/nambiar/ublox_ws/build/ublox_gps': AMENT_PREFIX_PATH=/home/nambiar/ublox_ws/install/ublox_msgs:/home/nambiar/ublox_ws/install/ublox_serialization:${AMENT_PREFIX_PATH} CMAKE_PREFIX_PATH=/home/nambiar/ublox_ws/install/ublox_msgs:/home/nambiar/ublox_ws/install/ublox_serialization:/opt/ros/humble LD_LIBRARY_PATH=/home/nambiar/ublox_ws/install/ublox_msgs/lib:${LD_LIBRARY_PATH} PYTHONPATH=/home/nambiar/ublox_ws/install/ublox_msgs/local/lib/python3.10/dist-packages:${PYTHONPATH} /usr/bin/cmake --build /home/nambiar/ublox_ws/build/ublox_gps -- -j12 -l12
[36.829s] DEBUG:colcon.colcon_core.event_handler.log_command:Invoked command in '/home/nambiar/ublox_ws/build/ublox_gps' returned '0': AMENT_PREFIX_PATH=/home/nambiar/ublox_ws/install/ublox_msgs:/home/nambiar/ublox_ws/install/ublox_serialization:${AMENT_PREFIX_PATH} CMAKE_PREFIX_PATH=/home/nambiar/ublox_ws/install/ublox_msgs:/home/nambiar/ublox_ws/install/ublox_serialization:/opt/ros/humble LD_LIBRARY_PATH=/home/nambiar/ublox_ws/install/ublox_msgs/lib:${LD_LIBRARY_PATH} PYTHONPATH=/home/nambiar/ublox_ws/install/ublox_msgs/local/lib/python3.10/dist-packages:${PYTHONPATH} /usr/bin/cmake --build /home/nambiar/ublox_ws/build/ublox_gps -- -j12 -l12
[36.915s] DEBUG:colcon.colcon_core.event_handler.log_command:Invoking command in '/home/nambiar/ublox_ws/build/ublox_gps': AMENT_PREFIX_PATH=/home/nambiar/ublox_ws/install/ublox_msgs:/home/nambiar/ublox_ws/install/ublox_serialization:${AMENT_PREFIX_PATH} CMAKE_PREFIX_PATH=/home/nambiar/ublox_ws/install/ublox_msgs:/home/nambiar/ublox_ws/install/ublox_serialization:/opt/ros/humble LD_LIBRARY_PATH=/home/nambiar/ublox_ws/install/ublox_msgs/lib:${LD_LIBRARY_PATH} PYTHONPATH=/home/nambiar/ublox_ws/install/ublox_msgs/local/lib/python3.10/dist-packages:${PYTHONPATH} /usr/bin/cmake --install /home/nambiar/ublox_ws/build/ublox_gps
[36.966s] Level 1:colcon.colcon_core.environment:create_environment_scripts_only(ublox_gps)
[36.966s] Level 1:colcon.colcon_core.environment:checking '/home/nambiar/ublox_ws/install/ublox_gps' for CMake module files
[36.967s] DEBUG:colcon.colcon_core.event_handler.log_command:Invoked command in '/home/nambiar/ublox_ws/build/ublox_gps' returned '0': AMENT_PREFIX_PATH=/home/nambiar/ublox_ws/install/ublox_msgs:/home/nambiar/ublox_ws/install/ublox_serialization:${AMENT_PREFIX_PATH} CMAKE_PREFIX_PATH=/home/nambiar/ublox_ws/install/ublox_msgs:/home/nambiar/ublox_ws/install/ublox_serialization:/opt/ros/humble LD_LIBRARY_PATH=/home/nambiar/ublox_ws/install/ublox_msgs/lib:${LD_LIBRARY_PATH} PYTHONPATH=/home/nambiar/ublox_ws/install/ublox_msgs/local/lib/python3.10/dist-packages:${PYTHONPATH} /usr/bin/cmake --install /home/nambiar/ublox_ws/build/ublox_gps
[36.967s] Level 1:colcon.colcon_core.environment:checking '/home/nambiar/ublox_ws/install/ublox_gps' for CMake config files
[36.967s] Level 1:colcon.colcon_core.shell:create_environment_hook('ublox_gps', 'cmake_prefix_path')
[36.967s] INFO:colcon.colcon_core.shell:Creating environment hook '/home/nambiar/ublox_ws/install/ublox_gps/share/ublox_gps/hook/cmake_prefix_path.ps1'
[36.968s] INFO:colcon.colcon_core.shell:Creating environment descriptor '/home/nambiar/ublox_ws/install/ublox_gps/share/ublox_gps/hook/cmake_prefix_path.dsv'
[36.968s] INFO:colcon.colcon_core.shell:Creating environment hook '/home/nambiar/ublox_ws/install/ublox_gps/share/ublox_gps/hook/cmake_prefix_path.sh'
[36.968s] Level 1:colcon.colcon_core.environment:checking '/home/nambiar/ublox_ws/install/ublox_gps/lib'
[36.968s] Level 1:colcon.colcon_core.shell:create_environment_hook('ublox_gps', 'ld_library_path_lib')
[36.968s] INFO:colcon.colcon_core.shell:Creating environment hook '/home/nambiar/ublox_ws/install/ublox_gps/share/ublox_gps/hook/ld_library_path_lib.ps1'
[36.969s] INFO:colcon.colcon_core.shell:Creating environment descriptor '/home/nambiar/ublox_ws/install/ublox_gps/share/ublox_gps/hook/ld_library_path_lib.dsv'
[36.969s] INFO:colcon.colcon_core.shell:Creating environment hook '/home/nambiar/ublox_ws/install/ublox_gps/share/ublox_gps/hook/ld_library_path_lib.sh'
[36.969s] Level 1:colcon.colcon_core.environment:checking '/home/nambiar/ublox_ws/install/ublox_gps/bin'
[36.969s] Level 1:colcon.colcon_core.environment:checking '/home/nambiar/ublox_ws/install/ublox_gps/lib/pkgconfig/ublox_gps.pc'
[36.969s] Level 1:colcon.colcon_core.environment:checking '/home/nambiar/ublox_ws/install/ublox_gps/lib/python3.10/site-packages'
[36.969s] Level 1:colcon.colcon_core.environment:checking '/home/nambiar/ublox_ws/install/ublox_gps/bin'
[36.970s] INFO:colcon.colcon_core.shell:Creating package script '/home/nambiar/ublox_ws/install/ublox_gps/share/ublox_gps/package.ps1'
[36.970s] INFO:colcon.colcon_core.shell:Creating package descriptor '/home/nambiar/ublox_ws/install/ublox_gps/share/ublox_gps/package.dsv'
[36.970s] INFO:colcon.colcon_core.shell:Creating package script '/home/nambiar/ublox_ws/install/ublox_gps/share/ublox_gps/package.sh'
[36.971s] INFO:colcon.colcon_core.shell:Creating package script '/home/nambiar/ublox_ws/install/ublox_gps/share/ublox_gps/package.bash'
[36.971s] INFO:colcon.colcon_core.shell:Creating package script '/home/nambiar/ublox_ws/install/ublox_gps/share/ublox_gps/package.zsh'
[36.971s] Level 1:colcon.colcon_core.environment:create_file_with_runtime_dependencies(/home/nambiar/ublox_ws/install/ublox_gps/share/colcon-core/packages/ublox_gps)
[37.056s] Level 1:colcon.colcon_core.environment:create_environment_scripts_only(ublox_gps)
[37.056s] Level 1:colcon.colcon_core.environment:checking '/home/nambiar/ublox_ws/install/ublox_gps' for CMake module files
[37.057s] Level 1:colcon.colcon_core.environment:checking '/home/nambiar/ublox_ws/install/ublox_gps' for CMake config files
[37.057s] Level 1:colcon.colcon_core.shell:create_environment_hook('ublox_gps', 'cmake_prefix_path')
[37.057s] INFO:colcon.colcon_core.shell:Creating environment hook '/home/nambiar/ublox_ws/install/ublox_gps/share/ublox_gps/hook/cmake_prefix_path.ps1'
[37.057s] INFO:colcon.colcon_core.shell:Creating environment descriptor '/home/nambiar/ublox_ws/install/ublox_gps/share/ublox_gps/hook/cmake_prefix_path.dsv'
[37.058s] INFO:colcon.colcon_core.shell:Creating environment hook '/home/nambiar/ublox_ws/install/ublox_gps/share/ublox_gps/hook/cmake_prefix_path.sh'
[37.058s] Level 1:colcon.colcon_core.environment:checking '/home/nambiar/ublox_ws/install/ublox_gps/lib'
[37.058s] Level 1:colcon.colcon_core.shell:create_environment_hook('ublox_gps', 'ld_library_path_lib')
[37.058s] INFO:colcon.colcon_core.shell:Creating environment hook '/home/nambiar/ublox_ws/install/ublox_gps/share/ublox_gps/hook/ld_library_path_lib.ps1'
[37.059s] INFO:colcon.colcon_core.shell:Creating environment descriptor '/home/nambiar/ublox_ws/install/ublox_gps/share/ublox_gps/hook/ld_library_path_lib.dsv'
[37.059s] INFO:colcon.colcon_core.shell:Creating environment hook '/home/nambiar/ublox_ws/install/ublox_gps/share/ublox_gps/hook/ld_library_path_lib.sh'
[37.059s] Level 1:colcon.colcon_core.environment:checking '/home/nambiar/ublox_ws/install/ublox_gps/bin'
[37.059s] Level 1:colcon.colcon_core.environment:checking '/home/nambiar/ublox_ws/install/ublox_gps/lib/pkgconfig/ublox_gps.pc'
[37.059s] Level 1:colcon.colcon_core.environment:checking '/home/nambiar/ublox_ws/install/ublox_gps/lib/python3.10/site-packages'
[37.059s] Level 1:colcon.colcon_core.environment:checking '/home/nambiar/ublox_ws/install/ublox_gps/bin'
[37.060s] INFO:colcon.colcon_core.shell:Creating package script '/home/nambiar/ublox_ws/install/ublox_gps/share/ublox_gps/package.ps1'
[37.060s] INFO:colcon.colcon_core.shell:Creating package descriptor '/home/nambiar/ublox_ws/install/ublox_gps/share/ublox_gps/package.dsv'
[37.061s] INFO:colcon.colcon_core.shell:Creating package script '/home/nambiar/ublox_ws/install/ublox_gps/share/ublox_gps/package.sh'
[37.061s] INFO:colcon.colcon_core.shell:Creating package script '/home/nambiar/ublox_ws/install/ublox_gps/share/ublox_gps/package.bash'
[37.061s] INFO:colcon.colcon_core.shell:Creating package script '/home/nambiar/ublox_ws/install/ublox_gps/share/ublox_gps/package.zsh'
[37.061s] Level 1:colcon.colcon_core.environment:create_file_with_runtime_dependencies(/home/nambiar/ublox_ws/install/ublox_gps/share/colcon-core/packages/ublox_gps)
[37.062s] INFO:colcon.colcon_ros.task.ament_cmake.build:Building ROS package in '/home/nambiar/ublox_ws/src/ros2-ublox-zedf9p/ublox' with build type 'ament_cmake'
[37.062s] INFO:colcon.colcon_cmake.task.cmake.build:Building CMake package in '/home/nambiar/ublox_ws/src/ros2-ublox-zedf9p/ublox'
[37.062s] INFO:colcon.colcon_core.shell:Skip shell extension 'powershell' for command environment: Not usable outside of PowerShell
[37.062s] DEBUG:colcon.colcon_core.shell:Skip shell extension 'dsv' for command environment
[37.073s] DEBUG:colcon.colcon_core.event_handler.log_command:Invoking command in '/home/nambiar/ublox_ws/build/ublox': AMENT_PREFIX_PATH=/home/nambiar/ublox_ws/install/ublox_gps:/home/nambiar/ublox_ws/install/ublox_msgs:/home/nambiar/ublox_ws/install/ublox_serialization:${AMENT_PREFIX_PATH} CMAKE_PREFIX_PATH=/home/nambiar/ublox_ws/install/ublox_gps:/home/nambiar/ublox_ws/install/ublox_msgs:/home/nambiar/ublox_ws/install/ublox_serialization:/opt/ros/humble LD_LIBRARY_PATH=/home/nambiar/ublox_ws/install/ublox_gps/lib:/home/nambiar/ublox_ws/install/ublox_msgs/lib:${LD_LIBRARY_PATH} PYTHONPATH=/home/nambiar/ublox_ws/install/ublox_msgs/local/lib/python3.10/dist-packages:${PYTHONPATH} /usr/bin/cmake /home/nambiar/ublox_ws/src/ros2-ublox-zedf9p/ublox -DCMAKE_INSTALL_PREFIX=/home/nambiar/ublox_ws/install/ublox
[37.572s] DEBUG:colcon.colcon_core.event_handler.log_command:Invoked command in '/home/nambiar/ublox_ws/build/ublox' returned '0': AMENT_PREFIX_PATH=/home/nambiar/ublox_ws/install/ublox_gps:/home/nambiar/ublox_ws/install/ublox_msgs:/home/nambiar/ublox_ws/install/ublox_serialization:${AMENT_PREFIX_PATH} CMAKE_PREFIX_PATH=/home/nambiar/ublox_ws/install/ublox_gps:/home/nambiar/ublox_ws/install/ublox_msgs:/home/nambiar/ublox_ws/install/ublox_serialization:/opt/ros/humble LD_LIBRARY_PATH=/home/nambiar/ublox_ws/install/ublox_gps/lib:/home/nambiar/ublox_ws/install/ublox_msgs/lib:${LD_LIBRARY_PATH} PYTHONPATH=/home/nambiar/ublox_ws/install/ublox_msgs/local/lib/python3.10/dist-packages:${PYTHONPATH} /usr/bin/cmake /home/nambiar/ublox_ws/src/ros2-ublox-zedf9p/ublox -DCMAKE_INSTALL_PREFIX=/home/nambiar/ublox_ws/install/ublox
[37.573s] DEBUG:colcon.colcon_core.event_handler.log_command:Invoking command in '/home/nambiar/ublox_ws/build/ublox': AMENT_PREFIX_PATH=/home/nambiar/ublox_ws/install/ublox_gps:/home/nambiar/ublox_ws/install/ublox_msgs:/home/nambiar/ublox_ws/install/ublox_serialization:${AMENT_PREFIX_PATH} CMAKE_PREFIX_PATH=/home/nambiar/ublox_ws/install/ublox_gps:/home/nambiar/ublox_ws/install/ublox_msgs:/home/nambiar/ublox_ws/install/ublox_serialization:/opt/ros/humble LD_LIBRARY_PATH=/home/nambiar/ublox_ws/install/ublox_gps/lib:/home/nambiar/ublox_ws/install/ublox_msgs/lib:${LD_LIBRARY_PATH} PYTHONPATH=/home/nambiar/ublox_ws/install/ublox_msgs/local/lib/python3.10/dist-packages:${PYTHONPATH} /usr/bin/cmake --build /home/nambiar/ublox_ws/build/ublox -- -j12 -l12
[37.608s] DEBUG:colcon.colcon_core.event_handler.log_command:Invoked command in '/home/nambiar/ublox_ws/build/ublox' returned '0': AMENT_PREFIX_PATH=/home/nambiar/ublox_ws/install/ublox_gps:/home/nambiar/ublox_ws/install/ublox_msgs:/home/nambiar/ublox_ws/install/ublox_serialization:${AMENT_PREFIX_PATH} CMAKE_PREFIX_PATH=/home/nambiar/ublox_ws/install/ublox_gps:/home/nambiar/ublox_ws/install/ublox_msgs:/home/nambiar/ublox_ws/install/ublox_serialization:/opt/ros/humble LD_LIBRARY_PATH=/home/nambiar/ublox_ws/install/ublox_gps/lib:/home/nambiar/ublox_ws/install/ublox_msgs/lib:${LD_LIBRARY_PATH} PYTHONPATH=/home/nambiar/ublox_ws/install/ublox_msgs/local/lib/python3.10/dist-packages:${PYTHONPATH} /usr/bin/cmake --build /home/nambiar/ublox_ws/build/ublox -- -j12 -l12
[37.633s] DEBUG:colcon.colcon_core.event_handler.log_command:Invoking command in '/home/nambiar/ublox_ws/build/ublox': AMENT_PREFIX_PATH=/home/nambiar/ublox_ws/install/ublox_gps:/home/nambiar/ublox_ws/install/ublox_msgs:/home/nambiar/ublox_ws/install/ublox_serialization:${AMENT_PREFIX_PATH} CMAKE_PREFIX_PATH=/home/nambiar/ublox_ws/install/ublox_gps:/home/nambiar/ublox_ws/install/ublox_msgs:/home/nambiar/ublox_ws/install/ublox_serialization:/opt/ros/humble LD_LIBRARY_PATH=/home/nambiar/ublox_ws/install/ublox_gps/lib:/home/nambiar/ublox_ws/install/ublox_msgs/lib:${LD_LIBRARY_PATH} PYTHONPATH=/home/nambiar/ublox_ws/install/ublox_msgs/local/lib/python3.10/dist-packages:${PYTHONPATH} /usr/bin/cmake --install /home/nambiar/ublox_ws/build/ublox
[37.643s] Level 1:colcon.colcon_core.environment:create_environment_scripts_only(ublox)
[37.643s] Level 1:colcon.colcon_core.environment:checking '/home/nambiar/ublox_ws/install/ublox' for CMake module files
[37.643s] DEBUG:colcon.colcon_core.event_handler.log_command:Invoked command in '/home/nambiar/ublox_ws/build/ublox' returned '0': AMENT_PREFIX_PATH=/home/nambiar/ublox_ws/install/ublox_gps:/home/nambiar/ublox_ws/install/ublox_msgs:/home/nambiar/ublox_ws/install/ublox_serialization:${AMENT_PREFIX_PATH} CMAKE_PREFIX_PATH=/home/nambiar/ublox_ws/install/ublox_gps:/home/nambiar/ublox_ws/install/ublox_msgs:/home/nambiar/ublox_ws/install/ublox_serialization:/opt/ros/humble LD_LIBRARY_PATH=/home/nambiar/ublox_ws/install/ublox_gps/lib:/home/nambiar/ublox_ws/install/ublox_msgs/lib:${LD_LIBRARY_PATH} PYTHONPATH=/home/nambiar/ublox_ws/install/ublox_msgs/local/lib/python3.10/dist-packages:${PYTHONPATH} /usr/bin/cmake --install /home/nambiar/ublox_ws/build/ublox
[37.644s] Level 1:colcon.colcon_core.environment:checking '/home/nambiar/ublox_ws/install/ublox' for CMake config files
[37.644s] Level 1:colcon.colcon_core.shell:create_environment_hook('ublox', 'cmake_prefix_path')
[37.644s] INFO:colcon.colcon_core.shell:Creating environment hook '/home/nambiar/ublox_ws/install/ublox/share/ublox/hook/cmake_prefix_path.ps1'
[37.645s] INFO:colcon.colcon_core.shell:Creating environment descriptor '/home/nambiar/ublox_ws/install/ublox/share/ublox/hook/cmake_prefix_path.dsv'
[37.645s] INFO:colcon.colcon_core.shell:Creating environment hook '/home/nambiar/ublox_ws/install/ublox/share/ublox/hook/cmake_prefix_path.sh'
[37.645s] Level 1:colcon.colcon_core.environment:checking '/home/nambiar/ublox_ws/install/ublox/bin'
[37.645s] Level 1:colcon.colcon_core.environment:checking '/home/nambiar/ublox_ws/install/ublox/lib/pkgconfig/ublox.pc'
[37.645s] Level 1:colcon.colcon_core.environment:checking '/home/nambiar/ublox_ws/install/ublox/lib/python3.10/site-packages'
[37.646s] Level 1:colcon.colcon_core.environment:checking '/home/nambiar/ublox_ws/install/ublox/bin'
[37.646s] INFO:colcon.colcon_core.shell:Creating package script '/home/nambiar/ublox_ws/install/ublox/share/ublox/package.ps1'
[37.646s] INFO:colcon.colcon_core.shell:Creating package descriptor '/home/nambiar/ublox_ws/install/ublox/share/ublox/package.dsv'
[37.646s] INFO:colcon.colcon_core.shell:Creating package script '/home/nambiar/ublox_ws/install/ublox/share/ublox/package.sh'
[37.647s] INFO:colcon.colcon_core.shell:Creating package script '/home/nambiar/ublox_ws/install/ublox/share/ublox/package.bash'
[37.647s] INFO:colcon.colcon_core.shell:Creating package script '/home/nambiar/ublox_ws/install/ublox/share/ublox/package.zsh'
[37.647s] Level 1:colcon.colcon_core.environment:create_file_with_runtime_dependencies(/home/nambiar/ublox_ws/install/ublox/share/colcon-core/packages/ublox)
[37.672s] Level 1:colcon.colcon_core.environment:create_environment_scripts_only(ublox)
[37.672s] Level 1:colcon.colcon_core.environment:checking '/home/nambiar/ublox_ws/install/ublox' for CMake module files
[37.672s] Level 1:colcon.colcon_core.environment:checking '/home/nambiar/ublox_ws/install/ublox' for CMake config files
[37.673s] Level 1:colcon.colcon_core.shell:create_environment_hook('ublox', 'cmake_prefix_path')
[37.673s] INFO:colcon.colcon_core.shell:Creating environment hook '/home/nambiar/ublox_ws/install/ublox/share/ublox/hook/cmake_prefix_path.ps1'
[37.673s] INFO:colcon.colcon_core.shell:Creating environment descriptor '/home/nambiar/ublox_ws/install/ublox/share/ublox/hook/cmake_prefix_path.dsv'
[37.673s] INFO:colcon.colcon_core.shell:Creating environment hook '/home/nambiar/ublox_ws/install/ublox/share/ublox/hook/cmake_prefix_path.sh'
[37.674s] Level 1:colcon.colcon_core.environment:checking '/home/nambiar/ublox_ws/install/ublox/bin'
[37.674s] Level 1:colcon.colcon_core.environment:checking '/home/nambiar/ublox_ws/install/ublox/lib/pkgconfig/ublox.pc'
[37.674s] Level 1:colcon.colcon_core.environment:checking '/home/nambiar/ublox_ws/install/ublox/lib/python3.10/site-packages'
[37.674s] Level 1:colcon.colcon_core.environment:checking '/home/nambiar/ublox_ws/install/ublox/bin'
[37.674s] INFO:colcon.colcon_core.shell:Creating package script '/home/nambiar/ublox_ws/install/ublox/share/ublox/package.ps1'
[37.675s] INFO:colcon.colcon_core.shell:Creating package descriptor '/home/nambiar/ublox_ws/install/ublox/share/ublox/package.dsv'
[37.675s] INFO:colcon.colcon_core.shell:Creating package script '/home/nambiar/ublox_ws/install/ublox/share/ublox/package.sh'
[37.675s] INFO:colcon.colcon_core.shell:Creating package script '/home/nambiar/ublox_ws/install/ublox/share/ublox/package.bash'
[37.676s] INFO:colcon.colcon_core.shell:Creating package script '/home/nambiar/ublox_ws/install/ublox/share/ublox/package.zsh'
[37.676s] Level 1:colcon.colcon_core.environment:create_file_with_runtime_dependencies(/home/nambiar/ublox_ws/install/ublox/share/colcon-core/packages/ublox)
[37.676s] DEBUG:colcon.colcon_parallel_executor.executor.parallel:closing loop
[37.676s] DEBUG:colcon.colcon_parallel_executor.executor.parallel:loop closed
[37.676s] DEBUG:colcon.colcon_parallel_executor.executor.parallel:run_until_complete finished with '0'
[37.677s] DEBUG:colcon.colcon_core.event_reactor:joining thread
[37.683s] INFO:colcon.colcon_core.plugin_system:Skipping extension 'colcon_notification.desktop_notification.terminal_notifier': Not used on non-Darwin systems
[37.683s] INFO:colcon.colcon_core.plugin_system:Skipping extension 'colcon_notification.desktop_notification.win32': Not used on non-Windows systems
[37.683s] INFO:colcon.colcon_notification.desktop_notification:Sending desktop notification using 'notify2'
[37.693s] DEBUG:colcon.colcon_core.event_reactor:joined thread
[37.694s] INFO:colcon.colcon_core.shell:Creating prefix script '/home/nambiar/ublox_ws/install/local_setup.ps1'
[37.695s] INFO:colcon.colcon_core.shell:Creating prefix util module '/home/nambiar/ublox_ws/install/_local_setup_util_ps1.py'
[37.696s] INFO:colcon.colcon_core.shell:Creating prefix chain script '/home/nambiar/ublox_ws/install/setup.ps1'
[37.696s] INFO:colcon.colcon_core.shell:Creating prefix script '/home/nambiar/ublox_ws/install/local_setup.sh'
[37.697s] INFO:colcon.colcon_core.shell:Creating prefix util module '/home/nambiar/ublox_ws/install/_local_setup_util_sh.py'
[37.697s] INFO:colcon.colcon_core.shell:Creating prefix chain script '/home/nambiar/ublox_ws/install/setup.sh'
[37.698s] INFO:colcon.colcon_core.shell:Creating prefix script '/home/nambiar/ublox_ws/install/local_setup.bash'
[37.698s] INFO:colcon.colcon_core.shell:Creating prefix chain script '/home/nambiar/ublox_ws/install/setup.bash'
[37.699s] INFO:colcon.colcon_core.shell:Creating prefix script '/home/nambiar/ublox_ws/install/local_setup.zsh'
[37.699s] INFO:colcon.colcon_core.shell:Creating prefix chain script '/home/nambiar/ublox_ws/install/setup.zsh'
