[0.016s] Invoking command in '/home/nambiar/ublox_ws/build/ublox_gps': CMAKE_PREFIX_PATH=/home/nambiar/ublox_ws/install/ublox_msgs:/home/nambiar/ublox_ws/install/ublox_serialization:/home/nambiar/ublox_ws/install/ublox:/home/nambiar/ublox_ws/install/ublox_gps:/opt/ros/humble LD_LIBRARY_PATH=/home/nambiar/ublox_ws/install/ublox_msgs/lib:/home/nambiar/ublox_ws/install/ublox_gps/lib:/opt/ros/humble/opt/rviz_ogre_vendor/lib:/opt/ros/humble/lib/x86_64-linux-gnu:/opt/ros/humble/lib:/opt/openfoam11/thirdparty/platforms/linux64Gcc/gperftools-svn/lib:/opt/openfoam11/platforms/linux64GccDPInt32Opt/lib/openmpi-system:/opt/openfoam11/thirdparty/platforms/linux64GccDPInt32/lib/openmpi-system:/usr/lib/x86_64-linux-gnu/openmpi/lib:/home/nambiar/OpenFOAM/nambiar-11/platforms/linux64GccDPInt32Opt/lib:/opt/site/11/platforms/linux64GccDPInt32Opt/lib:/opt/openfoam11/platforms/linux64GccDPInt32Opt/lib:/opt/openfoam11/thirdparty/platforms/linux64GccDPInt32/lib:/opt/openfoam11/platforms/linux64GccDPInt32Opt/lib/dummy /usr/bin/cmake --build /home/nambiar/ublox_ws/build/ublox_gps -- -j12 -l12
[0.093s] [ 13%] Built target ublox_logger_node
[0.130s] [ 90%] Built target ublox_gps
[0.173s] [100%] Built target ublox_gps_node
[0.189s] Invoked command in '/home/nambiar/ublox_ws/build/ublox_gps' returned '0': CMAKE_PREFIX_PATH=/home/nambiar/ublox_ws/install/ublox_msgs:/home/nambiar/ublox_ws/install/ublox_serialization:/home/nambiar/ublox_ws/install/ublox:/home/nambiar/ublox_ws/install/ublox_gps:/opt/ros/humble LD_LIBRARY_PATH=/home/nambiar/ublox_ws/install/ublox_msgs/lib:/home/nambiar/ublox_ws/install/ublox_gps/lib:/opt/ros/humble/opt/rviz_ogre_vendor/lib:/opt/ros/humble/lib/x86_64-linux-gnu:/opt/ros/humble/lib:/opt/openfoam11/thirdparty/platforms/linux64Gcc/gperftools-svn/lib:/opt/openfoam11/platforms/linux64GccDPInt32Opt/lib/openmpi-system:/opt/openfoam11/thirdparty/platforms/linux64GccDPInt32/lib/openmpi-system:/usr/lib/x86_64-linux-gnu/openmpi/lib:/home/nambiar/OpenFOAM/nambiar-11/platforms/linux64GccDPInt32Opt/lib:/opt/site/11/platforms/linux64GccDPInt32Opt/lib:/opt/openfoam11/platforms/linux64GccDPInt32Opt/lib:/opt/openfoam11/thirdparty/platforms/linux64GccDPInt32/lib:/opt/openfoam11/platforms/linux64GccDPInt32Opt/lib/dummy /usr/bin/cmake --build /home/nambiar/ublox_ws/build/ublox_gps -- -j12 -l12
[0.324s] Invoking command in '/home/nambiar/ublox_ws/build/ublox_gps': CMAKE_PREFIX_PATH=/home/nambiar/ublox_ws/install/ublox_msgs:/home/nambiar/ublox_ws/install/ublox_serialization:/home/nambiar/ublox_ws/install/ublox:/home/nambiar/ublox_ws/install/ublox_gps:/opt/ros/humble LD_LIBRARY_PATH=/home/nambiar/ublox_ws/install/ublox_msgs/lib:/home/nambiar/ublox_ws/install/ublox_gps/lib:/opt/ros/humble/opt/rviz_ogre_vendor/lib:/opt/ros/humble/lib/x86_64-linux-gnu:/opt/ros/humble/lib:/opt/openfoam11/thirdparty/platforms/linux64Gcc/gperftools-svn/lib:/opt/openfoam11/platforms/linux64GccDPInt32Opt/lib/openmpi-system:/opt/openfoam11/thirdparty/platforms/linux64GccDPInt32/lib/openmpi-system:/usr/lib/x86_64-linux-gnu/openmpi/lib:/home/nambiar/OpenFOAM/nambiar-11/platforms/linux64GccDPInt32Opt/lib:/opt/site/11/platforms/linux64GccDPInt32Opt/lib:/opt/openfoam11/platforms/linux64GccDPInt32Opt/lib:/opt/openfoam11/thirdparty/platforms/linux64GccDPInt32/lib:/opt/openfoam11/platforms/linux64GccDPInt32Opt/lib/dummy /usr/bin/cmake --install /home/nambiar/ublox_ws/build/ublox_gps
[0.335s] -- Install configuration: ""
[0.336s] -- Up-to-date: /home/nambiar/ublox_ws/install/ublox_gps/lib/libublox_gps.so
[0.336s] -- Up-to-date: /home/nambiar/ublox_ws/install/ublox_gps/lib/ublox_gps/ublox_gps_node
[0.336s] -- Up-to-date: /home/nambiar/ublox_ws/install/ublox_gps/lib/ublox_gps/ublox_logger
[0.337s] -- Up-to-date: /home/nambiar/ublox_ws/install/ublox_gps/include
[0.337s] -- Up-to-date: /home/nambiar/ublox_ws/install/ublox_gps/include/ublox_gps
[0.337s] -- Up-to-date: /home/nambiar/ublox_ws/install/ublox_gps/include/ublox_gps/ublox_firmware.hpp
[0.337s] -- Up-to-date: /home/nambiar/ublox_ws/install/ublox_gps/include/ublox_gps/async_worker.hpp
[0.337s] -- Up-to-date: /home/nambiar/ublox_ws/install/ublox_gps/include/ublox_gps/node.hpp
[0.337s] -- Up-to-date: /home/nambiar/ublox_ws/install/ublox_gps/include/ublox_gps/rtcm.hpp
[0.337s] -- Up-to-date: /home/nambiar/ublox_ws/install/ublox_gps/include/ublox_gps/hpg_rov_product.hpp
[0.337s] -- Up-to-date: /home/nambiar/ublox_ws/install/ublox_gps/include/ublox_gps/fix_diagnostic.hpp
[0.337s] -- Up-to-date: /home/nambiar/ublox_ws/install/ublox_gps/include/ublox_gps/ublox_firmware7plus.hpp
[0.338s] -- Up-to-date: /home/nambiar/ublox_ws/install/ublox_gps/include/ublox_gps/component_interface.hpp
[0.338s] -- Up-to-date: /home/nambiar/ublox_ws/install/ublox_gps/include/ublox_gps/hp_pos_rec_product.hpp
[0.338s] -- Up-to-date: /home/nambiar/ublox_ws/install/ublox_gps/include/ublox_gps/raw_data_product.hpp
[0.338s] -- Up-to-date: /home/nambiar/ublox_ws/install/ublox_gps/include/ublox_gps/ublox_firmware6.hpp
[0.338s] -- Up-to-date: /home/nambiar/ublox_ws/install/ublox_gps/include/ublox_gps/mkgmtime.h
[0.338s] -- Up-to-date: /home/nambiar/ublox_ws/install/ublox_gps/include/ublox_gps/ublox_topic_diagnostic.hpp
[0.338s] -- Up-to-date: /home/nambiar/ublox_ws/install/ublox_gps/include/ublox_gps/ublox_firmware9.hpp
[0.338s] -- Up-to-date: /home/nambiar/ublox_ws/install/ublox_gps/include/ublox_gps/ublox_firmware7.hpp
[0.338s] -- Up-to-date: /home/nambiar/ublox_ws/install/ublox_gps/include/ublox_gps/gps.hpp
[0.338s] -- Up-to-date: /home/nambiar/ublox_ws/install/ublox_gps/include/ublox_gps/fts_product.hpp
[0.338s] -- Up-to-date: /home/nambiar/ublox_ws/install/ublox_gps/include/ublox_gps/callback.hpp
[0.338s] -- Up-to-date: /home/nambiar/ublox_ws/install/ublox_gps/include/ublox_gps/hpg_ref_product.hpp
[0.338s] -- Up-to-date: /home/nambiar/ublox_ws/install/ublox_gps/include/ublox_gps/worker.hpp
[0.339s] -- Up-to-date: /home/nambiar/ublox_ws/install/ublox_gps/include/ublox_gps/ublox_firmware8.hpp
[0.339s] -- Up-to-date: /home/nambiar/ublox_ws/install/ublox_gps/include/ublox_gps/gnss.hpp
[0.339s] -- Up-to-date: /home/nambiar/ublox_ws/install/ublox_gps/include/ublox_gps/adr_udr_product.hpp
[0.339s] -- Up-to-date: /home/nambiar/ublox_ws/install/ublox_gps/include/ublox_gps/raw_data_pa.hpp
[0.339s] -- Up-to-date: /home/nambiar/ublox_ws/install/ublox_gps/include/ublox_gps/tim_product.hpp
[0.339s] -- Up-to-date: /home/nambiar/ublox_ws/install/ublox_gps/include/ublox_gps/utils.hpp
[0.339s] -- Up-to-date: /home/nambiar/ublox_ws/install/ublox_gps/share/ublox_gps/launch
[0.339s] -- Up-to-date: /home/nambiar/ublox_ws/install/ublox_gps/share/ublox_gps/launch/ublox_gps_node-composed-launch.py
[0.339s] -- Up-to-date: /home/nambiar/ublox_ws/install/ublox_gps/share/ublox_gps/launch/ublox_gps_node_zedf9p-launch.py
[0.339s] -- Up-to-date: /home/nambiar/ublox_ws/install/ublox_gps/share/ublox_gps/config
[0.339s] -- Installing: /home/nambiar/ublox_ws/install/ublox_gps/share/ublox_gps/config/zed_f9p.yaml
[0.339s] -- Up-to-date: /home/nambiar/ublox_ws/install/ublox_gps/share/ament_index/resource_index/package_run_dependencies/ublox_gps
[0.339s] -- Up-to-date: /home/nambiar/ublox_ws/install/ublox_gps/share/ament_index/resource_index/parent_prefix_path/ublox_gps
[0.339s] -- Up-to-date: /home/nambiar/ublox_ws/install/ublox_gps/share/ublox_gps/environment/ament_prefix_path.sh
[0.339s] -- Up-to-date: /home/nambiar/ublox_ws/install/ublox_gps/share/ublox_gps/environment/ament_prefix_path.dsv
[0.340s] -- Up-to-date: /home/nambiar/ublox_ws/install/ublox_gps/share/ublox_gps/environment/path.sh
[0.340s] -- Up-to-date: /home/nambiar/ublox_ws/install/ublox_gps/share/ublox_gps/environment/path.dsv
[0.340s] -- Up-to-date: /home/nambiar/ublox_ws/install/ublox_gps/share/ublox_gps/local_setup.bash
[0.340s] -- Up-to-date: /home/nambiar/ublox_ws/install/ublox_gps/share/ublox_gps/local_setup.sh
[0.340s] -- Up-to-date: /home/nambiar/ublox_ws/install/ublox_gps/share/ublox_gps/local_setup.zsh
[0.340s] -- Up-to-date: /home/nambiar/ublox_ws/install/ublox_gps/share/ublox_gps/local_setup.dsv
[0.340s] -- Installing: /home/nambiar/ublox_ws/install/ublox_gps/share/ublox_gps/package.dsv
[0.340s] -- Up-to-date: /home/nambiar/ublox_ws/install/ublox_gps/share/ament_index/resource_index/packages/ublox_gps
[0.340s] -- Up-to-date: /home/nambiar/ublox_ws/install/ublox_gps/share/ament_index/resource_index/rclcpp_components/ublox_gps
[0.340s] -- Up-to-date: /home/nambiar/ublox_ws/install/ublox_gps/share/ublox_gps/cmake/ublox_gpsConfig.cmake
[0.340s] -- Up-to-date: /home/nambiar/ublox_ws/install/ublox_gps/share/ublox_gps/cmake/ublox_gpsConfig-version.cmake
[0.340s] -- Up-to-date: /home/nambiar/ublox_ws/install/ublox_gps/share/ublox_gps/package.xml
[0.342s] Invoked command in '/home/nambiar/ublox_ws/build/ublox_gps' returned '0': CMAKE_PREFIX_PATH=/home/nambiar/ublox_ws/install/ublox_msgs:/home/nambiar/ublox_ws/install/ublox_serialization:/home/nambiar/ublox_ws/install/ublox:/home/nambiar/ublox_ws/install/ublox_gps:/opt/ros/humble LD_LIBRARY_PATH=/home/nambiar/ublox_ws/install/ublox_msgs/lib:/home/nambiar/ublox_ws/install/ublox_gps/lib:/opt/ros/humble/opt/rviz_ogre_vendor/lib:/opt/ros/humble/lib/x86_64-linux-gnu:/opt/ros/humble/lib:/opt/openfoam11/thirdparty/platforms/linux64Gcc/gperftools-svn/lib:/opt/openfoam11/platforms/linux64GccDPInt32Opt/lib/openmpi-system:/opt/openfoam11/thirdparty/platforms/linux64GccDPInt32/lib/openmpi-system:/usr/lib/x86_64-linux-gnu/openmpi/lib:/home/nambiar/OpenFOAM/nambiar-11/platforms/linux64GccDPInt32Opt/lib:/opt/site/11/platforms/linux64GccDPInt32Opt/lib:/opt/openfoam11/platforms/linux64GccDPInt32Opt/lib:/opt/openfoam11/thirdparty/platforms/linux64GccDPInt32/lib:/opt/openfoam11/platforms/linux64GccDPInt32Opt/lib/dummy /usr/bin/cmake --install /home/nambiar/ublox_ws/build/ublox_gps
