[0.016s] Invoking command in '/home/nambiar/ublox_ws/build/ublox': CMAKE_PREFIX_PATH=/home/nambiar/ublox_ws/install/ublox_gps:/home/nambiar/ublox_ws/install/ublox_msgs:/home/nambiar/ublox_ws/install/ublox_serialization:/home/nambiar/ublox_ws/install/ublox:/opt/ros/humble /usr/bin/cmake --build /home/nambiar/ublox_ws/build/ublox -- -j12 -l12
[0.069s] Invoked command in '/home/nambiar/ublox_ws/build/ublox' returned '0': CMAKE_PREFIX_PATH=/home/nambiar/ublox_ws/install/ublox_gps:/home/nambiar/ublox_ws/install/ublox_msgs:/home/nambiar/ublox_ws/install/ublox_serialization:/home/nambiar/ublox_ws/install/ublox:/opt/ros/humble /usr/bin/cmake --build /home/nambiar/ublox_ws/build/ublox -- -j12 -l12
[0.109s] Invoking command in '/home/nambiar/ublox_ws/build/ublox': CMAKE_PREFIX_PATH=/home/nambiar/ublox_ws/install/ublox_gps:/home/nambiar/ublox_ws/install/ublox_msgs:/home/nambiar/ublox_ws/install/ublox_serialization:/home/nambiar/ublox_ws/install/ublox:/opt/ros/humble /usr/bin/cmake --install /home/nambiar/ublox_ws/build/ublox
[0.119s] -- Install configuration: ""
[0.119s] -- Up-to-date: /home/nambiar/ublox_ws/install/ublox/share/ament_index/resource_index/package_run_dependencies/ublox
[0.119s] -- Up-to-date: /home/nambiar/ublox_ws/install/ublox/share/ament_index/resource_index/parent_prefix_path/ublox
[0.119s] -- Up-to-date: /home/nambiar/ublox_ws/install/ublox/share/ublox/environment/ament_prefix_path.sh
[0.119s] -- Up-to-date: /home/nambiar/ublox_ws/install/ublox/share/ublox/environment/ament_prefix_path.dsv
[0.119s] -- Up-to-date: /home/nambiar/ublox_ws/install/ublox/share/ublox/environment/path.sh
[0.120s] -- Up-to-date: /home/nambiar/ublox_ws/install/ublox/share/ublox/environment/path.dsv
[0.120s] -- Up-to-date: /home/nambiar/ublox_ws/install/ublox/share/ublox/local_setup.bash
[0.120s] -- Up-to-date: /home/nambiar/ublox_ws/install/ublox/share/ublox/local_setup.sh
[0.120s] -- Up-to-date: /home/nambiar/ublox_ws/install/ublox/share/ublox/local_setup.zsh
[0.120s] -- Up-to-date: /home/nambiar/ublox_ws/install/ublox/share/ublox/local_setup.dsv
[0.120s] -- Installing: /home/nambiar/ublox_ws/install/ublox/share/ublox/package.dsv
[0.120s] -- Up-to-date: /home/nambiar/ublox_ws/install/ublox/share/ament_index/resource_index/packages/ublox
[0.120s] -- Up-to-date: /home/nambiar/ublox_ws/install/ublox/share/ublox/cmake/ubloxConfig.cmake
[0.120s] -- Up-to-date: /home/nambiar/ublox_ws/install/ublox/share/ublox/cmake/ubloxConfig-version.cmake
[0.120s] -- Up-to-date: /home/nambiar/ublox_ws/install/ublox/share/ublox/package.xml
[0.122s] Invoked command in '/home/nambiar/ublox_ws/build/ublox' returned '0': CMAKE_PREFIX_PATH=/home/nambiar/ublox_ws/install/ublox_gps:/home/nambiar/ublox_ws/install/ublox_msgs:/home/nambiar/ublox_ws/install/ublox_serialization:/home/nambiar/ublox_ws/install/ublox:/opt/ros/humble /usr/bin/cmake --install /home/nambiar/ublox_ws/build/ublox
