[0.131s] DEBUG:colcon:Command line arguments: ['/usr/bin/colcon', 'build']
[0.131s] DEBUG:colcon:Parsed command line arguments: Namespace(log_base=None, log_level=None, verb_name='build', build_base='build', install_base='install', merge_install=False, symlink_install=False, test_result_base=None, continue_on_error=False, executor='parallel', parallel_workers=12, event_handlers=None, ignore_user_meta=False, metas=['./colcon.meta'], base_paths=['.'], packages_ignore=None, packages_ignore_regex=None, paths=None, packages_up_to=None, packages_up_to_regex=None, packages_above=None, packages_above_and_dependencies=None, packages_above_depth=None, packages_select_by_dep=None, packages_skip_by_dep=None, packages_skip_up_to=None, packages_select_build_failed=False, packages_skip_build_finished=False, packages_select_test_failures=False, packages_skip_test_passed=False, packages_select=None, packages_skip=None, packages_select_regex=None, packages_skip_regex=None, packages_start=None, packages_end=None, allow_overriding=[], cmake_args=None, cmake_target=None, cmake_target_skip_unavailable=False, cmake_clean_cache=False, cmake_clean_first=False, cmake_force_configure=False, ament_cmake_args=None, catkin_cmake_args=None, catkin_skip_building_tests=False, mixin_files=None, mixin=None, verb_parser=<colcon_mixin.mixin.mixin_argument.MixinArgumentDecorator object at 0x7c9666b43970>, verb_extension=<colcon_core.verb.build.BuildVerb object at 0x7c9666c57f40>, main=<bound method BuildVerb.main of <colcon_core.verb.build.BuildVerb object at 0x7c9666c57f40>>, mixin_verb=('build',))
[0.368s] Level 1:colcon.colcon_core.package_discovery:discover_packages(colcon_meta) check parameters
[0.368s] Level 1:colcon.colcon_core.package_discovery:discover_packages(recursive) check parameters
[0.368s] Level 1:colcon.colcon_core.package_discovery:discover_packages(ignore) check parameters
[0.369s] Level 1:colcon.colcon_core.package_discovery:discover_packages(path) check parameters
[0.369s] Level 1:colcon.colcon_core.package_discovery:discover_packages(colcon_meta) discover
[0.369s] Level 1:colcon.colcon_core.package_discovery:discover_packages(recursive) discover
[0.369s] INFO:colcon.colcon_core.package_discovery:Crawling recursively for packages in '/home/nambiar/ublox_ws'
[0.369s] Level 1:colcon.colcon_core.package_identification:_identify(.) by extensions ['ignore', 'ignore_ament_install']
[0.369s] Level 1:colcon.colcon_core.package_identification:_identify(.) by extension 'ignore'
[0.369s] Level 1:colcon.colcon_core.package_identification:_identify(.) by extension 'ignore_ament_install'
[0.369s] Level 1:colcon.colcon_core.package_identification:_identify(.) by extensions ['colcon_pkg']
[0.369s] Level 1:colcon.colcon_core.package_identification:_identify(.) by extension 'colcon_pkg'
[0.369s] Level 1:colcon.colcon_core.package_identification:_identify(.) by extensions ['colcon_meta']
[0.369s] Level 1:colcon.colcon_core.package_identification:_identify(.) by extension 'colcon_meta'
[0.369s] Level 1:colcon.colcon_core.package_identification:_identify(.) by extensions ['ros']
[0.369s] Level 1:colcon.colcon_core.package_identification:_identify(.) by extension 'ros'
[0.381s] Level 1:colcon.colcon_core.package_identification:_identify(.) by extensions ['cmake', 'python']
[0.381s] Level 1:colcon.colcon_core.package_identification:_identify(.) by extension 'cmake'
[0.381s] Level 1:colcon.colcon_core.package_identification:_identify(.) by extension 'python'
[0.381s] Level 1:colcon.colcon_core.package_identification:_identify(.) by extensions ['python_setup_py']
[0.381s] Level 1:colcon.colcon_core.package_identification:_identify(.) by extension 'python_setup_py'
[0.381s] Level 1:colcon.colcon_core.package_identification:_identify(build) by extensions ['ignore', 'ignore_ament_install']
[0.381s] Level 1:colcon.colcon_core.package_identification:_identify(build) by extension 'ignore'
[0.381s] Level 1:colcon.colcon_core.package_identification:_identify(build) ignored
[0.382s] Level 1:colcon.colcon_core.package_identification:_identify(install) by extensions ['ignore', 'ignore_ament_install']
[0.382s] Level 1:colcon.colcon_core.package_identification:_identify(install) by extension 'ignore'
[0.382s] Level 1:colcon.colcon_core.package_identification:_identify(install) ignored
[0.382s] Level 1:colcon.colcon_core.package_identification:_identify(log) by extensions ['ignore', 'ignore_ament_install']
[0.382s] Level 1:colcon.colcon_core.package_identification:_identify(log) by extension 'ignore'
[0.382s] Level 1:colcon.colcon_core.package_identification:_identify(log) ignored
[0.382s] Level 1:colcon.colcon_core.package_identification:_identify(src) by extensions ['ignore', 'ignore_ament_install']
[0.382s] Level 1:colcon.colcon_core.package_identification:_identify(src) by extension 'ignore'
[0.382s] Level 1:colcon.colcon_core.package_identification:_identify(src) by extension 'ignore_ament_install'
[0.382s] Level 1:colcon.colcon_core.package_identification:_identify(src) by extensions ['colcon_pkg']
[0.382s] Level 1:colcon.colcon_core.package_identification:_identify(src) by extension 'colcon_pkg'
[0.382s] Level 1:colcon.colcon_core.package_identification:_identify(src) by extensions ['colcon_meta']
[0.382s] Level 1:colcon.colcon_core.package_identification:_identify(src) by extension 'colcon_meta'
[0.382s] Level 1:colcon.colcon_core.package_identification:_identify(src) by extensions ['ros']
[0.382s] Level 1:colcon.colcon_core.package_identification:_identify(src) by extension 'ros'
[0.383s] Level 1:colcon.colcon_core.package_identification:_identify(src) by extensions ['cmake', 'python']
[0.383s] Level 1:colcon.colcon_core.package_identification:_identify(src) by extension 'cmake'
[0.383s] Level 1:colcon.colcon_core.package_identification:_identify(src) by extension 'python'
[0.383s] Level 1:colcon.colcon_core.package_identification:_identify(src) by extensions ['python_setup_py']
[0.383s] Level 1:colcon.colcon_core.package_identification:_identify(src) by extension 'python_setup_py'
[0.383s] Level 1:colcon.colcon_core.package_identification:_identify(src/ros2-ublox-zedf9p) by extensions ['ignore', 'ignore_ament_install']
[0.383s] Level 1:colcon.colcon_core.package_identification:_identify(src/ros2-ublox-zedf9p) by extension 'ignore'
[0.383s] Level 1:colcon.colcon_core.package_identification:_identify(src/ros2-ublox-zedf9p) by extension 'ignore_ament_install'
[0.383s] Level 1:colcon.colcon_core.package_identification:_identify(src/ros2-ublox-zedf9p) by extensions ['colcon_pkg']
[0.383s] Level 1:colcon.colcon_core.package_identification:_identify(src/ros2-ublox-zedf9p) by extension 'colcon_pkg'
[0.383s] Level 1:colcon.colcon_core.package_identification:_identify(src/ros2-ublox-zedf9p) by extensions ['colcon_meta']
[0.383s] Level 1:colcon.colcon_core.package_identification:_identify(src/ros2-ublox-zedf9p) by extension 'colcon_meta'
[0.383s] Level 1:colcon.colcon_core.package_identification:_identify(src/ros2-ublox-zedf9p) by extensions ['ros']
[0.383s] Level 1:colcon.colcon_core.package_identification:_identify(src/ros2-ublox-zedf9p) by extension 'ros'
[0.383s] Level 1:colcon.colcon_core.package_identification:_identify(src/ros2-ublox-zedf9p) by extensions ['cmake', 'python']
[0.383s] Level 1:colcon.colcon_core.package_identification:_identify(src/ros2-ublox-zedf9p) by extension 'cmake'
[0.383s] Level 1:colcon.colcon_core.package_identification:_identify(src/ros2-ublox-zedf9p) by extension 'python'
[0.383s] Level 1:colcon.colcon_core.package_identification:_identify(src/ros2-ublox-zedf9p) by extensions ['python_setup_py']
[0.383s] Level 1:colcon.colcon_core.package_identification:_identify(src/ros2-ublox-zedf9p) by extension 'python_setup_py'
[0.384s] Level 1:colcon.colcon_core.package_identification:_identify(src/ros2-ublox-zedf9p/pics) by extensions ['ignore', 'ignore_ament_install']
[0.384s] Level 1:colcon.colcon_core.package_identification:_identify(src/ros2-ublox-zedf9p/pics) by extension 'ignore'
[0.384s] Level 1:colcon.colcon_core.package_identification:_identify(src/ros2-ublox-zedf9p/pics) by extension 'ignore_ament_install'
[0.384s] Level 1:colcon.colcon_core.package_identification:_identify(src/ros2-ublox-zedf9p/pics) by extensions ['colcon_pkg']
[0.384s] Level 1:colcon.colcon_core.package_identification:_identify(src/ros2-ublox-zedf9p/pics) by extension 'colcon_pkg'
[0.384s] Level 1:colcon.colcon_core.package_identification:_identify(src/ros2-ublox-zedf9p/pics) by extensions ['colcon_meta']
[0.384s] Level 1:colcon.colcon_core.package_identification:_identify(src/ros2-ublox-zedf9p/pics) by extension 'colcon_meta'
[0.384s] Level 1:colcon.colcon_core.package_identification:_identify(src/ros2-ublox-zedf9p/pics) by extensions ['ros']
[0.384s] Level 1:colcon.colcon_core.package_identification:_identify(src/ros2-ublox-zedf9p/pics) by extension 'ros'
[0.384s] Level 1:colcon.colcon_core.package_identification:_identify(src/ros2-ublox-zedf9p/pics) by extensions ['cmake', 'python']
[0.384s] Level 1:colcon.colcon_core.package_identification:_identify(src/ros2-ublox-zedf9p/pics) by extension 'cmake'
[0.384s] Level 1:colcon.colcon_core.package_identification:_identify(src/ros2-ublox-zedf9p/pics) by extension 'python'
[0.384s] Level 1:colcon.colcon_core.package_identification:_identify(src/ros2-ublox-zedf9p/pics) by extensions ['python_setup_py']
[0.384s] Level 1:colcon.colcon_core.package_identification:_identify(src/ros2-ublox-zedf9p/pics) by extension 'python_setup_py'
[0.384s] Level 1:colcon.colcon_core.package_identification:_identify(src/ros2-ublox-zedf9p/ublox) by extensions ['ignore', 'ignore_ament_install']
[0.384s] Level 1:colcon.colcon_core.package_identification:_identify(src/ros2-ublox-zedf9p/ublox) by extension 'ignore'
[0.385s] Level 1:colcon.colcon_core.package_identification:_identify(src/ros2-ublox-zedf9p/ublox) by extension 'ignore_ament_install'
[0.385s] Level 1:colcon.colcon_core.package_identification:_identify(src/ros2-ublox-zedf9p/ublox) by extensions ['colcon_pkg']
[0.385s] Level 1:colcon.colcon_core.package_identification:_identify(src/ros2-ublox-zedf9p/ublox) by extension 'colcon_pkg'
[0.385s] Level 1:colcon.colcon_core.package_identification:_identify(src/ros2-ublox-zedf9p/ublox) by extensions ['colcon_meta']
[0.385s] Level 1:colcon.colcon_core.package_identification:_identify(src/ros2-ublox-zedf9p/ublox) by extension 'colcon_meta'
[0.385s] Level 1:colcon.colcon_core.package_identification:_identify(src/ros2-ublox-zedf9p/ublox) by extensions ['ros']
[0.385s] Level 1:colcon.colcon_core.package_identification:_identify(src/ros2-ublox-zedf9p/ublox) by extension 'ros'
[0.388s] DEBUG:colcon.colcon_core.package_identification:Package 'src/ros2-ublox-zedf9p/ublox' with type 'ros.ament_cmake' and name 'ublox'
[0.388s] Level 1:colcon.colcon_core.package_identification:_identify(src/ros2-ublox-zedf9p/ublox_gps) by extensions ['ignore', 'ignore_ament_install']
[0.389s] Level 1:colcon.colcon_core.package_identification:_identify(src/ros2-ublox-zedf9p/ublox_gps) by extension 'ignore'
[0.389s] Level 1:colcon.colcon_core.package_identification:_identify(src/ros2-ublox-zedf9p/ublox_gps) by extension 'ignore_ament_install'
[0.389s] Level 1:colcon.colcon_core.package_identification:_identify(src/ros2-ublox-zedf9p/ublox_gps) by extensions ['colcon_pkg']
[0.389s] Level 1:colcon.colcon_core.package_identification:_identify(src/ros2-ublox-zedf9p/ublox_gps) by extension 'colcon_pkg'
[0.389s] Level 1:colcon.colcon_core.package_identification:_identify(src/ros2-ublox-zedf9p/ublox_gps) by extensions ['colcon_meta']
[0.389s] Level 1:colcon.colcon_core.package_identification:_identify(src/ros2-ublox-zedf9p/ublox_gps) by extension 'colcon_meta'
[0.389s] Level 1:colcon.colcon_core.package_identification:_identify(src/ros2-ublox-zedf9p/ublox_gps) by extensions ['ros']
[0.389s] Level 1:colcon.colcon_core.package_identification:_identify(src/ros2-ublox-zedf9p/ublox_gps) by extension 'ros'
[0.391s] DEBUG:colcon.colcon_core.package_identification:Package 'src/ros2-ublox-zedf9p/ublox_gps' with type 'ros.ament_cmake' and name 'ublox_gps'
[0.391s] Level 1:colcon.colcon_core.package_identification:_identify(src/ros2-ublox-zedf9p/ublox_msgs) by extensions ['ignore', 'ignore_ament_install']
[0.391s] Level 1:colcon.colcon_core.package_identification:_identify(src/ros2-ublox-zedf9p/ublox_msgs) by extension 'ignore'
[0.391s] Level 1:colcon.colcon_core.package_identification:_identify(src/ros2-ublox-zedf9p/ublox_msgs) by extension 'ignore_ament_install'
[0.391s] Level 1:colcon.colcon_core.package_identification:_identify(src/ros2-ublox-zedf9p/ublox_msgs) by extensions ['colcon_pkg']
[0.391s] Level 1:colcon.colcon_core.package_identification:_identify(src/ros2-ublox-zedf9p/ublox_msgs) by extension 'colcon_pkg'
[0.391s] Level 1:colcon.colcon_core.package_identification:_identify(src/ros2-ublox-zedf9p/ublox_msgs) by extensions ['colcon_meta']
[0.391s] Level 1:colcon.colcon_core.package_identification:_identify(src/ros2-ublox-zedf9p/ublox_msgs) by extension 'colcon_meta'
[0.391s] Level 1:colcon.colcon_core.package_identification:_identify(src/ros2-ublox-zedf9p/ublox_msgs) by extensions ['ros']
[0.391s] Level 1:colcon.colcon_core.package_identification:_identify(src/ros2-ublox-zedf9p/ublox_msgs) by extension 'ros'
[0.392s] DEBUG:colcon.colcon_core.package_identification:Package 'src/ros2-ublox-zedf9p/ublox_msgs' with type 'ros.ament_cmake' and name 'ublox_msgs'
[0.392s] Level 1:colcon.colcon_core.package_identification:_identify(src/ros2-ublox-zedf9p/ublox_serialization) by extensions ['ignore', 'ignore_ament_install']
[0.393s] Level 1:colcon.colcon_core.package_identification:_identify(src/ros2-ublox-zedf9p/ublox_serialization) by extension 'ignore'
[0.393s] Level 1:colcon.colcon_core.package_identification:_identify(src/ros2-ublox-zedf9p/ublox_serialization) by extension 'ignore_ament_install'
[0.393s] Level 1:colcon.colcon_core.package_identification:_identify(src/ros2-ublox-zedf9p/ublox_serialization) by extensions ['colcon_pkg']
[0.393s] Level 1:colcon.colcon_core.package_identification:_identify(src/ros2-ublox-zedf9p/ublox_serialization) by extension 'colcon_pkg'
[0.393s] Level 1:colcon.colcon_core.package_identification:_identify(src/ros2-ublox-zedf9p/ublox_serialization) by extensions ['colcon_meta']
[0.393s] Level 1:colcon.colcon_core.package_identification:_identify(src/ros2-ublox-zedf9p/ublox_serialization) by extension 'colcon_meta'
[0.393s] Level 1:colcon.colcon_core.package_identification:_identify(src/ros2-ublox-zedf9p/ublox_serialization) by extensions ['ros']
[0.393s] Level 1:colcon.colcon_core.package_identification:_identify(src/ros2-ublox-zedf9p/ublox_serialization) by extension 'ros'
[0.393s] DEBUG:colcon.colcon_core.package_identification:Package 'src/ros2-ublox-zedf9p/ublox_serialization' with type 'ros.ament_cmake' and name 'ublox_serialization'
[0.393s] Level 1:colcon.colcon_core.package_discovery:discover_packages(recursive) using defaults
[0.394s] Level 1:colcon.colcon_core.package_discovery:discover_packages(ignore) discover
[0.394s] Level 1:colcon.colcon_core.package_discovery:discover_packages(ignore) using defaults
[0.394s] Level 1:colcon.colcon_core.package_discovery:discover_packages(path) discover
[0.394s] Level 1:colcon.colcon_core.package_discovery:discover_packages(path) using defaults
[0.415s] Level 1:colcon.colcon_core.package_discovery:discover_packages(prefix_path) check parameters
[0.415s] Level 1:colcon.colcon_core.package_discovery:discover_packages(prefix_path) discover
[0.417s] DEBUG:colcon.colcon_installed_package_information.package_discovery:Found 4 installed packages in /home/nambiar/ublox_ws/install
[0.419s] DEBUG:colcon.colcon_installed_package_information.package_discovery:Found 286 installed packages in /opt/ros/humble
[0.421s] Level 1:colcon.colcon_core.package_discovery:discover_packages(prefix_path) using defaults
[0.469s] Level 5:colcon.colcon_core.verb:set package 'ublox_serialization' build argument 'cmake_args' from command line to 'None'
[0.469s] Level 5:colcon.colcon_core.verb:set package 'ublox_serialization' build argument 'cmake_target' from command line to 'None'
[0.469s] Level 5:colcon.colcon_core.verb:set package 'ublox_serialization' build argument 'cmake_target_skip_unavailable' from command line to 'False'
[0.469s] Level 5:colcon.colcon_core.verb:set package 'ublox_serialization' build argument 'cmake_clean_cache' from command line to 'False'
[0.469s] Level 5:colcon.colcon_core.verb:set package 'ublox_serialization' build argument 'cmake_clean_first' from command line to 'False'
[0.469s] Level 5:colcon.colcon_core.verb:set package 'ublox_serialization' build argument 'cmake_force_configure' from command line to 'False'
[0.469s] Level 5:colcon.colcon_core.verb:set package 'ublox_serialization' build argument 'ament_cmake_args' from command line to 'None'
[0.469s] Level 5:colcon.colcon_core.verb:set package 'ublox_serialization' build argument 'catkin_cmake_args' from command line to 'None'
[0.469s] Level 5:colcon.colcon_core.verb:set package 'ublox_serialization' build argument 'catkin_skip_building_tests' from command line to 'False'
[0.469s] DEBUG:colcon.colcon_core.verb:Building package 'ublox_serialization' with the following arguments: {'ament_cmake_args': None, 'build_base': '/home/nambiar/ublox_ws/build/ublox_serialization', 'catkin_cmake_args': None, 'catkin_skip_building_tests': False, 'cmake_args': None, 'cmake_clean_cache': False, 'cmake_clean_first': False, 'cmake_force_configure': False, 'cmake_target': None, 'cmake_target_skip_unavailable': False, 'install_base': '/home/nambiar/ublox_ws/install/ublox_serialization', 'merge_install': False, 'path': '/home/nambiar/ublox_ws/src/ros2-ublox-zedf9p/ublox_serialization', 'symlink_install': False, 'test_result_base': None}
[0.469s] Level 5:colcon.colcon_core.verb:set package 'ublox_msgs' build argument 'cmake_args' from command line to 'None'
[0.469s] Level 5:colcon.colcon_core.verb:set package 'ublox_msgs' build argument 'cmake_target' from command line to 'None'
[0.469s] Level 5:colcon.colcon_core.verb:set package 'ublox_msgs' build argument 'cmake_target_skip_unavailable' from command line to 'False'
[0.469s] Level 5:colcon.colcon_core.verb:set package 'ublox_msgs' build argument 'cmake_clean_cache' from command line to 'False'
[0.469s] Level 5:colcon.colcon_core.verb:set package 'ublox_msgs' build argument 'cmake_clean_first' from command line to 'False'
[0.469s] Level 5:colcon.colcon_core.verb:set package 'ublox_msgs' build argument 'cmake_force_configure' from command line to 'False'
[0.469s] Level 5:colcon.colcon_core.verb:set package 'ublox_msgs' build argument 'ament_cmake_args' from command line to 'None'
[0.469s] Level 5:colcon.colcon_core.verb:set package 'ublox_msgs' build argument 'catkin_cmake_args' from command line to 'None'
[0.470s] Level 5:colcon.colcon_core.verb:set package 'ublox_msgs' build argument 'catkin_skip_building_tests' from command line to 'False'
[0.470s] DEBUG:colcon.colcon_core.verb:Building package 'ublox_msgs' with the following arguments: {'ament_cmake_args': None, 'build_base': '/home/nambiar/ublox_ws/build/ublox_msgs', 'catkin_cmake_args': None, 'catkin_skip_building_tests': False, 'cmake_args': None, 'cmake_clean_cache': False, 'cmake_clean_first': False, 'cmake_force_configure': False, 'cmake_target': None, 'cmake_target_skip_unavailable': False, 'install_base': '/home/nambiar/ublox_ws/install/ublox_msgs', 'merge_install': False, 'path': '/home/nambiar/ublox_ws/src/ros2-ublox-zedf9p/ublox_msgs', 'symlink_install': False, 'test_result_base': None}
[0.470s] Level 5:colcon.colcon_core.verb:set package 'ublox_gps' build argument 'cmake_args' from command line to 'None'
[0.470s] Level 5:colcon.colcon_core.verb:set package 'ublox_gps' build argument 'cmake_target' from command line to 'None'
[0.470s] Level 5:colcon.colcon_core.verb:set package 'ublox_gps' build argument 'cmake_target_skip_unavailable' from command line to 'False'
[0.470s] Level 5:colcon.colcon_core.verb:set package 'ublox_gps' build argument 'cmake_clean_cache' from command line to 'False'
[0.470s] Level 5:colcon.colcon_core.verb:set package 'ublox_gps' build argument 'cmake_clean_first' from command line to 'False'
[0.470s] Level 5:colcon.colcon_core.verb:set package 'ublox_gps' build argument 'cmake_force_configure' from command line to 'False'
[0.470s] Level 5:colcon.colcon_core.verb:set package 'ublox_gps' build argument 'ament_cmake_args' from command line to 'None'
[0.470s] Level 5:colcon.colcon_core.verb:set package 'ublox_gps' build argument 'catkin_cmake_args' from command line to 'None'
[0.470s] Level 5:colcon.colcon_core.verb:set package 'ublox_gps' build argument 'catkin_skip_building_tests' from command line to 'False'
[0.470s] DEBUG:colcon.colcon_core.verb:Building package 'ublox_gps' with the following arguments: {'ament_cmake_args': None, 'build_base': '/home/nambiar/ublox_ws/build/ublox_gps', 'catkin_cmake_args': None, 'catkin_skip_building_tests': False, 'cmake_args': None, 'cmake_clean_cache': False, 'cmake_clean_first': False, 'cmake_force_configure': False, 'cmake_target': None, 'cmake_target_skip_unavailable': False, 'install_base': '/home/nambiar/ublox_ws/install/ublox_gps', 'merge_install': False, 'path': '/home/nambiar/ublox_ws/src/ros2-ublox-zedf9p/ublox_gps', 'symlink_install': False, 'test_result_base': None}
[0.471s] Level 5:colcon.colcon_core.verb:set package 'ublox' build argument 'cmake_args' from command line to 'None'
[0.471s] Level 5:colcon.colcon_core.verb:set package 'ublox' build argument 'cmake_target' from command line to 'None'
[0.471s] Level 5:colcon.colcon_core.verb:set package 'ublox' build argument 'cmake_target_skip_unavailable' from command line to 'False'
[0.471s] Level 5:colcon.colcon_core.verb:set package 'ublox' build argument 'cmake_clean_cache' from command line to 'False'
[0.471s] Level 5:colcon.colcon_core.verb:set package 'ublox' build argument 'cmake_clean_first' from command line to 'False'
[0.471s] Level 5:colcon.colcon_core.verb:set package 'ublox' build argument 'cmake_force_configure' from command line to 'False'
[0.471s] Level 5:colcon.colcon_core.verb:set package 'ublox' build argument 'ament_cmake_args' from command line to 'None'
[0.471s] Level 5:colcon.colcon_core.verb:set package 'ublox' build argument 'catkin_cmake_args' from command line to 'None'
[0.471s] Level 5:colcon.colcon_core.verb:set package 'ublox' build argument 'catkin_skip_building_tests' from command line to 'False'
[0.471s] DEBUG:colcon.colcon_core.verb:Building package 'ublox' with the following arguments: {'ament_cmake_args': None, 'build_base': '/home/nambiar/ublox_ws/build/ublox', 'catkin_cmake_args': None, 'catkin_skip_building_tests': False, 'cmake_args': None, 'cmake_clean_cache': False, 'cmake_clean_first': False, 'cmake_force_configure': False, 'cmake_target': None, 'cmake_target_skip_unavailable': False, 'install_base': '/home/nambiar/ublox_ws/install/ublox', 'merge_install': False, 'path': '/home/nambiar/ublox_ws/src/ros2-ublox-zedf9p/ublox', 'symlink_install': False, 'test_result_base': None}
[0.471s] INFO:colcon.colcon_core.executor:Executing jobs using 'parallel' executor
[0.473s] DEBUG:colcon.colcon_parallel_executor.executor.parallel:run_until_complete
[0.473s] INFO:colcon.colcon_ros.task.ament_cmake.build:Building ROS package in '/home/nambiar/ublox_ws/src/ros2-ublox-zedf9p/ublox_serialization' with build type 'ament_cmake'
[0.473s] INFO:colcon.colcon_cmake.task.cmake.build:Building CMake package in '/home/nambiar/ublox_ws/src/ros2-ublox-zedf9p/ublox_serialization'
[0.475s] INFO:colcon.colcon_core.plugin_system:Skipping extension 'colcon_core.shell.bat': Not used on non-Windows systems
[0.475s] INFO:colcon.colcon_core.shell:Skip shell extension 'powershell' for command environment: Not usable outside of PowerShell
[0.475s] DEBUG:colcon.colcon_core.shell:Skip shell extension 'dsv' for command environment
[0.488s] DEBUG:colcon.colcon_core.event_handler.log_command:Invoking command in '/home/nambiar/ublox_ws/build/ublox_serialization': CMAKE_PREFIX_PATH=${CMAKE_PREFIX_PATH}:/opt/ros/humble /usr/bin/cmake --build /home/nambiar/ublox_ws/build/ublox_serialization -- -j12 -l12
[0.541s] DEBUG:colcon.colcon_core.event_handler.log_command:Invoked command in '/home/nambiar/ublox_ws/build/ublox_serialization' returned '0': CMAKE_PREFIX_PATH=${CMAKE_PREFIX_PATH}:/opt/ros/humble /usr/bin/cmake --build /home/nambiar/ublox_ws/build/ublox_serialization -- -j12 -l12
[0.594s] DEBUG:colcon.colcon_core.event_handler.log_command:Invoking command in '/home/nambiar/ublox_ws/build/ublox_serialization': CMAKE_PREFIX_PATH=${CMAKE_PREFIX_PATH}:/opt/ros/humble /usr/bin/cmake --install /home/nambiar/ublox_ws/build/ublox_serialization
[0.606s] Level 1:colcon.colcon_core.environment:create_environment_scripts_only(ublox_serialization)
[0.607s] DEBUG:colcon.colcon_core.event_handler.log_command:Invoked command in '/home/nambiar/ublox_ws/build/ublox_serialization' returned '0': CMAKE_PREFIX_PATH=${CMAKE_PREFIX_PATH}:/opt/ros/humble /usr/bin/cmake --install /home/nambiar/ublox_ws/build/ublox_serialization
[0.609s] Level 1:colcon.colcon_core.environment:checking '/home/nambiar/ublox_ws/install/ublox_serialization' for CMake module files
[0.609s] Level 1:colcon.colcon_core.environment:checking '/home/nambiar/ublox_ws/install/ublox_serialization' for CMake config files
[0.610s] Level 1:colcon.colcon_core.shell:create_environment_hook('ublox_serialization', 'cmake_prefix_path')
[0.610s] INFO:colcon.colcon_core.shell:Creating environment hook '/home/nambiar/ublox_ws/install/ublox_serialization/share/ublox_serialization/hook/cmake_prefix_path.ps1'
[0.611s] INFO:colcon.colcon_core.shell:Creating environment descriptor '/home/nambiar/ublox_ws/install/ublox_serialization/share/ublox_serialization/hook/cmake_prefix_path.dsv'
[0.611s] INFO:colcon.colcon_core.shell:Creating environment hook '/home/nambiar/ublox_ws/install/ublox_serialization/share/ublox_serialization/hook/cmake_prefix_path.sh'
[0.612s] Level 1:colcon.colcon_core.environment:checking '/home/nambiar/ublox_ws/install/ublox_serialization/bin'
[0.612s] Level 1:colcon.colcon_core.environment:checking '/home/nambiar/ublox_ws/install/ublox_serialization/lib/pkgconfig/ublox_serialization.pc'
[0.612s] Level 1:colcon.colcon_core.environment:checking '/home/nambiar/ublox_ws/install/ublox_serialization/lib/python3.10/site-packages'
[0.613s] Level 1:colcon.colcon_core.environment:checking '/home/nambiar/ublox_ws/install/ublox_serialization/bin'
[0.613s] INFO:colcon.colcon_core.shell:Creating package script '/home/nambiar/ublox_ws/install/ublox_serialization/share/ublox_serialization/package.ps1'
[0.614s] INFO:colcon.colcon_core.shell:Creating package descriptor '/home/nambiar/ublox_ws/install/ublox_serialization/share/ublox_serialization/package.dsv'
[0.614s] INFO:colcon.colcon_core.shell:Creating package script '/home/nambiar/ublox_ws/install/ublox_serialization/share/ublox_serialization/package.sh'
[0.615s] INFO:colcon.colcon_core.shell:Creating package script '/home/nambiar/ublox_ws/install/ublox_serialization/share/ublox_serialization/package.bash'
[0.616s] INFO:colcon.colcon_core.shell:Creating package script '/home/nambiar/ublox_ws/install/ublox_serialization/share/ublox_serialization/package.zsh'
[0.616s] Level 1:colcon.colcon_core.environment:create_file_with_runtime_dependencies(/home/nambiar/ublox_ws/install/ublox_serialization/share/colcon-core/packages/ublox_serialization)
[0.656s] Level 1:colcon.colcon_core.environment:create_environment_scripts_only(ublox_serialization)
[0.656s] Level 1:colcon.colcon_core.environment:checking '/home/nambiar/ublox_ws/install/ublox_serialization' for CMake module files
[0.656s] Level 1:colcon.colcon_core.environment:checking '/home/nambiar/ublox_ws/install/ublox_serialization' for CMake config files
[0.657s] Level 1:colcon.colcon_core.shell:create_environment_hook('ublox_serialization', 'cmake_prefix_path')
[0.657s] INFO:colcon.colcon_core.shell:Creating environment hook '/home/nambiar/ublox_ws/install/ublox_serialization/share/ublox_serialization/hook/cmake_prefix_path.ps1'
[0.657s] INFO:colcon.colcon_core.shell:Creating environment descriptor '/home/nambiar/ublox_ws/install/ublox_serialization/share/ublox_serialization/hook/cmake_prefix_path.dsv'
[0.658s] INFO:colcon.colcon_core.shell:Creating environment hook '/home/nambiar/ublox_ws/install/ublox_serialization/share/ublox_serialization/hook/cmake_prefix_path.sh'
[0.659s] Level 1:colcon.colcon_core.environment:checking '/home/nambiar/ublox_ws/install/ublox_serialization/bin'
[0.659s] Level 1:colcon.colcon_core.environment:checking '/home/nambiar/ublox_ws/install/ublox_serialization/lib/pkgconfig/ublox_serialization.pc'
[0.659s] Level 1:colcon.colcon_core.environment:checking '/home/nambiar/ublox_ws/install/ublox_serialization/lib/python3.10/site-packages'
[0.659s] Level 1:colcon.colcon_core.environment:checking '/home/nambiar/ublox_ws/install/ublox_serialization/bin'
[0.659s] INFO:colcon.colcon_core.shell:Creating package script '/home/nambiar/ublox_ws/install/ublox_serialization/share/ublox_serialization/package.ps1'
[0.660s] INFO:colcon.colcon_core.shell:Creating package descriptor '/home/nambiar/ublox_ws/install/ublox_serialization/share/ublox_serialization/package.dsv'
[0.660s] INFO:colcon.colcon_core.shell:Creating package script '/home/nambiar/ublox_ws/install/ublox_serialization/share/ublox_serialization/package.sh'
[0.661s] INFO:colcon.colcon_core.shell:Creating package script '/home/nambiar/ublox_ws/install/ublox_serialization/share/ublox_serialization/package.bash'
[0.661s] INFO:colcon.colcon_core.shell:Creating package script '/home/nambiar/ublox_ws/install/ublox_serialization/share/ublox_serialization/package.zsh'
[0.662s] Level 1:colcon.colcon_core.environment:create_file_with_runtime_dependencies(/home/nambiar/ublox_ws/install/ublox_serialization/share/colcon-core/packages/ublox_serialization)
[0.662s] INFO:colcon.colcon_ros.task.ament_cmake.build:Building ROS package in '/home/nambiar/ublox_ws/src/ros2-ublox-zedf9p/ublox_msgs' with build type 'ament_cmake'
[0.662s] INFO:colcon.colcon_cmake.task.cmake.build:Building CMake package in '/home/nambiar/ublox_ws/src/ros2-ublox-zedf9p/ublox_msgs'
[0.663s] INFO:colcon.colcon_core.shell:Skip shell extension 'powershell' for command environment: Not usable outside of PowerShell
[0.663s] DEBUG:colcon.colcon_core.shell:Skip shell extension 'dsv' for command environment
[0.675s] DEBUG:colcon.colcon_core.event_handler.log_command:Invoking command in '/home/nambiar/ublox_ws/build/ublox_msgs': CMAKE_PREFIX_PATH=/home/nambiar/ublox_ws/install/ublox_serialization:/home/nambiar/ublox_ws/install/ublox:/home/nambiar/ublox_ws/install/ublox_gps:/home/nambiar/ublox_ws/install/ublox_msgs:/opt/ros/humble /usr/bin/cmake --build /home/nambiar/ublox_ws/build/ublox_msgs -- -j12 -l12
[1.226s] DEBUG:colcon.colcon_core.event_handler.log_command:Invoked command in '/home/nambiar/ublox_ws/build/ublox_msgs' returned '0': CMAKE_PREFIX_PATH=/home/nambiar/ublox_ws/install/ublox_serialization:/home/nambiar/ublox_ws/install/ublox:/home/nambiar/ublox_ws/install/ublox_gps:/home/nambiar/ublox_ws/install/ublox_msgs:/opt/ros/humble /usr/bin/cmake --build /home/nambiar/ublox_ws/build/ublox_msgs -- -j12 -l12
[4.510s] DEBUG:colcon.colcon_core.event_handler.log_command:Invoking command in '/home/nambiar/ublox_ws/build/ublox_msgs': CMAKE_PREFIX_PATH=/home/nambiar/ublox_ws/install/ublox_serialization:/home/nambiar/ublox_ws/install/ublox:/home/nambiar/ublox_ws/install/ublox_gps:/home/nambiar/ublox_ws/install/ublox_msgs:/opt/ros/humble /usr/bin/cmake --install /home/nambiar/ublox_ws/build/ublox_msgs
[4.674s] Level 1:colcon.colcon_core.environment:create_environment_scripts_only(ublox_msgs)
[4.675s] Level 1:colcon.colcon_core.environment:checking '/home/nambiar/ublox_ws/install/ublox_msgs' for CMake module files
[4.676s] DEBUG:colcon.colcon_core.event_handler.log_command:Invoked command in '/home/nambiar/ublox_ws/build/ublox_msgs' returned '0': CMAKE_PREFIX_PATH=/home/nambiar/ublox_ws/install/ublox_serialization:/home/nambiar/ublox_ws/install/ublox:/home/nambiar/ublox_ws/install/ublox_gps:/home/nambiar/ublox_ws/install/ublox_msgs:/opt/ros/humble /usr/bin/cmake --install /home/nambiar/ublox_ws/build/ublox_msgs
[4.677s] Level 1:colcon.colcon_core.environment:checking '/home/nambiar/ublox_ws/install/ublox_msgs' for CMake config files
[4.678s] Level 1:colcon.colcon_core.shell:create_environment_hook('ublox_msgs', 'cmake_prefix_path')
[4.679s] INFO:colcon.colcon_core.shell:Creating environment hook '/home/nambiar/ublox_ws/install/ublox_msgs/share/ublox_msgs/hook/cmake_prefix_path.ps1'
[4.679s] INFO:colcon.colcon_core.shell:Creating environment descriptor '/home/nambiar/ublox_ws/install/ublox_msgs/share/ublox_msgs/hook/cmake_prefix_path.dsv'
[4.679s] INFO:colcon.colcon_core.shell:Creating environment hook '/home/nambiar/ublox_ws/install/ublox_msgs/share/ublox_msgs/hook/cmake_prefix_path.sh'
[4.680s] Level 1:colcon.colcon_core.environment:checking '/home/nambiar/ublox_ws/install/ublox_msgs/lib'
[4.680s] Level 1:colcon.colcon_core.shell:create_environment_hook('ublox_msgs', 'ld_library_path_lib')
[4.681s] INFO:colcon.colcon_core.shell:Creating environment hook '/home/nambiar/ublox_ws/install/ublox_msgs/share/ublox_msgs/hook/ld_library_path_lib.ps1'
[4.681s] INFO:colcon.colcon_core.shell:Creating environment descriptor '/home/nambiar/ublox_ws/install/ublox_msgs/share/ublox_msgs/hook/ld_library_path_lib.dsv'
[4.681s] INFO:colcon.colcon_core.shell:Creating environment hook '/home/nambiar/ublox_ws/install/ublox_msgs/share/ublox_msgs/hook/ld_library_path_lib.sh'
[4.682s] Level 1:colcon.colcon_core.environment:checking '/home/nambiar/ublox_ws/install/ublox_msgs/bin'
[4.682s] Level 1:colcon.colcon_core.environment:checking '/home/nambiar/ublox_ws/install/ublox_msgs/lib/pkgconfig/ublox_msgs.pc'
[4.682s] Level 1:colcon.colcon_core.environment:checking '/home/nambiar/ublox_ws/install/ublox_msgs/lib/python3.10/site-packages'
[4.682s] Level 1:colcon.colcon_core.environment:checking '/home/nambiar/ublox_ws/install/ublox_msgs/bin'
[4.683s] INFO:colcon.colcon_core.shell:Creating package script '/home/nambiar/ublox_ws/install/ublox_msgs/share/ublox_msgs/package.ps1'
[4.683s] INFO:colcon.colcon_core.shell:Creating package descriptor '/home/nambiar/ublox_ws/install/ublox_msgs/share/ublox_msgs/package.dsv'
[4.684s] INFO:colcon.colcon_core.shell:Creating package script '/home/nambiar/ublox_ws/install/ublox_msgs/share/ublox_msgs/package.sh'
[4.684s] INFO:colcon.colcon_core.shell:Creating package script '/home/nambiar/ublox_ws/install/ublox_msgs/share/ublox_msgs/package.bash'
[4.685s] INFO:colcon.colcon_core.shell:Creating package script '/home/nambiar/ublox_ws/install/ublox_msgs/share/ublox_msgs/package.zsh'
[4.685s] Level 1:colcon.colcon_core.environment:create_file_with_runtime_dependencies(/home/nambiar/ublox_ws/install/ublox_msgs/share/colcon-core/packages/ublox_msgs)
[7.982s] Level 1:colcon.colcon_core.environment:create_environment_scripts_only(ublox_msgs)
[7.982s] Level 1:colcon.colcon_core.environment:checking '/home/nambiar/ublox_ws/install/ublox_msgs' for CMake module files
[7.983s] Level 1:colcon.colcon_core.environment:checking '/home/nambiar/ublox_ws/install/ublox_msgs' for CMake config files
[7.985s] Level 1:colcon.colcon_core.shell:create_environment_hook('ublox_msgs', 'cmake_prefix_path')
[7.985s] INFO:colcon.colcon_core.shell:Creating environment hook '/home/nambiar/ublox_ws/install/ublox_msgs/share/ublox_msgs/hook/cmake_prefix_path.ps1'
[7.986s] INFO:colcon.colcon_core.shell:Creating environment descriptor '/home/nambiar/ublox_ws/install/ublox_msgs/share/ublox_msgs/hook/cmake_prefix_path.dsv'
[7.986s] INFO:colcon.colcon_core.shell:Creating environment hook '/home/nambiar/ublox_ws/install/ublox_msgs/share/ublox_msgs/hook/cmake_prefix_path.sh'
[7.987s] Level 1:colcon.colcon_core.environment:checking '/home/nambiar/ublox_ws/install/ublox_msgs/lib'
[7.987s] Level 1:colcon.colcon_core.shell:create_environment_hook('ublox_msgs', 'ld_library_path_lib')
[7.987s] INFO:colcon.colcon_core.shell:Creating environment hook '/home/nambiar/ublox_ws/install/ublox_msgs/share/ublox_msgs/hook/ld_library_path_lib.ps1'
[7.987s] INFO:colcon.colcon_core.shell:Creating environment descriptor '/home/nambiar/ublox_ws/install/ublox_msgs/share/ublox_msgs/hook/ld_library_path_lib.dsv'
[7.988s] INFO:colcon.colcon_core.shell:Creating environment hook '/home/nambiar/ublox_ws/install/ublox_msgs/share/ublox_msgs/hook/ld_library_path_lib.sh'
[7.988s] Level 1:colcon.colcon_core.environment:checking '/home/nambiar/ublox_ws/install/ublox_msgs/bin'
[7.988s] Level 1:colcon.colcon_core.environment:checking '/home/nambiar/ublox_ws/install/ublox_msgs/lib/pkgconfig/ublox_msgs.pc'
[7.989s] Level 1:colcon.colcon_core.environment:checking '/home/nambiar/ublox_ws/install/ublox_msgs/lib/python3.10/site-packages'
[7.989s] Level 1:colcon.colcon_core.environment:checking '/home/nambiar/ublox_ws/install/ublox_msgs/bin'
[7.989s] INFO:colcon.colcon_core.shell:Creating package script '/home/nambiar/ublox_ws/install/ublox_msgs/share/ublox_msgs/package.ps1'
[7.990s] INFO:colcon.colcon_core.shell:Creating package descriptor '/home/nambiar/ublox_ws/install/ublox_msgs/share/ublox_msgs/package.dsv'
[7.990s] INFO:colcon.colcon_core.shell:Creating package script '/home/nambiar/ublox_ws/install/ublox_msgs/share/ublox_msgs/package.sh'
[7.991s] INFO:colcon.colcon_core.shell:Creating package script '/home/nambiar/ublox_ws/install/ublox_msgs/share/ublox_msgs/package.bash'
[7.991s] INFO:colcon.colcon_core.shell:Creating package script '/home/nambiar/ublox_ws/install/ublox_msgs/share/ublox_msgs/package.zsh'
[7.992s] Level 1:colcon.colcon_core.environment:create_file_with_runtime_dependencies(/home/nambiar/ublox_ws/install/ublox_msgs/share/colcon-core/packages/ublox_msgs)
[7.992s] INFO:colcon.colcon_ros.task.ament_cmake.build:Building ROS package in '/home/nambiar/ublox_ws/src/ros2-ublox-zedf9p/ublox_gps' with build type 'ament_cmake'
[7.992s] INFO:colcon.colcon_cmake.task.cmake.build:Building CMake package in '/home/nambiar/ublox_ws/src/ros2-ublox-zedf9p/ublox_gps'
[7.992s] INFO:colcon.colcon_core.shell:Skip shell extension 'powershell' for command environment: Not usable outside of PowerShell
[7.992s] DEBUG:colcon.colcon_core.shell:Skip shell extension 'dsv' for command environment
[8.008s] DEBUG:colcon.colcon_core.event_handler.log_command:Invoking command in '/home/nambiar/ublox_ws/build/ublox_gps': CMAKE_PREFIX_PATH=/home/nambiar/ublox_ws/install/ublox_msgs:/home/nambiar/ublox_ws/install/ublox_serialization:/home/nambiar/ublox_ws/install/ublox:/home/nambiar/ublox_ws/install/ublox_gps:/opt/ros/humble LD_LIBRARY_PATH=/home/nambiar/ublox_ws/install/ublox_msgs/lib:/home/nambiar/ublox_ws/install/ublox_gps/lib:/opt/ros/humble/opt/rviz_ogre_vendor/lib:/opt/ros/humble/lib/x86_64-linux-gnu:/opt/ros/humble/lib:/opt/openfoam11/thirdparty/platforms/linux64Gcc/gperftools-svn/lib:/opt/openfoam11/platforms/linux64GccDPInt32Opt/lib/openmpi-system:/opt/openfoam11/thirdparty/platforms/linux64GccDPInt32/lib/openmpi-system:/usr/lib/x86_64-linux-gnu/openmpi/lib:/home/nambiar/OpenFOAM/nambiar-11/platforms/linux64GccDPInt32Opt/lib:/opt/site/11/platforms/linux64GccDPInt32Opt/lib:/opt/openfoam11/platforms/linux64GccDPInt32Opt/lib:/opt/openfoam11/thirdparty/platforms/linux64GccDPInt32/lib:/opt/openfoam11/platforms/linux64GccDPInt32Opt/lib/dummy /usr/bin/cmake --build /home/nambiar/ublox_ws/build/ublox_gps -- -j12 -l12
[8.229s] DEBUG:colcon.colcon_core.event_handler.log_command:Invoked command in '/home/nambiar/ublox_ws/build/ublox_gps' returned '0': CMAKE_PREFIX_PATH=/home/nambiar/ublox_ws/install/ublox_msgs:/home/nambiar/ublox_ws/install/ublox_serialization:/home/nambiar/ublox_ws/install/ublox:/home/nambiar/ublox_ws/install/ublox_gps:/opt/ros/humble LD_LIBRARY_PATH=/home/nambiar/ublox_ws/install/ublox_msgs/lib:/home/nambiar/ublox_ws/install/ublox_gps/lib:/opt/ros/humble/opt/rviz_ogre_vendor/lib:/opt/ros/humble/lib/x86_64-linux-gnu:/opt/ros/humble/lib:/opt/openfoam11/thirdparty/platforms/linux64Gcc/gperftools-svn/lib:/opt/openfoam11/platforms/linux64GccDPInt32Opt/lib/openmpi-system:/opt/openfoam11/thirdparty/platforms/linux64GccDPInt32/lib/openmpi-system:/usr/lib/x86_64-linux-gnu/openmpi/lib:/home/nambiar/OpenFOAM/nambiar-11/platforms/linux64GccDPInt32Opt/lib:/opt/site/11/platforms/linux64GccDPInt32Opt/lib:/opt/openfoam11/platforms/linux64GccDPInt32Opt/lib:/opt/openfoam11/thirdparty/platforms/linux64GccDPInt32/lib:/opt/openfoam11/platforms/linux64GccDPInt32Opt/lib/dummy /usr/bin/cmake --build /home/nambiar/ublox_ws/build/ublox_gps -- -j12 -l12
[8.362s] DEBUG:colcon.colcon_core.event_handler.log_command:Invoking command in '/home/nambiar/ublox_ws/build/ublox_gps': CMAKE_PREFIX_PATH=/home/nambiar/ublox_ws/install/ublox_msgs:/home/nambiar/ublox_ws/install/ublox_serialization:/home/nambiar/ublox_ws/install/ublox:/home/nambiar/ublox_ws/install/ublox_gps:/opt/ros/humble LD_LIBRARY_PATH=/home/nambiar/ublox_ws/install/ublox_msgs/lib:/home/nambiar/ublox_ws/install/ublox_gps/lib:/opt/ros/humble/opt/rviz_ogre_vendor/lib:/opt/ros/humble/lib/x86_64-linux-gnu:/opt/ros/humble/lib:/opt/openfoam11/thirdparty/platforms/linux64Gcc/gperftools-svn/lib:/opt/openfoam11/platforms/linux64GccDPInt32Opt/lib/openmpi-system:/opt/openfoam11/thirdparty/platforms/linux64GccDPInt32/lib/openmpi-system:/usr/lib/x86_64-linux-gnu/openmpi/lib:/home/nambiar/OpenFOAM/nambiar-11/platforms/linux64GccDPInt32Opt/lib:/opt/site/11/platforms/linux64GccDPInt32Opt/lib:/opt/openfoam11/platforms/linux64GccDPInt32Opt/lib:/opt/openfoam11/thirdparty/platforms/linux64GccDPInt32/lib:/opt/openfoam11/platforms/linux64GccDPInt32Opt/lib/dummy /usr/bin/cmake --install /home/nambiar/ublox_ws/build/ublox_gps
[8.378s] Level 1:colcon.colcon_core.environment:create_environment_scripts_only(ublox_gps)
[8.378s] Level 1:colcon.colcon_core.environment:checking '/home/nambiar/ublox_ws/install/ublox_gps' for CMake module files
[8.379s] DEBUG:colcon.colcon_core.event_handler.log_command:Invoked command in '/home/nambiar/ublox_ws/build/ublox_gps' returned '0': CMAKE_PREFIX_PATH=/home/nambiar/ublox_ws/install/ublox_msgs:/home/nambiar/ublox_ws/install/ublox_serialization:/home/nambiar/ublox_ws/install/ublox:/home/nambiar/ublox_ws/install/ublox_gps:/opt/ros/humble LD_LIBRARY_PATH=/home/nambiar/ublox_ws/install/ublox_msgs/lib:/home/nambiar/ublox_ws/install/ublox_gps/lib:/opt/ros/humble/opt/rviz_ogre_vendor/lib:/opt/ros/humble/lib/x86_64-linux-gnu:/opt/ros/humble/lib:/opt/openfoam11/thirdparty/platforms/linux64Gcc/gperftools-svn/lib:/opt/openfoam11/platforms/linux64GccDPInt32Opt/lib/openmpi-system:/opt/openfoam11/thirdparty/platforms/linux64GccDPInt32/lib/openmpi-system:/usr/lib/x86_64-linux-gnu/openmpi/lib:/home/nambiar/OpenFOAM/nambiar-11/platforms/linux64GccDPInt32Opt/lib:/opt/site/11/platforms/linux64GccDPInt32Opt/lib:/opt/openfoam11/platforms/linux64GccDPInt32Opt/lib:/opt/openfoam11/thirdparty/platforms/linux64GccDPInt32/lib:/opt/openfoam11/platforms/linux64GccDPInt32Opt/lib/dummy /usr/bin/cmake --install /home/nambiar/ublox_ws/build/ublox_gps
[8.379s] Level 1:colcon.colcon_core.environment:checking '/home/nambiar/ublox_ws/install/ublox_gps' for CMake config files
[8.380s] Level 1:colcon.colcon_core.shell:create_environment_hook('ublox_gps', 'cmake_prefix_path')
[8.380s] INFO:colcon.colcon_core.shell:Creating environment hook '/home/nambiar/ublox_ws/install/ublox_gps/share/ublox_gps/hook/cmake_prefix_path.ps1'
[8.381s] INFO:colcon.colcon_core.shell:Creating environment descriptor '/home/nambiar/ublox_ws/install/ublox_gps/share/ublox_gps/hook/cmake_prefix_path.dsv'
[8.381s] INFO:colcon.colcon_core.shell:Creating environment hook '/home/nambiar/ublox_ws/install/ublox_gps/share/ublox_gps/hook/cmake_prefix_path.sh'
[8.382s] Level 1:colcon.colcon_core.environment:checking '/home/nambiar/ublox_ws/install/ublox_gps/lib'
[8.382s] Level 1:colcon.colcon_core.shell:create_environment_hook('ublox_gps', 'ld_library_path_lib')
[8.382s] INFO:colcon.colcon_core.shell:Creating environment hook '/home/nambiar/ublox_ws/install/ublox_gps/share/ublox_gps/hook/ld_library_path_lib.ps1'
[8.382s] INFO:colcon.colcon_core.shell:Creating environment descriptor '/home/nambiar/ublox_ws/install/ublox_gps/share/ublox_gps/hook/ld_library_path_lib.dsv'
[8.383s] INFO:colcon.colcon_core.shell:Creating environment hook '/home/nambiar/ublox_ws/install/ublox_gps/share/ublox_gps/hook/ld_library_path_lib.sh'
[8.383s] Level 1:colcon.colcon_core.environment:checking '/home/nambiar/ublox_ws/install/ublox_gps/bin'
[8.383s] Level 1:colcon.colcon_core.environment:checking '/home/nambiar/ublox_ws/install/ublox_gps/lib/pkgconfig/ublox_gps.pc'
[8.383s] Level 1:colcon.colcon_core.environment:checking '/home/nambiar/ublox_ws/install/ublox_gps/lib/python3.10/site-packages'
[8.384s] Level 1:colcon.colcon_core.environment:checking '/home/nambiar/ublox_ws/install/ublox_gps/bin'
[8.384s] INFO:colcon.colcon_core.shell:Creating package script '/home/nambiar/ublox_ws/install/ublox_gps/share/ublox_gps/package.ps1'
[8.384s] INFO:colcon.colcon_core.shell:Creating package descriptor '/home/nambiar/ublox_ws/install/ublox_gps/share/ublox_gps/package.dsv'
[8.385s] INFO:colcon.colcon_core.shell:Creating package script '/home/nambiar/ublox_ws/install/ublox_gps/share/ublox_gps/package.sh'
[8.386s] INFO:colcon.colcon_core.shell:Creating package script '/home/nambiar/ublox_ws/install/ublox_gps/share/ublox_gps/package.bash'
[8.386s] INFO:colcon.colcon_core.shell:Creating package script '/home/nambiar/ublox_ws/install/ublox_gps/share/ublox_gps/package.zsh'
[8.386s] Level 1:colcon.colcon_core.environment:create_file_with_runtime_dependencies(/home/nambiar/ublox_ws/install/ublox_gps/share/colcon-core/packages/ublox_gps)
[8.523s] Level 1:colcon.colcon_core.environment:create_environment_scripts_only(ublox_gps)
[8.523s] Level 1:colcon.colcon_core.environment:checking '/home/nambiar/ublox_ws/install/ublox_gps' for CMake module files
[8.524s] Level 1:colcon.colcon_core.environment:checking '/home/nambiar/ublox_ws/install/ublox_gps' for CMake config files
[8.524s] Level 1:colcon.colcon_core.shell:create_environment_hook('ublox_gps', 'cmake_prefix_path')
[8.524s] INFO:colcon.colcon_core.shell:Creating environment hook '/home/nambiar/ublox_ws/install/ublox_gps/share/ublox_gps/hook/cmake_prefix_path.ps1'
[8.525s] INFO:colcon.colcon_core.shell:Creating environment descriptor '/home/nambiar/ublox_ws/install/ublox_gps/share/ublox_gps/hook/cmake_prefix_path.dsv'
[8.525s] INFO:colcon.colcon_core.shell:Creating environment hook '/home/nambiar/ublox_ws/install/ublox_gps/share/ublox_gps/hook/cmake_prefix_path.sh'
[8.526s] Level 1:colcon.colcon_core.environment:checking '/home/nambiar/ublox_ws/install/ublox_gps/lib'
[8.526s] Level 1:colcon.colcon_core.shell:create_environment_hook('ublox_gps', 'ld_library_path_lib')
[8.526s] INFO:colcon.colcon_core.shell:Creating environment hook '/home/nambiar/ublox_ws/install/ublox_gps/share/ublox_gps/hook/ld_library_path_lib.ps1'
[8.527s] INFO:colcon.colcon_core.shell:Creating environment descriptor '/home/nambiar/ublox_ws/install/ublox_gps/share/ublox_gps/hook/ld_library_path_lib.dsv'
[8.527s] INFO:colcon.colcon_core.shell:Creating environment hook '/home/nambiar/ublox_ws/install/ublox_gps/share/ublox_gps/hook/ld_library_path_lib.sh'
[8.528s] Level 1:colcon.colcon_core.environment:checking '/home/nambiar/ublox_ws/install/ublox_gps/bin'
[8.528s] Level 1:colcon.colcon_core.environment:checking '/home/nambiar/ublox_ws/install/ublox_gps/lib/pkgconfig/ublox_gps.pc'
[8.528s] Level 1:colcon.colcon_core.environment:checking '/home/nambiar/ublox_ws/install/ublox_gps/lib/python3.10/site-packages'
[8.528s] Level 1:colcon.colcon_core.environment:checking '/home/nambiar/ublox_ws/install/ublox_gps/bin'
[8.529s] INFO:colcon.colcon_core.shell:Creating package script '/home/nambiar/ublox_ws/install/ublox_gps/share/ublox_gps/package.ps1'
[8.529s] INFO:colcon.colcon_core.shell:Creating package descriptor '/home/nambiar/ublox_ws/install/ublox_gps/share/ublox_gps/package.dsv'
[8.530s] INFO:colcon.colcon_core.shell:Creating package script '/home/nambiar/ublox_ws/install/ublox_gps/share/ublox_gps/package.sh'
[8.530s] INFO:colcon.colcon_core.shell:Creating package script '/home/nambiar/ublox_ws/install/ublox_gps/share/ublox_gps/package.bash'
[8.531s] INFO:colcon.colcon_core.shell:Creating package script '/home/nambiar/ublox_ws/install/ublox_gps/share/ublox_gps/package.zsh'
[8.531s] Level 1:colcon.colcon_core.environment:create_file_with_runtime_dependencies(/home/nambiar/ublox_ws/install/ublox_gps/share/colcon-core/packages/ublox_gps)
[8.532s] INFO:colcon.colcon_ros.task.ament_cmake.build:Building ROS package in '/home/nambiar/ublox_ws/src/ros2-ublox-zedf9p/ublox' with build type 'ament_cmake'
[8.532s] INFO:colcon.colcon_cmake.task.cmake.build:Building CMake package in '/home/nambiar/ublox_ws/src/ros2-ublox-zedf9p/ublox'
[8.532s] INFO:colcon.colcon_core.shell:Skip shell extension 'powershell' for command environment: Not usable outside of PowerShell
[8.532s] DEBUG:colcon.colcon_core.shell:Skip shell extension 'dsv' for command environment
[8.550s] DEBUG:colcon.colcon_core.event_handler.log_command:Invoking command in '/home/nambiar/ublox_ws/build/ublox': CMAKE_PREFIX_PATH=/home/nambiar/ublox_ws/install/ublox_gps:/home/nambiar/ublox_ws/install/ublox_msgs:/home/nambiar/ublox_ws/install/ublox_serialization:/home/nambiar/ublox_ws/install/ublox:/opt/ros/humble /usr/bin/cmake --build /home/nambiar/ublox_ws/build/ublox -- -j12 -l12
[8.601s] DEBUG:colcon.colcon_core.event_handler.log_command:Invoked command in '/home/nambiar/ublox_ws/build/ublox' returned '0': CMAKE_PREFIX_PATH=/home/nambiar/ublox_ws/install/ublox_gps:/home/nambiar/ublox_ws/install/ublox_msgs:/home/nambiar/ublox_ws/install/ublox_serialization:/home/nambiar/ublox_ws/install/ublox:/opt/ros/humble /usr/bin/cmake --build /home/nambiar/ublox_ws/build/ublox -- -j12 -l12
[8.639s] DEBUG:colcon.colcon_core.event_handler.log_command:Invoking command in '/home/nambiar/ublox_ws/build/ublox': CMAKE_PREFIX_PATH=/home/nambiar/ublox_ws/install/ublox_gps:/home/nambiar/ublox_ws/install/ublox_msgs:/home/nambiar/ublox_ws/install/ublox_serialization:/home/nambiar/ublox_ws/install/ublox:/opt/ros/humble /usr/bin/cmake --install /home/nambiar/ublox_ws/build/ublox
[8.651s] Level 1:colcon.colcon_core.environment:create_environment_scripts_only(ublox)
[8.652s] Level 1:colcon.colcon_core.environment:checking '/home/nambiar/ublox_ws/install/ublox' for CMake module files
[8.652s] DEBUG:colcon.colcon_core.event_handler.log_command:Invoked command in '/home/nambiar/ublox_ws/build/ublox' returned '0': CMAKE_PREFIX_PATH=/home/nambiar/ublox_ws/install/ublox_gps:/home/nambiar/ublox_ws/install/ublox_msgs:/home/nambiar/ublox_ws/install/ublox_serialization:/home/nambiar/ublox_ws/install/ublox:/opt/ros/humble /usr/bin/cmake --install /home/nambiar/ublox_ws/build/ublox
[8.653s] Level 1:colcon.colcon_core.environment:checking '/home/nambiar/ublox_ws/install/ublox' for CMake config files
[8.653s] Level 1:colcon.colcon_core.shell:create_environment_hook('ublox', 'cmake_prefix_path')
[8.653s] INFO:colcon.colcon_core.shell:Creating environment hook '/home/nambiar/ublox_ws/install/ublox/share/ublox/hook/cmake_prefix_path.ps1'
[8.654s] INFO:colcon.colcon_core.shell:Creating environment descriptor '/home/nambiar/ublox_ws/install/ublox/share/ublox/hook/cmake_prefix_path.dsv'
[8.654s] INFO:colcon.colcon_core.shell:Creating environment hook '/home/nambiar/ublox_ws/install/ublox/share/ublox/hook/cmake_prefix_path.sh'
[8.655s] Level 1:colcon.colcon_core.environment:checking '/home/nambiar/ublox_ws/install/ublox/bin'
[8.655s] Level 1:colcon.colcon_core.environment:checking '/home/nambiar/ublox_ws/install/ublox/lib/pkgconfig/ublox.pc'
[8.655s] Level 1:colcon.colcon_core.environment:checking '/home/nambiar/ublox_ws/install/ublox/lib/python3.10/site-packages'
[8.655s] Level 1:colcon.colcon_core.environment:checking '/home/nambiar/ublox_ws/install/ublox/bin'
[8.655s] INFO:colcon.colcon_core.shell:Creating package script '/home/nambiar/ublox_ws/install/ublox/share/ublox/package.ps1'
[8.656s] INFO:colcon.colcon_core.shell:Creating package descriptor '/home/nambiar/ublox_ws/install/ublox/share/ublox/package.dsv'
[8.656s] INFO:colcon.colcon_core.shell:Creating package script '/home/nambiar/ublox_ws/install/ublox/share/ublox/package.sh'
[8.657s] INFO:colcon.colcon_core.shell:Creating package script '/home/nambiar/ublox_ws/install/ublox/share/ublox/package.bash'
[8.657s] INFO:colcon.colcon_core.shell:Creating package script '/home/nambiar/ublox_ws/install/ublox/share/ublox/package.zsh'
[8.658s] Level 1:colcon.colcon_core.environment:create_file_with_runtime_dependencies(/home/nambiar/ublox_ws/install/ublox/share/colcon-core/packages/ublox)
[8.694s] Level 1:colcon.colcon_core.environment:create_environment_scripts_only(ublox)
[8.695s] Level 1:colcon.colcon_core.environment:checking '/home/nambiar/ublox_ws/install/ublox' for CMake module files
[8.695s] Level 1:colcon.colcon_core.environment:checking '/home/nambiar/ublox_ws/install/ublox' for CMake config files
[8.696s] Level 1:colcon.colcon_core.shell:create_environment_hook('ublox', 'cmake_prefix_path')
[8.696s] INFO:colcon.colcon_core.shell:Creating environment hook '/home/nambiar/ublox_ws/install/ublox/share/ublox/hook/cmake_prefix_path.ps1'
[8.696s] INFO:colcon.colcon_core.shell:Creating environment descriptor '/home/nambiar/ublox_ws/install/ublox/share/ublox/hook/cmake_prefix_path.dsv'
[8.697s] INFO:colcon.colcon_core.shell:Creating environment hook '/home/nambiar/ublox_ws/install/ublox/share/ublox/hook/cmake_prefix_path.sh'
[8.697s] Level 1:colcon.colcon_core.environment:checking '/home/nambiar/ublox_ws/install/ublox/bin'
[8.698s] Level 1:colcon.colcon_core.environment:checking '/home/nambiar/ublox_ws/install/ublox/lib/pkgconfig/ublox.pc'
[8.698s] Level 1:colcon.colcon_core.environment:checking '/home/nambiar/ublox_ws/install/ublox/lib/python3.10/site-packages'
[8.698s] Level 1:colcon.colcon_core.environment:checking '/home/nambiar/ublox_ws/install/ublox/bin'
[8.698s] INFO:colcon.colcon_core.shell:Creating package script '/home/nambiar/ublox_ws/install/ublox/share/ublox/package.ps1'
[8.699s] INFO:colcon.colcon_core.shell:Creating package descriptor '/home/nambiar/ublox_ws/install/ublox/share/ublox/package.dsv'
[8.699s] INFO:colcon.colcon_core.shell:Creating package script '/home/nambiar/ublox_ws/install/ublox/share/ublox/package.sh'
[8.700s] INFO:colcon.colcon_core.shell:Creating package script '/home/nambiar/ublox_ws/install/ublox/share/ublox/package.bash'
[8.700s] INFO:colcon.colcon_core.shell:Creating package script '/home/nambiar/ublox_ws/install/ublox/share/ublox/package.zsh'
[8.701s] Level 1:colcon.colcon_core.environment:create_file_with_runtime_dependencies(/home/nambiar/ublox_ws/install/ublox/share/colcon-core/packages/ublox)
[8.701s] DEBUG:colcon.colcon_parallel_executor.executor.parallel:closing loop
[8.701s] DEBUG:colcon.colcon_parallel_executor.executor.parallel:loop closed
[8.701s] DEBUG:colcon.colcon_parallel_executor.executor.parallel:run_until_complete finished with '0'
[8.701s] DEBUG:colcon.colcon_core.event_reactor:joining thread
[8.708s] INFO:colcon.colcon_core.plugin_system:Skipping extension 'colcon_notification.desktop_notification.terminal_notifier': Not used on non-Darwin systems
[8.708s] INFO:colcon.colcon_core.plugin_system:Skipping extension 'colcon_notification.desktop_notification.win32': Not used on non-Windows systems
[8.708s] INFO:colcon.colcon_notification.desktop_notification:Sending desktop notification using 'notify2'
[8.720s] DEBUG:colcon.colcon_core.event_reactor:joined thread
[8.721s] INFO:colcon.colcon_core.shell:Creating prefix script '/home/nambiar/ublox_ws/install/local_setup.ps1'
[8.722s] INFO:colcon.colcon_core.shell:Creating prefix util module '/home/nambiar/ublox_ws/install/_local_setup_util_ps1.py'
[8.724s] INFO:colcon.colcon_core.shell:Creating prefix chain script '/home/nambiar/ublox_ws/install/setup.ps1'
[8.725s] INFO:colcon.colcon_core.shell:Creating prefix script '/home/nambiar/ublox_ws/install/local_setup.sh'
[8.726s] INFO:colcon.colcon_core.shell:Creating prefix util module '/home/nambiar/ublox_ws/install/_local_setup_util_sh.py'
[8.726s] INFO:colcon.colcon_core.shell:Creating prefix chain script '/home/nambiar/ublox_ws/install/setup.sh'
[8.727s] INFO:colcon.colcon_core.shell:Creating prefix script '/home/nambiar/ublox_ws/install/local_setup.bash'
[8.728s] INFO:colcon.colcon_core.shell:Creating prefix chain script '/home/nambiar/ublox_ws/install/setup.bash'
[8.729s] INFO:colcon.colcon_core.shell:Creating prefix script '/home/nambiar/ublox_ws/install/local_setup.zsh'
[8.730s] INFO:colcon.colcon_core.shell:Creating prefix chain script '/home/nambiar/ublox_ws/install/setup.zsh'
