[0.013s] Invoking command in '/home/nambiar/ublox_ws/build/ublox_gps': AMENT_PREFIX_PATH=/home/nambiar/ublox_ws/install/ublox_msgs:/home/nambiar/ublox_ws/install/ublox_serialization:${AMENT_PREFIX_PATH} CMAKE_PREFIX_PATH=/home/nambiar/ublox_ws/install/ublox_msgs:/home/nambiar/ublox_ws/install/ublox_serialization:/opt/ros/humble LD_LIBRARY_PATH=/home/nambiar/ublox_ws/install/ublox_msgs/lib:${LD_LIBRARY_PATH} PYTHONPATH=/home/nambiar/ublox_ws/install/ublox_msgs/local/lib/python3.10/dist-packages:${PYTHONPATH} /usr/bin/cmake /home/nambiar/ublox_ws/src/ros2-ublox-zedf9p/ublox_gps -DCMAKE_INSTALL_PREFIX=/home/nambiar/ublox_ws/install/ublox_gps
[0.028s] -- Found ament_cmake_ros: 0.10.0 (/opt/ros/humble/share/ament_cmake_ros/cmake)
[0.172s] -- Found asio: /usr/include  
[0.174s] -- Found diagnostic_msgs: 4.2.4 (/opt/ros/humble/share/diagnostic_msgs/cmake)
[0.218s] -- Found rosidl_generator_c: 3.1.5 (/opt/ros/humble/share/rosidl_generator_c/cmake)
[0.224s] -- Found rosidl_adapter: 3.1.5 (/opt/ros/humble/share/rosidl_adapter/cmake)
[0.234s] -- Found rosidl_generator_cpp: 3.1.5 (/opt/ros/humble/share/rosidl_generator_cpp/cmake)
[0.247s] -- Using all available rosidl_typesupport_c: rosidl_typesupport_fastrtps_c;rosidl_typesupport_introspection_c
[0.265s] -- Using all available rosidl_typesupport_cpp: rosidl_typesupport_fastrtps_cpp;rosidl_typesupport_introspection_cpp
[0.333s] [31mCMake Error at CMakeLists.txt:18 (find_package):
[0.333s]   By not providing "Finddiagnostic_updater.cmake" in CMAKE_MODULE_PATH this
[0.334s]   project has asked CMake to find a package configuration file provided by
[0.334s]   "diagnostic_updater", but CMake did not find one.
[0.334s] 
[0.334s]   Could not find a package configuration file provided by
[0.334s]   "diagnostic_updater" with any of the following names:
[0.334s] 
[0.334s]     diagnostic_updaterConfig.cmake
[0.334s]     diagnostic_updater-config.cmake
[0.334s] 
[0.334s]   Add the installation prefix of "diagnostic_updater" to CMAKE_PREFIX_PATH or
[0.334s]   set "diagnostic_updater_DIR" to a directory containing one of the above
[0.334s]   files.  If "diagnostic_updater" provides a separate development package or
[0.334s]   SDK, be sure it has been installed.
[0.334s] 
[0.334s] [0m
[0.335s] -- Configuring incomplete, errors occurred!
[0.335s] See also "/home/nambiar/ublox_ws/build/ublox_gps/CMakeFiles/CMakeOutput.log".
[0.339s] Invoked command in '/home/nambiar/ublox_ws/build/ublox_gps' returned '1': AMENT_PREFIX_PATH=/home/nambiar/ublox_ws/install/ublox_msgs:/home/nambiar/ublox_ws/install/ublox_serialization:${AMENT_PREFIX_PATH} CMAKE_PREFIX_PATH=/home/nambiar/ublox_ws/install/ublox_msgs:/home/nambiar/ublox_ws/install/ublox_serialization:/opt/ros/humble LD_LIBRARY_PATH=/home/nambiar/ublox_ws/install/ublox_msgs/lib:${LD_LIBRARY_PATH} PYTHONPATH=/home/nambiar/ublox_ws/install/ublox_msgs/local/lib/python3.10/dist-packages:${PYTHONPATH} /usr/bin/cmake /home/nambiar/ublox_ws/src/ros2-ublox-zedf9p/ublox_gps -DCMAKE_INSTALL_PREFIX=/home/nambiar/ublox_ws/install/ublox_gps
